[17:34:04.408] Global cache location '/home/cosmic/.cache/typescript/4.7', safe file path '/usr/local/lib/node_modules/typescript/lib/typingSafeList.json', types map path /usr/local/lib/node_modules/typescript/lib/typesMap.json
[17:34:04.409] Processing cache location '/home/cosmic/.cache/typescript/4.7'
[17:34:04.409] Trying to find '/home/cosmic/.cache/typescript/4.7/package.json'...
[17:34:04.516] Loaded content of '/home/cosmic/.cache/typescript/4.7/package.json': {"private":true,"dependencies":{"types-registry":"^0.1.613"},"devDependencies":{"@types/bcrypt":"^5.0.0","@types/body-parser":"^1.19.2","@types/co":"^4.6.3","@types/cors":"^2.8.12","@types/express":"^4.17.14","@types/merge-descriptors":"^1.0.1","@types/multer":"^1.4.7","@types/nodemon":"^1.19.2","@types/nopt":"^3.0.29","@types/npmlog":"^4.1.4","@types/react":"^18.0.15","@types/react-dom":"^18.0.6","@types/serve-static":"^1.13.10","@types/styled-components":"^5.1.25"}}
[17:34:04.516] Loaded content of '/home/cosmic/.cache/typescript/4.7/package-lock.json'
[17:34:04.602] Adding entry into typings cache: 'bcrypt' => '/home/cosmic/.cache/typescript/4.7/node_modules/@types/bcrypt/index.d.ts'
[17:34:04.665] Adding entry into typings cache: 'body-parser' => '/home/cosmic/.cache/typescript/4.7/node_modules/@types/body-parser/index.d.ts'
[17:34:04.772] Adding entry into typings cache: 'co' => '/home/cosmic/.cache/typescript/4.7/node_modules/@types/co/index.d.ts'
[17:34:04.778] Adding entry into typings cache: 'cors' => '/home/cosmic/.cache/typescript/4.7/node_modules/@types/cors/index.d.ts'
[17:34:04.827] Adding entry into typings cache: 'express' => '/home/cosmic/.cache/typescript/4.7/node_modules/@types/express/index.d.ts'
[17:34:04.850] Adding entry into typings cache: 'merge-descriptors' => '/home/cosmic/.cache/typescript/4.7/node_modules/@types/merge-descriptors/index.d.ts'
[17:34:04.871] Adding entry into typings cache: 'multer' => '/home/cosmic/.cache/typescript/4.7/node_modules/@types/multer/index.d.ts'
[17:34:04.908] Adding entry into typings cache: 'nodemon' => '/home/cosmic/.cache/typescript/4.7/node_modules/@types/nodemon/index.d.ts'
[17:34:04.981] Adding entry into typings cache: 'nopt' => '/home/cosmic/.cache/typescript/4.7/node_modules/@types/nopt/index.d.ts'
[17:34:04.985] Adding entry into typings cache: 'npmlog' => '/home/cosmic/.cache/typescript/4.7/node_modules/@types/npmlog/index.d.ts'
[17:34:05.017] Adding entry into typings cache: 'react' => '/home/cosmic/.cache/typescript/4.7/node_modules/@types/react/index.d.ts'
[17:34:05.097] Adding entry into typings cache: 'react-dom' => '/home/cosmic/.cache/typescript/4.7/node_modules/@types/react-dom/index.d.ts'
[17:34:05.116] Adding entry into typings cache: 'serve-static' => '/home/cosmic/.cache/typescript/4.7/node_modules/@types/serve-static/index.d.ts'
[17:34:05.152] Adding entry into typings cache: 'styled-components' => '/home/cosmic/.cache/typescript/4.7/node_modules/@types/styled-components/index.d.ts'
[17:34:05.152] Finished processing cache location '/home/cosmic/.cache/typescript/4.7'
[17:34:05.152] Process id: 15543
[17:34:05.152] NPM location: /usr/local/bin/npm (explicit '--npmLocation' not  provided)
[17:34:05.153] validateDefaultNpmLocation: false
[17:34:05.153] Npm config file: /home/cosmic/.cache/typescript/4.7/package.json
[17:34:05.153] Updating types-registry npm package...
[17:34:05.153] Exec: /usr/local/bin/npm install --ignore-scripts types-registry@latest
[17:35:27.102]     Failed. stdout:
    stderr:
    npm ERR! code ENOTEMPTY
    npm ERR! syscall rename
npm ERR! path /home/cosmic/.cache/typescript/4.7/node_modules/types-registry
npm ERR! dest /home/cosmic/.cache/typescript/4.7/node_modules/.types-registry-4khi6kno
npm ERR! errno -39
npm ERR! ENOTEMPTY: directory not empty, rename '/home/cosmic/.cache/typescript/4.7/node_modules/types-registry' -> '/home/cosmic/.cache/typescript/4.7/node_modules/.types-registry-4khi6kno'

npm ERR! A complete log of this run can be found in:
npm ERR!     /home/cosmic/.npm/_logs/2022-10-18T16_34_13_838Z-debug-0.log

[17:35:27.119] Updated types-registry npm package
[17:35:27.189] Error when loading types registry file '/home/cosmic/.cache/typescript/4.7/node_modules/types-registry/index.json': Unexpected end of JSON input, SyntaxError: Unexpected end of JSON input
    at JSON.parse (<anonymous>)
    at loadTypesRegistryFile (/usr/local/lib/node_modules/typescript/lib/typingsInstaller.js:126326:40)
    at new NodeTypingsInstaller (/usr/local/lib/node_modules/typescript/lib/typingsInstaller.js:126374:43)
    at /usr/local/lib/node_modules/typescript/lib/typingsInstaller.js:126487:29
    at /usr/local/lib/node_modules/typescript/lib/typingsInstaller.js:126494:11
    at /usr/local/lib/node_modules/typescript/lib/typingsInstaller.js:126495:7
    at Object.<anonymous> (/usr/local/lib/node_modules/typescript/lib/typingsInstaller.js:126496:3)
    at Module._compile (node:internal/modules/cjs/loader:1126:14)
    at Object.Module._extensions..js (node:internal/modules/cjs/loader:1180:10)
    at Module.load (node:internal/modules/cjs/loader:1004:32)
[17:35:35.768] Got install request {"projectName":"/dev/null/inferredProject1*","fileNames":["/usr/local/lib/node_modules/typescript/lib/lib.es5.d.ts","/usr/local/lib/node_modules/typescript/lib/lib.es2015.d.ts","/usr/local/lib/node_modules/typescript/lib/lib.es2016.d.ts","/usr/local/lib/node_modules/typescript/lib/lib.dom.d.ts","/usr/local/lib/node_modules/typescript/lib/lib.dom.iterable.d.ts","/usr/local/lib/node_modules/typescript/lib/lib.webworker.importscripts.d.ts","/usr/local/lib/node_modules/typescript/lib/lib.scripthost.d.ts","/usr/local/lib/node_modules/typescript/lib/lib.es2015.core.d.ts","/usr/local/lib/node_modules/typescript/lib/lib.es2015.collection.d.ts","/usr/local/lib/node_modules/typescript/lib/lib.es2015.generator.d.ts","/usr/local/lib/node_modules/typescript/lib/lib.es2015.iterable.d.ts","/usr/local/lib/node_modules/typescript/lib/lib.es2015.promise.d.ts","/usr/local/lib/node_modules/typescript/lib/lib.es2015.proxy.d.ts","/usr/local/lib/node_modules/typescript/lib/lib.es2015.reflect.d.ts","/usr/local/lib/node_modules/typescript/lib/lib.es2015.symbol.d.ts","/usr/local/lib/node_modules/typescript/lib/lib.es2015.symbol.wellknown.d.ts","/usr/local/lib/node_modules/typescript/lib/lib.es2016.array.include.d.ts","/usr/local/lib/node_modules/typescript/lib/lib.es2016.full.d.ts","/home/cosmic/myprojects/my_website/src/projects_page/pro.js"],"compilerOptions":{"module":1,"target":3,"jsx":1,"allowJs":true,"allowSyntheticDefaultImports":true,"allowNonTsExtensions":true,"noEmitForJsFiles":true,"maxNodeModuleJsDepth":2},"typeAcquisition":{"enable":true,"include":[],"exclude":[]},"unresolvedImports":[],"projectRootPath":"/home/cosmic/myprojects/my_website/src/projects_page","kind":"discover"}
[17:35:35.893] Loaded safelist from types map file '/usr/local/lib/node_modules/typescript/lib/typesMap.json'
[17:35:35.893] Explicitly included types: []
[17:35:35.894] Inferred typings from unresolved imports: []
[17:35:35.894] Result: {"cachedTypingPaths":[],"newTypingNames":[],"filesToWatch":["/home/cosmic/myprojects/my_website/src/projects_page/bower_components","/home/cosmic/myprojects/my_website/src/projects_page/node_modules"]}
[17:35:35.894] Finished typings discovery: {"cachedTypingPaths":[],"newTypingNames":[],"filesToWatch":["/home/cosmic/myprojects/my_website/src/projects_page/bower_components","/home/cosmic/myprojects/my_website/src/projects_page/node_modules"]}
[17:35:35.895] DirectoryWatcher:: Added:: WatchInfo: /home/cosmic/myprojects/my_website/src/projects_page/bower_components
[17:35:35.895] DirectoryWatcher:: Added:: WatchInfo: /home/cosmic/myprojects/my_website/src/projects_page/bower_components 1 undefined Project: /dev/null/inferredProject1* watcher already invoked: false
[17:35:35.896] Elapsed:: 1.1824350003153086ms DirectoryWatcher:: Added:: WatchInfo: /home/cosmic/myprojects/my_website/src/projects_page/bower_components 1 undefined Project: /dev/null/inferredProject1* watcher already invoked: false
[17:35:35.896] DirectoryWatcher:: Added:: WatchInfo: /home/cosmic/myprojects/my_website/src/projects_page/node_modules
[17:35:35.896] DirectoryWatcher:: Added:: WatchInfo: /home/cosmic/myprojects/my_website/src/projects_page/node_modules 1 undefined Project: /dev/null/inferredProject1* watcher already invoked: false
[17:35:35.896] Elapsed:: 0.09677699953317642ms DirectoryWatcher:: Added:: WatchInfo: /home/cosmic/myprojects/my_website/src/projects_page/node_modules 1 undefined Project: /dev/null/inferredProject1* watcher already invoked: false
[17:35:35.897] Sending response:
    {"projectName":"/dev/null/inferredProject1*","typeAcquisition":{"enable":true,"include":[],"exclude":[]},"compilerOptions":{"module":1,"target":3,"jsx":1,"allowJs":true,"allowSyntheticDefaultImports":true,"allowNonTsExtensions":true,"noEmitForJsFiles":true,"maxNodeModuleJsDepth":2},"typings":[],"unresolvedImports":[],"kind":"action::set"}
[17:35:35.897] Response has been sent.
[17:35:35.897] No new typings were requested as a result of typings discovery
[17:44:30.949] Got install request {"projectName":"/dev/null/inferredProject2*","fileNames":["/usr/local/lib/node_modules/typescript/lib/lib.es5.d.ts","/usr/local/lib/node_modules/typescript/lib/lib.es2015.d.ts","/usr/local/lib/node_modules/typescript/lib/lib.es2016.d.ts","/usr/local/lib/node_modules/typescript/lib/lib.dom.d.ts","/usr/local/lib/node_modules/typescript/lib/lib.dom.iterable.d.ts","/usr/local/lib/node_modules/typescript/lib/lib.webworker.importscripts.d.ts","/usr/local/lib/node_modules/typescript/lib/lib.scripthost.d.ts","/usr/local/lib/node_modules/typescript/lib/lib.es2015.core.d.ts","/usr/local/lib/node_modules/typescript/lib/lib.es2015.collection.d.ts","/usr/local/lib/node_modules/typescript/lib/lib.es2015.generator.d.ts","/usr/local/lib/node_modules/typescript/lib/lib.es2015.iterable.d.ts","/usr/local/lib/node_modules/typescript/lib/lib.es2015.promise.d.ts","/usr/local/lib/node_modules/typescript/lib/lib.es2015.proxy.d.ts","/usr/local/lib/node_modules/typescript/lib/lib.es2015.reflect.d.ts","/usr/local/lib/node_modules/typescript/lib/lib.es2015.symbol.d.ts","/usr/local/lib/node_modules/typescript/lib/lib.es2015.symbol.wellknown.d.ts","/usr/local/lib/node_modules/typescript/lib/lib.es2016.array.include.d.ts","/usr/local/lib/node_modules/typescript/lib/lib.es2016.full.d.ts","/home/cosmic/myprojects/my_website/src/components/blogcard/bob.js","/home/cosmic/myprojects/my_website/src/components/blogcard/bob2.js","/home/cosmic/myprojects/my_website/src/body/about.js","/home/cosmic/myprojects/my_website/src/projects_page/pro.js","/home/cosmic/myprojects/my_website/src/services/services.js","/home/cosmic/myprojects/my_website/src/body/body.js"],"compilerOptions":{"module":1,"target":3,"jsx":1,"allowJs":true,"allowSyntheticDefaultImports":true,"allowNonTsExtensions":true,"noEmitForJsFiles":true,"maxNodeModuleJsDepth":2},"typeAcquisition":{"enable":true,"include":[],"exclude":[]},"unresolvedImports":[],"projectRootPath":"/home/cosmic/myprojects/my_website/src/body","kind":"discover"}
[17:44:30.975] Explicitly included types: []
[17:44:30.976] Inferred typings from unresolved imports: []
[17:44:30.976] Result: {"cachedTypingPaths":[],"newTypingNames":[],"filesToWatch":["/home/cosmic/myprojects/my_website/src/components/blogcard/bower_components","/home/cosmic/myprojects/my_website/src/components/blogcard/node_modules","/home/cosmic/myprojects/my_website/src/body/bower_components","/home/cosmic/myprojects/my_website/src/body/node_modules","/home/cosmic/myprojects/my_website/src/projects_page/bower_components","/home/cosmic/myprojects/my_website/src/projects_page/node_modules","/home/cosmic/myprojects/my_website/src/services/bower_components","/home/cosmic/myprojects/my_website/src/services/node_modules"]}
[17:44:30.976] Finished typings discovery: {"cachedTypingPaths":[],"newTypingNames":[],"filesToWatch":["/home/cosmic/myprojects/my_website/src/components/blogcard/bower_components","/home/cosmic/myprojects/my_website/src/components/blogcard/node_modules","/home/cosmic/myprojects/my_website/src/body/bower_components","/home/cosmic/myprojects/my_website/src/body/node_modules","/home/cosmic/myprojects/my_website/src/projects_page/bower_components","/home/cosmic/myprojects/my_website/src/projects_page/node_modules","/home/cosmic/myprojects/my_website/src/services/bower_components","/home/cosmic/myprojects/my_website/src/services/node_modules"]}
[17:44:30.976] DirectoryWatcher:: Added:: WatchInfo: /home/cosmic/myprojects/my_website/src/components/blogcard/bower_components
[17:44:30.976] DirectoryWatcher:: Added:: WatchInfo: /home/cosmic/myprojects/my_website/src/components/blogcard/bower_components 1 undefined Project: /dev/null/inferredProject2* watcher already invoked: false
[17:44:30.977] Elapsed:: 0.3100980017334223ms DirectoryWatcher:: Added:: WatchInfo: /home/cosmic/myprojects/my_website/src/components/blogcard/bower_components 1 undefined Project: /dev/null/inferredProject2* watcher already invoked: false
[17:44:30.977] DirectoryWatcher:: Added:: WatchInfo: /home/cosmic/myprojects/my_website/src/components/blogcard/node_modules
[17:44:30.977] DirectoryWatcher:: Added:: WatchInfo: /home/cosmic/myprojects/my_website/src/components/blogcard/node_modules 1 undefined Project: /dev/null/inferredProject2* watcher already invoked: false
[17:44:30.977] Elapsed:: 0.2115119993686676ms DirectoryWatcher:: Added:: WatchInfo: /home/cosmic/myprojects/my_website/src/components/blogcard/node_modules 1 undefined Project: /dev/null/inferredProject2* watcher already invoked: false
[17:44:30.978] DirectoryWatcher:: Added:: WatchInfo: /home/cosmic/myprojects/my_website/src/body/bower_components
[17:44:30.978] DirectoryWatcher:: Added:: WatchInfo: /home/cosmic/myprojects/my_website/src/body/bower_components 1 undefined Project: /dev/null/inferredProject2* watcher already invoked: false
[17:44:30.978] Elapsed:: 0.20219000056385994ms DirectoryWatcher:: Added:: WatchInfo: /home/cosmic/myprojects/my_website/src/body/bower_components 1 undefined Project: /dev/null/inferredProject2* watcher already invoked: false
[17:44:30.978] DirectoryWatcher:: Added:: WatchInfo: /home/cosmic/myprojects/my_website/src/body/node_modules
[17:44:30.978] DirectoryWatcher:: Added:: WatchInfo: /home/cosmic/myprojects/my_website/src/body/node_modules 1 undefined Project: /dev/null/inferredProject2* watcher already invoked: false
[17:44:30.978] Elapsed:: 0.18362100049853325ms DirectoryWatcher:: Added:: WatchInfo: /home/cosmic/myprojects/my_website/src/body/node_modules 1 undefined Project: /dev/null/inferredProject2* watcher already invoked: false
[17:44:30.978] DirectoryWatcher:: Added:: WatchInfo: /home/cosmic/myprojects/my_website/src/projects_page/bower_components
[17:44:30.979] DirectoryWatcher:: Added:: WatchInfo: /home/cosmic/myprojects/my_website/src/projects_page/bower_components 1 undefined Project: /dev/null/inferredProject2* watcher already invoked: false
[17:44:30.979] Elapsed:: 0.053231000900268555ms DirectoryWatcher:: Added:: WatchInfo: /home/cosmic/myprojects/my_website/src/projects_page/bower_components 1 undefined Project: /dev/null/inferredProject2* watcher already invoked: false
[17:44:30.979] DirectoryWatcher:: Added:: WatchInfo: /home/cosmic/myprojects/my_website/src/projects_page/node_modules
[17:44:30.979] DirectoryWatcher:: Added:: WatchInfo: /home/cosmic/myprojects/my_website/src/projects_page/node_modules 1 undefined Project: /dev/null/inferredProject2* watcher already invoked: false
[17:44:30.979] Elapsed:: 0.020261000841856003ms DirectoryWatcher:: Added:: WatchInfo: /home/cosmic/myprojects/my_website/src/projects_page/node_modules 1 undefined Project: /dev/null/inferredProject2* watcher already invoked: false
[17:44:30.979] DirectoryWatcher:: Added:: WatchInfo: /home/cosmic/myprojects/my_website/src/services/bower_components
[17:44:30.979] DirectoryWatcher:: Added:: WatchInfo: /home/cosmic/myprojects/my_website/src/services/bower_components 1 undefined Project: /dev/null/inferredProject2* watcher already invoked: false
[17:44:30.979] Elapsed:: 0.2915669996291399ms DirectoryWatcher:: Added:: WatchInfo: /home/cosmic/myprojects/my_website/src/services/bower_components 1 undefined Project: /dev/null/inferredProject2* watcher already invoked: false
[17:44:30.980] DirectoryWatcher:: Added:: WatchInfo: /home/cosmic/myprojects/my_website/src/services/node_modules
[17:44:30.980] DirectoryWatcher:: Added:: WatchInfo: /home/cosmic/myprojects/my_website/src/services/node_modules 1 undefined Project: /dev/null/inferredProject2* watcher already invoked: false
[17:44:30.980] Elapsed:: 0.2835740000009537ms DirectoryWatcher:: Added:: WatchInfo: /home/cosmic/myprojects/my_website/src/services/node_modules 1 undefined Project: /dev/null/inferredProject2* watcher already invoked: false
[17:44:30.980] Sending response:
    {"projectName":"/dev/null/inferredProject2*","typeAcquisition":{"enable":true,"include":[],"exclude":[]},"compilerOptions":{"module":1,"target":3,"jsx":1,"allowJs":true,"allowSyntheticDefaultImports":true,"allowNonTsExtensions":true,"noEmitForJsFiles":true,"maxNodeModuleJsDepth":2},"typings":[],"unresolvedImports":[],"kind":"action::set"}
[17:44:30.980] Response has been sent.
[17:44:30.980] No new typings were requested as a result of typings discovery
