[11:56:31.544] Global cache location '/home/cosmic/.cache/typescript/4.7', safe file path '/usr/local/lib/node_modules/typescript/lib/typingSafeList.json', types map path /usr/local/lib/node_modules/typescript/lib/typesMap.json
[11:56:31.554] Processing cache location '/home/cosmic/.cache/typescript/4.7'
[11:56:31.554] Trying to find '/home/cosmic/.cache/typescript/4.7/package.json'...
[11:56:31.734] Loaded content of '/home/cosmic/.cache/typescript/4.7/package.json': {"private":true,"dependencies":{"types-registry":"^0.1.613"},"devDependencies":{"@types/bcrypt":"^5.0.0","@types/body-parser":"^1.19.2","@types/co":"^4.6.3","@types/cors":"^2.8.12","@types/express":"^4.17.14","@types/merge-descriptors":"^1.0.1","@types/multer":"^1.4.7","@types/nodemon":"^1.19.2","@types/nopt":"^3.0.29","@types/npmlog":"^4.1.4","@types/react":"^18.0.15","@types/react-dom":"^18.0.6","@types/serve-static":"^1.13.10","@types/styled-components":"^5.1.25"}}
[11:56:31.734] Loaded content of '/home/cosmic/.cache/typescript/4.7/package-lock.json'
[11:56:31.824] Adding entry into typings cache: 'bcrypt' => '/home/cosmic/.cache/typescript/4.7/node_modules/@types/bcrypt/index.d.ts'
[11:56:31.895] Adding entry into typings cache: 'body-parser' => '/home/cosmic/.cache/typescript/4.7/node_modules/@types/body-parser/index.d.ts'
[11:56:31.994] Adding entry into typings cache: 'co' => '/home/cosmic/.cache/typescript/4.7/node_modules/@types/co/index.d.ts'
[11:56:32.002] Adding entry into typings cache: 'cors' => '/home/cosmic/.cache/typescript/4.7/node_modules/@types/cors/index.d.ts'
[11:56:32.049] Adding entry into typings cache: 'express' => '/home/cosmic/.cache/typescript/4.7/node_modules/@types/express/index.d.ts'
[11:56:32.105] Adding entry into typings cache: 'merge-descriptors' => '/home/cosmic/.cache/typescript/4.7/node_modules/@types/merge-descriptors/index.d.ts'
[11:56:32.126] Adding entry into typings cache: 'multer' => '/home/cosmic/.cache/typescript/4.7/node_modules/@types/multer/index.d.ts'
[11:56:32.129] Adding entry into typings cache: 'nodemon' => '/home/cosmic/.cache/typescript/4.7/node_modules/@types/nodemon/index.d.ts'
[11:56:32.192] Adding entry into typings cache: 'nopt' => '/home/cosmic/.cache/typescript/4.7/node_modules/@types/nopt/index.d.ts'
[11:56:32.231] Adding entry into typings cache: 'npmlog' => '/home/cosmic/.cache/typescript/4.7/node_modules/@types/npmlog/index.d.ts'
[11:56:32.261] Adding entry into typings cache: 'react' => '/home/cosmic/.cache/typescript/4.7/node_modules/@types/react/index.d.ts'
[11:56:32.329] Adding entry into typings cache: 'react-dom' => '/home/cosmic/.cache/typescript/4.7/node_modules/@types/react-dom/index.d.ts'
[11:56:32.404] Adding entry into typings cache: 'serve-static' => '/home/cosmic/.cache/typescript/4.7/node_modules/@types/serve-static/index.d.ts'
[11:56:32.495] Adding entry into typings cache: 'styled-components' => '/home/cosmic/.cache/typescript/4.7/node_modules/@types/styled-components/index.d.ts'
[11:56:32.495] Finished processing cache location '/home/cosmic/.cache/typescript/4.7'
[11:56:32.495] Process id: 10689
[11:56:32.495] NPM location: /usr/local/bin/npm (explicit '--npmLocation' not  provided)
[11:56:32.495] validateDefaultNpmLocation: false
[11:56:32.496] Npm config file: /home/cosmic/.cache/typescript/4.7/package.json
[11:56:32.496] Updating types-registry npm package...
[11:56:32.496] Exec: /usr/local/bin/npm install --ignore-scripts types-registry@latest
[11:56:49.192]     Succeeded. stdout:
    
    up to date, audited 28 packages in 4s

found 0 vulnerabilities

[11:56:49.192] Updated types-registry npm package
[11:57:27.523] Got install request {"projectName":"/dev/null/inferredProject1*","fileNames":["/usr/local/lib/node_modules/typescript/lib/lib.es5.d.ts","/usr/local/lib/node_modules/typescript/lib/lib.es2015.d.ts","/usr/local/lib/node_modules/typescript/lib/lib.es2016.d.ts","/usr/local/lib/node_modules/typescript/lib/lib.dom.d.ts","/usr/local/lib/node_modules/typescript/lib/lib.dom.iterable.d.ts","/usr/local/lib/node_modules/typescript/lib/lib.webworker.importscripts.d.ts","/usr/local/lib/node_modules/typescript/lib/lib.scripthost.d.ts","/usr/local/lib/node_modules/typescript/lib/lib.es2015.core.d.ts","/usr/local/lib/node_modules/typescript/lib/lib.es2015.collection.d.ts","/usr/local/lib/node_modules/typescript/lib/lib.es2015.generator.d.ts","/usr/local/lib/node_modules/typescript/lib/lib.es2015.iterable.d.ts","/usr/local/lib/node_modules/typescript/lib/lib.es2015.promise.d.ts","/usr/local/lib/node_modules/typescript/lib/lib.es2015.proxy.d.ts","/usr/local/lib/node_modules/typescript/lib/lib.es2015.reflect.d.ts","/usr/local/lib/node_modules/typescript/lib/lib.es2015.symbol.d.ts","/usr/local/lib/node_modules/typescript/lib/lib.es2015.symbol.wellknown.d.ts","/usr/local/lib/node_modules/typescript/lib/lib.es2016.array.include.d.ts","/usr/local/lib/node_modules/typescript/lib/lib.es2016.full.d.ts","/home/cosmic/myprojects/my_website/src/projects_page/pro.js"],"compilerOptions":{"module":1,"target":3,"jsx":1,"allowJs":true,"allowSyntheticDefaultImports":true,"allowNonTsExtensions":true,"noEmitForJsFiles":true,"maxNodeModuleJsDepth":2},"typeAcquisition":{"enable":true,"include":[],"exclude":[]},"unresolvedImports":[],"projectRootPath":"/home/cosmic/myprojects/my_website/src/projects_page","kind":"discover"}
[11:57:27.544] Loaded safelist from types map file '/usr/local/lib/node_modules/typescript/lib/typesMap.json'
[11:57:27.545] Explicitly included types: []
[11:57:27.546] Inferred typings from unresolved imports: []
[11:57:27.546] Result: {"cachedTypingPaths":[],"newTypingNames":[],"filesToWatch":["/home/cosmic/myprojects/my_website/src/projects_page/bower_components","/home/cosmic/myprojects/my_website/src/projects_page/node_modules"]}
[11:57:27.546] Finished typings discovery: {"cachedTypingPaths":[],"newTypingNames":[],"filesToWatch":["/home/cosmic/myprojects/my_website/src/projects_page/bower_components","/home/cosmic/myprojects/my_website/src/projects_page/node_modules"]}
[11:57:27.547] DirectoryWatcher:: Added:: WatchInfo: /home/cosmic/myprojects/my_website/src/projects_page/bower_components
[11:57:27.547] DirectoryWatcher:: Added:: WatchInfo: /home/cosmic/myprojects/my_website/src/projects_page/bower_components 1 undefined Project: /dev/null/inferredProject1* watcher already invoked: false
[11:57:27.549] Elapsed:: 1.8204020000994205ms DirectoryWatcher:: Added:: WatchInfo: /home/cosmic/myprojects/my_website/src/projects_page/bower_components 1 undefined Project: /dev/null/inferredProject1* watcher already invoked: false
[11:57:27.549] DirectoryWatcher:: Added:: WatchInfo: /home/cosmic/myprojects/my_website/src/projects_page/node_modules
[11:57:27.549] DirectoryWatcher:: Added:: WatchInfo: /home/cosmic/myprojects/my_website/src/projects_page/node_modules 1 undefined Project: /dev/null/inferredProject1* watcher already invoked: false
[11:57:27.550] Elapsed:: 0.1495310002937913ms DirectoryWatcher:: Added:: WatchInfo: /home/cosmic/myprojects/my_website/src/projects_page/node_modules 1 undefined Project: /dev/null/inferredProject1* watcher already invoked: false
[11:57:27.550] Sending response:
    {"projectName":"/dev/null/inferredProject1*","typeAcquisition":{"enable":true,"include":[],"exclude":[]},"compilerOptions":{"module":1,"target":3,"jsx":1,"allowJs":true,"allowSyntheticDefaultImports":true,"allowNonTsExtensions":true,"noEmitForJsFiles":true,"maxNodeModuleJsDepth":2},"typings":[],"unresolvedImports":[],"kind":"action::set"}
[11:57:27.550] Response has been sent.
[11:57:27.550] No new typings were requested as a result of typings discovery
[11:57:29.015] Got install request {"projectName":"/dev/null/inferredProject2*","fileNames":["/usr/local/lib/node_modules/typescript/lib/lib.es5.d.ts","/usr/local/lib/node_modules/typescript/lib/lib.es2015.d.ts","/usr/local/lib/node_modules/typescript/lib/lib.es2016.d.ts","/usr/local/lib/node_modules/typescript/lib/lib.dom.d.ts","/usr/local/lib/node_modules/typescript/lib/lib.dom.iterable.d.ts","/usr/local/lib/node_modules/typescript/lib/lib.webworker.importscripts.d.ts","/usr/local/lib/node_modules/typescript/lib/lib.scripthost.d.ts","/usr/local/lib/node_modules/typescript/lib/lib.es2015.core.d.ts","/usr/local/lib/node_modules/typescript/lib/lib.es2015.collection.d.ts","/usr/local/lib/node_modules/typescript/lib/lib.es2015.generator.d.ts","/usr/local/lib/node_modules/typescript/lib/lib.es2015.iterable.d.ts","/usr/local/lib/node_modules/typescript/lib/lib.es2015.promise.d.ts","/usr/local/lib/node_modules/typescript/lib/lib.es2015.proxy.d.ts","/usr/local/lib/node_modules/typescript/lib/lib.es2015.reflect.d.ts","/usr/local/lib/node_modules/typescript/lib/lib.es2015.symbol.d.ts","/usr/local/lib/node_modules/typescript/lib/lib.es2015.symbol.wellknown.d.ts","/usr/local/lib/node_modules/typescript/lib/lib.es2016.array.include.d.ts","/usr/local/lib/node_modules/typescript/lib/lib.es2016.full.d.ts","/home/cosmic/myprojects/my_website/src/components/blogcard/bob.js","/home/cosmic/myprojects/my_website/src/components/blogcard/bob2.js","/home/cosmic/myprojects/my_website/src/body/about.js","/home/cosmic/myprojects/my_website/src/body/body.js"],"compilerOptions":{"module":1,"target":3,"jsx":1,"allowJs":true,"allowSyntheticDefaultImports":true,"allowNonTsExtensions":true,"noEmitForJsFiles":true,"maxNodeModuleJsDepth":2},"typeAcquisition":{"enable":true,"include":[],"exclude":[]},"unresolvedImports":[],"projectRootPath":"/home/cosmic/myprojects/my_website/src/body","kind":"discover"}
[11:57:29.015] Explicitly included types: []
[11:57:29.015] Inferred typings from unresolved imports: []
[11:57:29.015] Result: {"cachedTypingPaths":[],"newTypingNames":[],"filesToWatch":["/home/cosmic/myprojects/my_website/src/components/blogcard/bower_components","/home/cosmic/myprojects/my_website/src/components/blogcard/node_modules","/home/cosmic/myprojects/my_website/src/body/bower_components","/home/cosmic/myprojects/my_website/src/body/node_modules"]}
[11:57:29.016] Finished typings discovery: {"cachedTypingPaths":[],"newTypingNames":[],"filesToWatch":["/home/cosmic/myprojects/my_website/src/components/blogcard/bower_components","/home/cosmic/myprojects/my_website/src/components/blogcard/node_modules","/home/cosmic/myprojects/my_website/src/body/bower_components","/home/cosmic/myprojects/my_website/src/body/node_modules"]}
[11:57:29.016] DirectoryWatcher:: Added:: WatchInfo: /home/cosmic/myprojects/my_website/src/components/blogcard/bower_components
[11:57:29.016] DirectoryWatcher:: Added:: WatchInfo: /home/cosmic/myprojects/my_website/src/components/blogcard/bower_components 1 undefined Project: /dev/null/inferredProject2* watcher already invoked: false
[11:57:29.016] Elapsed:: 0.18470400013029575ms DirectoryWatcher:: Added:: WatchInfo: /home/cosmic/myprojects/my_website/src/components/blogcard/bower_components 1 undefined Project: /dev/null/inferredProject2* watcher already invoked: false
[11:57:29.016] DirectoryWatcher:: Added:: WatchInfo: /home/cosmic/myprojects/my_website/src/components/blogcard/node_modules
[11:57:29.016] DirectoryWatcher:: Added:: WatchInfo: /home/cosmic/myprojects/my_website/src/components/blogcard/node_modules 1 undefined Project: /dev/null/inferredProject2* watcher already invoked: false
[11:57:29.016] Elapsed:: 0.13023600075393915ms DirectoryWatcher:: Added:: WatchInfo: /home/cosmic/myprojects/my_website/src/components/blogcard/node_modules 1 undefined Project: /dev/null/inferredProject2* watcher already invoked: false
[11:57:29.017] DirectoryWatcher:: Added:: WatchInfo: /home/cosmic/myprojects/my_website/src/body/bower_components
[11:57:29.017] DirectoryWatcher:: Added:: WatchInfo: /home/cosmic/myprojects/my_website/src/body/bower_components 1 undefined Project: /dev/null/inferredProject2* watcher already invoked: false
[11:57:29.017] Elapsed:: 0.13406499940901995ms DirectoryWatcher:: Added:: WatchInfo: /home/cosmic/myprojects/my_website/src/body/bower_components 1 undefined Project: /dev/null/inferredProject2* watcher already invoked: false
[11:57:29.017] DirectoryWatcher:: Added:: WatchInfo: /home/cosmic/myprojects/my_website/src/body/node_modules
[11:57:29.017] DirectoryWatcher:: Added:: WatchInfo: /home/cosmic/myprojects/my_website/src/body/node_modules 1 undefined Project: /dev/null/inferredProject2* watcher already invoked: false
[11:57:29.017] Elapsed:: 0.13211899995803833ms DirectoryWatcher:: Added:: WatchInfo: /home/cosmic/myprojects/my_website/src/body/node_modules 1 undefined Project: /dev/null/inferredProject2* watcher already invoked: false
[11:57:29.017] Sending response:
    {"projectName":"/dev/null/inferredProject2*","typeAcquisition":{"enable":true,"include":[],"exclude":[]},"compilerOptions":{"module":1,"target":3,"jsx":1,"allowJs":true,"allowSyntheticDefaultImports":true,"allowNonTsExtensions":true,"noEmitForJsFiles":true,"maxNodeModuleJsDepth":2},"typings":[],"unresolvedImports":[],"kind":"action::set"}
[11:57:29.017] Response has been sent.
[11:57:29.017] No new typings were requested as a result of typings discovery
[11:59:14.828] Got install request {"projectName":"/dev/null/inferredProject2*","fileNames":["/usr/local/lib/node_modules/typescript/lib/lib.es5.d.ts","/usr/local/lib/node_modules/typescript/lib/lib.es2015.d.ts","/usr/local/lib/node_modules/typescript/lib/lib.es2016.d.ts","/usr/local/lib/node_modules/typescript/lib/lib.dom.d.ts","/usr/local/lib/node_modules/typescript/lib/lib.dom.iterable.d.ts","/usr/local/lib/node_modules/typescript/lib/lib.webworker.importscripts.d.ts","/usr/local/lib/node_modules/typescript/lib/lib.scripthost.d.ts","/usr/local/lib/node_modules/typescript/lib/lib.es2015.core.d.ts","/usr/local/lib/node_modules/typescript/lib/lib.es2015.collection.d.ts","/usr/local/lib/node_modules/typescript/lib/lib.es2015.generator.d.ts","/usr/local/lib/node_modules/typescript/lib/lib.es2015.iterable.d.ts","/usr/local/lib/node_modules/typescript/lib/lib.es2015.promise.d.ts","/usr/local/lib/node_modules/typescript/lib/lib.es2015.proxy.d.ts","/usr/local/lib/node_modules/typescript/lib/lib.es2015.reflect.d.ts","/usr/local/lib/node_modules/typescript/lib/lib.es2015.symbol.d.ts","/usr/local/lib/node_modules/typescript/lib/lib.es2015.symbol.wellknown.d.ts","/usr/local/lib/node_modules/typescript/lib/lib.es2016.array.include.d.ts","/usr/local/lib/node_modules/typescript/lib/lib.es2016.full.d.ts","/home/cosmic/myprojects/my_website/src/components/blogcard/bob.js","/home/cosmic/myprojects/my_website/src/components/blogcard/bob2.js","/home/cosmic/myprojects/my_website/src/body/about.js","/home/cosmic/myprojects/my_website/src/components/modalbox/modalbox.js","/home/cosmic/myprojects/my_website/src/article_page/content.js","/home/cosmic/myprojects/my_website/src/article_page/code_block.js","/home/cosmic/myprojects/my_website/src/article_page/index.js","/home/cosmic/myprojects/my_website/src/article_page/article_list.js","/home/cosmic/myprojects/my_website/src/components/cardbar/cardbar.js","/home/cosmic/myprojects/my_website/src/components/slidder/slidebar.js","/home/cosmic/myprojects/my_website/src/nav/menue.js","/home/cosmic/myprojects/my_website/src/nav/topbar.js","/home/cosmic/myprojects/my_website/src/root/bottom_bar.js","/home/cosmic/myprojects/my_website/src/projects_page/index.js","/home/cosmic/myprojects/my_website/src/App.js","/home/cosmic/myprojects/my_website/src/index.js","/home/cosmic/myprojects/my_website/src/body/body.js"],"compilerOptions":{"module":1,"target":3,"jsx":1,"allowJs":true,"allowSyntheticDefaultImports":true,"allowNonTsExtensions":true,"noEmitForJsFiles":true,"maxNodeModuleJsDepth":2},"typeAcquisition":{"enable":true,"include":[],"exclude":[]},"unresolvedImports":[],"projectRootPath":"/home/cosmic/myprojects/my_website/src/body","kind":"discover"}
[11:59:14.829] Explicitly included types: []
[11:59:14.830] Inferred typings from unresolved imports: []
[11:59:14.830] Result: {"cachedTypingPaths":[],"newTypingNames":[],"filesToWatch":["/home/cosmic/myprojects/my_website/src/components/blogcard/bower_components","/home/cosmic/myprojects/my_website/src/components/blogcard/node_modules","/home/cosmic/myprojects/my_website/src/body/bower_components","/home/cosmic/myprojects/my_website/src/body/node_modules","/home/cosmic/myprojects/my_website/src/components/modalbox/bower_components","/home/cosmic/myprojects/my_website/src/components/modalbox/node_modules","/home/cosmic/myprojects/my_website/src/article_page/bower_components","/home/cosmic/myprojects/my_website/src/article_page/node_modules","/home/cosmic/myprojects/my_website/src/components/cardbar/bower_components","/home/cosmic/myprojects/my_website/src/components/cardbar/node_modules","/home/cosmic/myprojects/my_website/src/components/slidder/bower_components","/home/cosmic/myprojects/my_website/src/components/slidder/node_modules","/home/cosmic/myprojects/my_website/src/nav/bower_components","/home/cosmic/myprojects/my_website/src/nav/node_modules","/home/cosmic/myprojects/my_website/src/root/bower_components","/home/cosmic/myprojects/my_website/src/root/node_modules","/home/cosmic/myprojects/my_website/src/projects_page/bower_components","/home/cosmic/myprojects/my_website/src/projects_page/node_modules","/home/cosmic/myprojects/my_website/src/bower_components","/home/cosmic/myprojects/my_website/src/node_modules"]}
[11:59:14.830] Finished typings discovery: {"cachedTypingPaths":[],"newTypingNames":[],"filesToWatch":["/home/cosmic/myprojects/my_website/src/components/blogcard/bower_components","/home/cosmic/myprojects/my_website/src/components/blogcard/node_modules","/home/cosmic/myprojects/my_website/src/body/bower_components","/home/cosmic/myprojects/my_website/src/body/node_modules","/home/cosmic/myprojects/my_website/src/components/modalbox/bower_components","/home/cosmic/myprojects/my_website/src/components/modalbox/node_modules","/home/cosmic/myprojects/my_website/src/article_page/bower_components","/home/cosmic/myprojects/my_website/src/article_page/node_modules","/home/cosmic/myprojects/my_website/src/components/cardbar/bower_components","/home/cosmic/myprojects/my_website/src/components/cardbar/node_modules","/home/cosmic/myprojects/my_website/src/components/slidder/bower_components","/home/cosmic/myprojects/my_website/src/components/slidder/node_modules","/home/cosmic/myprojects/my_website/src/nav/bower_components","/home/cosmic/myprojects/my_website/src/nav/node_modules","/home/cosmic/myprojects/my_website/src/root/bower_components","/home/cosmic/myprojects/my_website/src/root/node_modules","/home/cosmic/myprojects/my_website/src/projects_page/bower_components","/home/cosmic/myprojects/my_website/src/projects_page/node_modules","/home/cosmic/myprojects/my_website/src/bower_components","/home/cosmic/myprojects/my_website/src/node_modules"]}
[11:59:14.830] DirectoryWatcher:: Added:: WatchInfo: /home/cosmic/myprojects/my_website/src/components/modalbox/bower_components
[11:59:14.830] DirectoryWatcher:: Added:: WatchInfo: /home/cosmic/myprojects/my_website/src/components/modalbox/bower_components 1 undefined Project: /dev/null/inferredProject2* watcher already invoked: false
[11:59:14.830] Elapsed:: 0.1945930002257228ms DirectoryWatcher:: Added:: WatchInfo: /home/cosmic/myprojects/my_website/src/components/modalbox/bower_components 1 undefined Project: /dev/null/inferredProject2* watcher already invoked: false
[11:59:14.831] DirectoryWatcher:: Added:: WatchInfo: /home/cosmic/myprojects/my_website/src/components/modalbox/node_modules
[11:59:14.831] DirectoryWatcher:: Added:: WatchInfo: /home/cosmic/myprojects/my_website/src/components/modalbox/node_modules 1 undefined Project: /dev/null/inferredProject2* watcher already invoked: false
[11:59:14.831] Elapsed:: 0.15140599943697453ms DirectoryWatcher:: Added:: WatchInfo: /home/cosmic/myprojects/my_website/src/components/modalbox/node_modules 1 undefined Project: /dev/null/inferredProject2* watcher already invoked: false
[11:59:14.831] DirectoryWatcher:: Added:: WatchInfo: /home/cosmic/myprojects/my_website/src/article_page/bower_components
[11:59:14.831] DirectoryWatcher:: Added:: WatchInfo: /home/cosmic/myprojects/my_website/src/article_page/bower_components 1 undefined Project: /dev/null/inferredProject2* watcher already invoked: false
[11:59:14.831] Elapsed:: 0.34492900036275387ms DirectoryWatcher:: Added:: WatchInfo: /home/cosmic/myprojects/my_website/src/article_page/bower_components 1 undefined Project: /dev/null/inferredProject2* watcher already invoked: false
[11:59:14.832] DirectoryWatcher:: Added:: WatchInfo: /home/cosmic/myprojects/my_website/src/article_page/node_modules
[11:59:14.832] DirectoryWatcher:: Added:: WatchInfo: /home/cosmic/myprojects/my_website/src/article_page/node_modules 1 undefined Project: /dev/null/inferredProject2* watcher already invoked: false
[11:59:14.832] Elapsed:: 0.1992649994790554ms DirectoryWatcher:: Added:: WatchInfo: /home/cosmic/myprojects/my_website/src/article_page/node_modules 1 undefined Project: /dev/null/inferredProject2* watcher already invoked: false
[11:59:14.832] DirectoryWatcher:: Added:: WatchInfo: /home/cosmic/myprojects/my_website/src/components/cardbar/bower_components
[11:59:14.832] DirectoryWatcher:: Added:: WatchInfo: /home/cosmic/myprojects/my_website/src/components/cardbar/bower_components 1 undefined Project: /dev/null/inferredProject2* watcher already invoked: false
[11:59:14.832] Elapsed:: 0.16438999958336353ms DirectoryWatcher:: Added:: WatchInfo: /home/cosmic/myprojects/my_website/src/components/cardbar/bower_components 1 undefined Project: /dev/null/inferredProject2* watcher already invoked: false
[11:59:14.833] DirectoryWatcher:: Added:: WatchInfo: /home/cosmic/myprojects/my_website/src/components/cardbar/node_modules
[11:59:14.833] DirectoryWatcher:: Added:: WatchInfo: /home/cosmic/myprojects/my_website/src/components/cardbar/node_modules 1 undefined Project: /dev/null/inferredProject2* watcher already invoked: false
[11:59:14.833] Elapsed:: 0.154920999892056ms DirectoryWatcher:: Added:: WatchInfo: /home/cosmic/myprojects/my_website/src/components/cardbar/node_modules 1 undefined Project: /dev/null/inferredProject2* watcher already invoked: false
[11:59:14.833] DirectoryWatcher:: Added:: WatchInfo: /home/cosmic/myprojects/my_website/src/components/slidder/bower_components
[11:59:14.833] DirectoryWatcher:: Added:: WatchInfo: /home/cosmic/myprojects/my_website/src/components/slidder/bower_components 1 undefined Project: /dev/null/inferredProject2* watcher already invoked: false
[11:59:14.833] Elapsed:: 0.20674100052565336ms DirectoryWatcher:: Added:: WatchInfo: /home/cosmic/myprojects/my_website/src/components/slidder/bower_components 1 undefined Project: /dev/null/inferredProject2* watcher already invoked: false
[11:59:14.834] DirectoryWatcher:: Added:: WatchInfo: /home/cosmic/myprojects/my_website/src/components/slidder/node_modules
[11:59:14.834] DirectoryWatcher:: Added:: WatchInfo: /home/cosmic/myprojects/my_website/src/components/slidder/node_modules 1 undefined Project: /dev/null/inferredProject2* watcher already invoked: false
[11:59:14.834] Elapsed:: 0.1194649999961257ms DirectoryWatcher:: Added:: WatchInfo: /home/cosmic/myprojects/my_website/src/components/slidder/node_modules 1 undefined Project: /dev/null/inferredProject2* watcher already invoked: false
[11:59:14.834] DirectoryWatcher:: Added:: WatchInfo: /home/cosmic/myprojects/my_website/src/nav/bower_components
[11:59:14.834] DirectoryWatcher:: Added:: WatchInfo: /home/cosmic/myprojects/my_website/src/nav/bower_components 1 undefined Project: /dev/null/inferredProject2* watcher already invoked: false
[11:59:14.834] Elapsed:: 0.19268199987709522ms DirectoryWatcher:: Added:: WatchInfo: /home/cosmic/myprojects/my_website/src/nav/bower_components 1 undefined Project: /dev/null/inferredProject2* watcher already invoked: false
[11:59:14.834] DirectoryWatcher:: Added:: WatchInfo: /home/cosmic/myprojects/my_website/src/nav/node_modules
[11:59:14.835] DirectoryWatcher:: Added:: WatchInfo: /home/cosmic/myprojects/my_website/src/nav/node_modules 1 undefined Project: /dev/null/inferredProject2* watcher already invoked: false
[11:59:14.835] Elapsed:: 0.1373070003464818ms DirectoryWatcher:: Added:: WatchInfo: /home/cosmic/myprojects/my_website/src/nav/node_modules 1 undefined Project: /dev/null/inferredProject2* watcher already invoked: false
[11:59:14.835] DirectoryWatcher:: Added:: WatchInfo: /home/cosmic/myprojects/my_website/src/root/bower_components
[11:59:14.835] DirectoryWatcher:: Added:: WatchInfo: /home/cosmic/myprojects/my_website/src/root/bower_components 1 undefined Project: /dev/null/inferredProject2* watcher already invoked: false
[11:59:14.835] Elapsed:: 0.13685599993914366ms DirectoryWatcher:: Added:: WatchInfo: /home/cosmic/myprojects/my_website/src/root/bower_components 1 undefined Project: /dev/null/inferredProject2* watcher already invoked: false
[11:59:14.835] DirectoryWatcher:: Added:: WatchInfo: /home/cosmic/myprojects/my_website/src/root/node_modules
[11:59:14.836] DirectoryWatcher:: Added:: WatchInfo: /home/cosmic/myprojects/my_website/src/root/node_modules 1 undefined Project: /dev/null/inferredProject2* watcher already invoked: false
[11:59:14.836] Elapsed:: 0.09982299990952015ms DirectoryWatcher:: Added:: WatchInfo: /home/cosmic/myprojects/my_website/src/root/node_modules 1 undefined Project: /dev/null/inferredProject2* watcher already invoked: false
[11:59:14.836] DirectoryWatcher:: Added:: WatchInfo: /home/cosmic/myprojects/my_website/src/projects_page/bower_components
[11:59:14.836] DirectoryWatcher:: Added:: WatchInfo: /home/cosmic/myprojects/my_website/src/projects_page/bower_components 1 undefined Project: /dev/null/inferredProject2* watcher already invoked: false
[11:59:14.836] Elapsed:: 0.016442999243736267ms DirectoryWatcher:: Added:: WatchInfo: /home/cosmic/myprojects/my_website/src/projects_page/bower_components 1 undefined Project: /dev/null/inferredProject2* watcher already invoked: false
[11:59:14.836] DirectoryWatcher:: Added:: WatchInfo: /home/cosmic/myprojects/my_website/src/projects_page/node_modules
[11:59:14.836] DirectoryWatcher:: Added:: WatchInfo: /home/cosmic/myprojects/my_website/src/projects_page/node_modules 1 undefined Project: /dev/null/inferredProject2* watcher already invoked: false
[11:59:14.836] Elapsed:: 0.005577000789344311ms DirectoryWatcher:: Added:: WatchInfo: /home/cosmic/myprojects/my_website/src/projects_page/node_modules 1 undefined Project: /dev/null/inferredProject2* watcher already invoked: false
[11:59:14.836] DirectoryWatcher:: Added:: WatchInfo: /home/cosmic/myprojects/my_website/src/bower_components
[11:59:14.836] DirectoryWatcher:: Added:: WatchInfo: /home/cosmic/myprojects/my_website/src/bower_components 1 undefined Project: /dev/null/inferredProject2* watcher already invoked: false
[11:59:14.836] Elapsed:: 0.09579699952155352ms DirectoryWatcher:: Added:: WatchInfo: /home/cosmic/myprojects/my_website/src/bower_components 1 undefined Project: /dev/null/inferredProject2* watcher already invoked: false
[11:59:14.837] DirectoryWatcher:: Added:: WatchInfo: /home/cosmic/myprojects/my_website/src/node_modules
[11:59:14.837] DirectoryWatcher:: Added:: WatchInfo: /home/cosmic/myprojects/my_website/src/node_modules 1 undefined Project: /dev/null/inferredProject2* watcher already invoked: false
[11:59:14.837] Elapsed:: 0.07890800014138222ms DirectoryWatcher:: Added:: WatchInfo: /home/cosmic/myprojects/my_website/src/node_modules 1 undefined Project: /dev/null/inferredProject2* watcher already invoked: false
[11:59:14.837] Sending response:
    {"projectName":"/dev/null/inferredProject2*","typeAcquisition":{"enable":true,"include":[],"exclude":[]},"compilerOptions":{"module":1,"target":3,"jsx":1,"allowJs":true,"allowSyntheticDefaultImports":true,"allowNonTsExtensions":true,"noEmitForJsFiles":true,"maxNodeModuleJsDepth":2},"typings":[],"unresolvedImports":[],"kind":"action::set"}
[11:59:14.837] Response has been sent.
[11:59:14.837] No new typings were requested as a result of typings discovery
[11:59:20.660] Got install request {"projectName":"/dev/null/inferredProject2*","fileNames":["/usr/local/lib/node_modules/typescript/lib/lib.es5.d.ts","/usr/local/lib/node_modules/typescript/lib/lib.es2015.d.ts","/usr/local/lib/node_modules/typescript/lib/lib.es2016.d.ts","/usr/local/lib/node_modules/typescript/lib/lib.dom.d.ts","/usr/local/lib/node_modules/typescript/lib/lib.dom.iterable.d.ts","/usr/local/lib/node_modules/typescript/lib/lib.webworker.importscripts.d.ts","/usr/local/lib/node_modules/typescript/lib/lib.scripthost.d.ts","/usr/local/lib/node_modules/typescript/lib/lib.es2015.core.d.ts","/usr/local/lib/node_modules/typescript/lib/lib.es2015.collection.d.ts","/usr/local/lib/node_modules/typescript/lib/lib.es2015.generator.d.ts","/usr/local/lib/node_modules/typescript/lib/lib.es2015.iterable.d.ts","/usr/local/lib/node_modules/typescript/lib/lib.es2015.promise.d.ts","/usr/local/lib/node_modules/typescript/lib/lib.es2015.proxy.d.ts","/usr/local/lib/node_modules/typescript/lib/lib.es2015.reflect.d.ts","/usr/local/lib/node_modules/typescript/lib/lib.es2015.symbol.d.ts","/usr/local/lib/node_modules/typescript/lib/lib.es2015.symbol.wellknown.d.ts","/usr/local/lib/node_modules/typescript/lib/lib.es2016.array.include.d.ts","/usr/local/lib/node_modules/typescript/lib/lib.es2016.full.d.ts","/home/cosmic/myprojects/my_website/src/components/blogcard/bob.js","/home/cosmic/myprojects/my_website/src/components/blogcard/bob2.js","/home/cosmic/myprojects/my_website/src/body/about.js","/home/cosmic/myprojects/my_website/src/body/body.js"],"compilerOptions":{"module":1,"target":3,"jsx":1,"allowJs":true,"allowSyntheticDefaultImports":true,"allowNonTsExtensions":true,"noEmitForJsFiles":true,"maxNodeModuleJsDepth":2},"typeAcquisition":{"enable":true,"include":[],"exclude":[]},"unresolvedImports":[],"projectRootPath":"/home/cosmic/myprojects/my_website/src/body","kind":"discover"}
[11:59:20.660] Explicitly included types: []
[11:59:20.660] Inferred typings from unresolved imports: []
[11:59:20.660] Result: {"cachedTypingPaths":[],"newTypingNames":[],"filesToWatch":["/home/cosmic/myprojects/my_website/src/components/blogcard/bower_components","/home/cosmic/myprojects/my_website/src/components/blogcard/node_modules","/home/cosmic/myprojects/my_website/src/body/bower_components","/home/cosmic/myprojects/my_website/src/body/node_modules"]}
[11:59:20.661] Finished typings discovery: {"cachedTypingPaths":[],"newTypingNames":[],"filesToWatch":["/home/cosmic/myprojects/my_website/src/components/blogcard/bower_components","/home/cosmic/myprojects/my_website/src/components/blogcard/node_modules","/home/cosmic/myprojects/my_website/src/body/bower_components","/home/cosmic/myprojects/my_website/src/body/node_modules"]}
[11:59:20.661] DirectoryWatcher:: Closed:: WatchInfo: /home/cosmic/myprojects/my_website/src/components/modalbox/bower_components
[11:59:20.661] DirectoryWatcher:: Close:: WatchInfo: /home/cosmic/myprojects/my_website/src/components/modalbox/bower_components 1 undefined Project: /dev/null/inferredProject2* watcher already invoked: false
[11:59:20.661] Elapsed:: 0.47842600010335445ms DirectoryWatcher:: Close:: WatchInfo: /home/cosmic/myprojects/my_website/src/components/modalbox/bower_components 1 undefined Project: /dev/null/inferredProject2* watcher already invoked: false
[11:59:20.661] DirectoryWatcher:: Closed:: WatchInfo: /home/cosmic/myprojects/my_website/src/components/modalbox/node_modules
[11:59:20.662] DirectoryWatcher:: Close:: WatchInfo: /home/cosmic/myprojects/my_website/src/components/modalbox/node_modules 1 undefined Project: /dev/null/inferredProject2* watcher already invoked: false
[11:59:20.662] Elapsed:: 0.06457300018519163ms DirectoryWatcher:: Close:: WatchInfo: /home/cosmic/myprojects/my_website/src/components/modalbox/node_modules 1 undefined Project: /dev/null/inferredProject2* watcher already invoked: false
[11:59:20.662] DirectoryWatcher:: Closed:: WatchInfo: /home/cosmic/myprojects/my_website/src/article_page/bower_components
[11:59:20.662] DirectoryWatcher:: Close:: WatchInfo: /home/cosmic/myprojects/my_website/src/article_page/bower_components 1 undefined Project: /dev/null/inferredProject2* watcher already invoked: false
[11:59:20.662] Elapsed:: 0.06824499927461147ms DirectoryWatcher:: Close:: WatchInfo: /home/cosmic/myprojects/my_website/src/article_page/bower_components 1 undefined Project: /dev/null/inferredProject2* watcher already invoked: false
[11:59:20.662] DirectoryWatcher:: Closed:: WatchInfo: /home/cosmic/myprojects/my_website/src/article_page/node_modules
[11:59:20.662] DirectoryWatcher:: Close:: WatchInfo: /home/cosmic/myprojects/my_website/src/article_page/node_modules 1 undefined Project: /dev/null/inferredProject2* watcher already invoked: false
[11:59:20.662] Elapsed:: 0.04510300047695637ms DirectoryWatcher:: Close:: WatchInfo: /home/cosmic/myprojects/my_website/src/article_page/node_modules 1 undefined Project: /dev/null/inferredProject2* watcher already invoked: false
[11:59:20.662] DirectoryWatcher:: Closed:: WatchInfo: /home/cosmic/myprojects/my_website/src/components/cardbar/bower_components
[11:59:20.662] DirectoryWatcher:: Close:: WatchInfo: /home/cosmic/myprojects/my_website/src/components/cardbar/bower_components 1 undefined Project: /dev/null/inferredProject2* watcher already invoked: false
[11:59:20.662] Elapsed:: 0.2708749994635582ms DirectoryWatcher:: Close:: WatchInfo: /home/cosmic/myprojects/my_website/src/components/cardbar/bower_components 1 undefined Project: /dev/null/inferredProject2* watcher already invoked: false
[11:59:20.662] DirectoryWatcher:: Closed:: WatchInfo: /home/cosmic/myprojects/my_website/src/components/cardbar/node_modules
[11:59:20.662] DirectoryWatcher:: Close:: WatchInfo: /home/cosmic/myprojects/my_website/src/components/cardbar/node_modules 1 undefined Project: /dev/null/inferredProject2* watcher already invoked: false
[11:59:20.663] Elapsed:: 0.05855400022119284ms DirectoryWatcher:: Close:: WatchInfo: /home/cosmic/myprojects/my_website/src/components/cardbar/node_modules 1 undefined Project: /dev/null/inferredProject2* watcher already invoked: false
[11:59:20.663] DirectoryWatcher:: Closed:: WatchInfo: /home/cosmic/myprojects/my_website/src/components/slidder/bower_components
[11:59:20.663] DirectoryWatcher:: Close:: WatchInfo: /home/cosmic/myprojects/my_website/src/components/slidder/bower_components 1 undefined Project: /dev/null/inferredProject2* watcher already invoked: false
[11:59:20.663] Elapsed:: 0.04314600024372339ms DirectoryWatcher:: Close:: WatchInfo: /home/cosmic/myprojects/my_website/src/components/slidder/bower_components 1 undefined Project: /dev/null/inferredProject2* watcher already invoked: false
[11:59:20.663] DirectoryWatcher:: Closed:: WatchInfo: /home/cosmic/myprojects/my_website/src/components/slidder/node_modules
[11:59:20.663] DirectoryWatcher:: Close:: WatchInfo: /home/cosmic/myprojects/my_website/src/components/slidder/node_modules 1 undefined Project: /dev/null/inferredProject2* watcher already invoked: false
[11:59:20.663] Elapsed:: 0.16931799985468388ms DirectoryWatcher:: Close:: WatchInfo: /home/cosmic/myprojects/my_website/src/components/slidder/node_modules 1 undefined Project: /dev/null/inferredProject2* watcher already invoked: false
[11:59:20.663] DirectoryWatcher:: Closed:: WatchInfo: /home/cosmic/myprojects/my_website/src/nav/bower_components
[11:59:20.663] DirectoryWatcher:: Close:: WatchInfo: /home/cosmic/myprojects/my_website/src/nav/bower_components 1 undefined Project: /dev/null/inferredProject2* watcher already invoked: false
[11:59:20.663] Elapsed:: 0.11277800053358078ms DirectoryWatcher:: Close:: WatchInfo: /home/cosmic/myprojects/my_website/src/nav/bower_components 1 undefined Project: /dev/null/inferredProject2* watcher already invoked: false
[11:59:20.663] DirectoryWatcher:: Closed:: WatchInfo: /home/cosmic/myprojects/my_website/src/nav/node_modules
[11:59:20.663] DirectoryWatcher:: Close:: WatchInfo: /home/cosmic/myprojects/my_website/src/nav/node_modules 1 undefined Project: /dev/null/inferredProject2* watcher already invoked: false
[11:59:20.663] Elapsed:: 0.11889099981635809ms DirectoryWatcher:: Close:: WatchInfo: /home/cosmic/myprojects/my_website/src/nav/node_modules 1 undefined Project: /dev/null/inferredProject2* watcher already invoked: false
[11:59:20.663] DirectoryWatcher:: Closed:: WatchInfo: /home/cosmic/myprojects/my_website/src/root/bower_components
[11:59:20.663] DirectoryWatcher:: Close:: WatchInfo: /home/cosmic/myprojects/my_website/src/root/bower_components 1 undefined Project: /dev/null/inferredProject2* watcher already invoked: false
[11:59:20.663] Elapsed:: 0.0630709994584322ms DirectoryWatcher:: Close:: WatchInfo: /home/cosmic/myprojects/my_website/src/root/bower_components 1 undefined Project: /dev/null/inferredProject2* watcher already invoked: false
[11:59:20.664] DirectoryWatcher:: Closed:: WatchInfo: /home/cosmic/myprojects/my_website/src/root/node_modules
[11:59:20.664] DirectoryWatcher:: Close:: WatchInfo: /home/cosmic/myprojects/my_website/src/root/node_modules 1 undefined Project: /dev/null/inferredProject2* watcher already invoked: false
[11:59:20.664] Elapsed:: 0.052534000016748905ms DirectoryWatcher:: Close:: WatchInfo: /home/cosmic/myprojects/my_website/src/root/node_modules 1 undefined Project: /dev/null/inferredProject2* watcher already invoked: false
[11:59:20.664] DirectoryWatcher:: Closed:: WatchInfo: /home/cosmic/myprojects/my_website/src/projects_page/bower_components
[11:59:20.664] DirectoryWatcher:: Close:: WatchInfo: /home/cosmic/myprojects/my_website/src/projects_page/bower_components 1 undefined Project: /dev/null/inferredProject2* watcher already invoked: false
[11:59:20.664] Elapsed:: 0.007065000012516975ms DirectoryWatcher:: Close:: WatchInfo: /home/cosmic/myprojects/my_website/src/projects_page/bower_components 1 undefined Project: /dev/null/inferredProject2* watcher already invoked: false
[11:59:20.664] DirectoryWatcher:: Closed:: WatchInfo: /home/cosmic/myprojects/my_website/src/projects_page/node_modules
[11:59:20.664] DirectoryWatcher:: Close:: WatchInfo: /home/cosmic/myprojects/my_website/src/projects_page/node_modules 1 undefined Project: /dev/null/inferredProject2* watcher already invoked: false
[11:59:20.664] Elapsed:: 0.003573000431060791ms DirectoryWatcher:: Close:: WatchInfo: /home/cosmic/myprojects/my_website/src/projects_page/node_modules 1 undefined Project: /dev/null/inferredProject2* watcher already invoked: false
[11:59:20.664] DirectoryWatcher:: Closed:: WatchInfo: /home/cosmic/myprojects/my_website/src/bower_components
[11:59:20.664] DirectoryWatcher:: Close:: WatchInfo: /home/cosmic/myprojects/my_website/src/bower_components 1 undefined Project: /dev/null/inferredProject2* watcher already invoked: false
[11:59:20.664] Elapsed:: 0.040157999843358994ms DirectoryWatcher:: Close:: WatchInfo: /home/cosmic/myprojects/my_website/src/bower_components 1 undefined Project: /dev/null/inferredProject2* watcher already invoked: false
[11:59:20.664] DirectoryWatcher:: Closed:: WatchInfo: /home/cosmic/myprojects/my_website/src/node_modules
[11:59:20.664] DirectoryWatcher:: Close:: WatchInfo: /home/cosmic/myprojects/my_website/src/node_modules 1 undefined Project: /dev/null/inferredProject2* watcher already invoked: false
[11:59:20.664] Elapsed:: 0.02491499949246645ms DirectoryWatcher:: Close:: WatchInfo: /home/cosmic/myprojects/my_website/src/node_modules 1 undefined Project: /dev/null/inferredProject2* watcher already invoked: false
[11:59:20.664] Sending response:
    {"projectName":"/dev/null/inferredProject2*","typeAcquisition":{"enable":true,"include":[],"exclude":[]},"compilerOptions":{"module":1,"target":3,"jsx":1,"allowJs":true,"allowSyntheticDefaultImports":true,"allowNonTsExtensions":true,"noEmitForJsFiles":true,"maxNodeModuleJsDepth":2},"typings":[],"unresolvedImports":[],"kind":"action::set"}
[11:59:20.664] Response has been sent.
[11:59:20.664] No new typings were requested as a result of typings discovery
[11:59:21.568] Got install request {"projectName":"/dev/null/inferredProject2*","fileNames":["/usr/local/lib/node_modules/typescript/lib/lib.es5.d.ts","/usr/local/lib/node_modules/typescript/lib/lib.es2015.d.ts","/usr/local/lib/node_modules/typescript/lib/lib.es2016.d.ts","/usr/local/lib/node_modules/typescript/lib/lib.dom.d.ts","/usr/local/lib/node_modules/typescript/lib/lib.dom.iterable.d.ts","/usr/local/lib/node_modules/typescript/lib/lib.webworker.importscripts.d.ts","/usr/local/lib/node_modules/typescript/lib/lib.scripthost.d.ts","/usr/local/lib/node_modules/typescript/lib/lib.es2015.core.d.ts","/usr/local/lib/node_modules/typescript/lib/lib.es2015.collection.d.ts","/usr/local/lib/node_modules/typescript/lib/lib.es2015.generator.d.ts","/usr/local/lib/node_modules/typescript/lib/lib.es2015.iterable.d.ts","/usr/local/lib/node_modules/typescript/lib/lib.es2015.promise.d.ts","/usr/local/lib/node_modules/typescript/lib/lib.es2015.proxy.d.ts","/usr/local/lib/node_modules/typescript/lib/lib.es2015.reflect.d.ts","/usr/local/lib/node_modules/typescript/lib/lib.es2015.symbol.d.ts","/usr/local/lib/node_modules/typescript/lib/lib.es2015.symbol.wellknown.d.ts","/usr/local/lib/node_modules/typescript/lib/lib.es2016.array.include.d.ts","/usr/local/lib/node_modules/typescript/lib/lib.es2016.full.d.ts","/home/cosmic/myprojects/my_website/src/components/blogcard/bob.js","/home/cosmic/myprojects/my_website/src/components/blogcard/bob2.js","/home/cosmic/myprojects/my_website/src/body/about.js","/home/cosmic/myprojects/my_website/src/projects_page/index.js","/home/cosmic/myprojects/my_website/src/body/body.js"],"compilerOptions":{"module":1,"target":3,"jsx":1,"allowJs":true,"allowSyntheticDefaultImports":true,"allowNonTsExtensions":true,"noEmitForJsFiles":true,"maxNodeModuleJsDepth":2},"typeAcquisition":{"enable":true,"include":[],"exclude":[]},"unresolvedImports":[],"projectRootPath":"/home/cosmic/myprojects/my_website/src/body","kind":"discover"}
[11:59:21.568] Explicitly included types: []
[11:59:21.569] Inferred typings from unresolved imports: []
[11:59:21.569] Result: {"cachedTypingPaths":[],"newTypingNames":[],"filesToWatch":["/home/cosmic/myprojects/my_website/src/components/blogcard/bower_components","/home/cosmic/myprojects/my_website/src/components/blogcard/node_modules","/home/cosmic/myprojects/my_website/src/body/bower_components","/home/cosmic/myprojects/my_website/src/body/node_modules","/home/cosmic/myprojects/my_website/src/projects_page/bower_components","/home/cosmic/myprojects/my_website/src/projects_page/node_modules"]}
[11:59:21.569] Finished typings discovery: {"cachedTypingPaths":[],"newTypingNames":[],"filesToWatch":["/home/cosmic/myprojects/my_website/src/components/blogcard/bower_components","/home/cosmic/myprojects/my_website/src/components/blogcard/node_modules","/home/cosmic/myprojects/my_website/src/body/bower_components","/home/cosmic/myprojects/my_website/src/body/node_modules","/home/cosmic/myprojects/my_website/src/projects_page/bower_components","/home/cosmic/myprojects/my_website/src/projects_page/node_modules"]}
[11:59:21.569] DirectoryWatcher:: Added:: WatchInfo: /home/cosmic/myprojects/my_website/src/projects_page/bower_components
[11:59:21.569] DirectoryWatcher:: Added:: WatchInfo: /home/cosmic/myprojects/my_website/src/projects_page/bower_components 1 undefined Project: /dev/null/inferredProject2* watcher already invoked: false
[11:59:21.569] Elapsed:: 0.008843000046908855ms DirectoryWatcher:: Added:: WatchInfo: /home/cosmic/myprojects/my_website/src/projects_page/bower_components 1 undefined Project: /dev/null/inferredProject2* watcher already invoked: false
[11:59:21.569] DirectoryWatcher:: Added:: WatchInfo: /home/cosmic/myprojects/my_website/src/projects_page/node_modules
[11:59:21.569] DirectoryWatcher:: Added:: WatchInfo: /home/cosmic/myprojects/my_website/src/projects_page/node_modules 1 undefined Project: /dev/null/inferredProject2* watcher already invoked: false
[11:59:21.569] Elapsed:: 0.009202000685036182ms DirectoryWatcher:: Added:: WatchInfo: /home/cosmic/myprojects/my_website/src/projects_page/node_modules 1 undefined Project: /dev/null/inferredProject2* watcher already invoked: false
[11:59:21.569] Sending response:
    {"projectName":"/dev/null/inferredProject2*","typeAcquisition":{"enable":true,"include":[],"exclude":[]},"compilerOptions":{"module":1,"target":3,"jsx":1,"allowJs":true,"allowSyntheticDefaultImports":true,"allowNonTsExtensions":true,"noEmitForJsFiles":true,"maxNodeModuleJsDepth":2},"typings":[],"unresolvedImports":[],"kind":"action::set"}
[11:59:21.569] Response has been sent.
[11:59:21.569] No new typings were requested as a result of typings discovery
[11:59:23.833] Got install request {"projectName":"/dev/null/inferredProject2*","fileNames":["/usr/local/lib/node_modules/typescript/lib/lib.es5.d.ts","/usr/local/lib/node_modules/typescript/lib/lib.es2015.d.ts","/usr/local/lib/node_modules/typescript/lib/lib.es2016.d.ts","/usr/local/lib/node_modules/typescript/lib/lib.dom.d.ts","/usr/local/lib/node_modules/typescript/lib/lib.dom.iterable.d.ts","/usr/local/lib/node_modules/typescript/lib/lib.webworker.importscripts.d.ts","/usr/local/lib/node_modules/typescript/lib/lib.scripthost.d.ts","/usr/local/lib/node_modules/typescript/lib/lib.es2015.core.d.ts","/usr/local/lib/node_modules/typescript/lib/lib.es2015.collection.d.ts","/usr/local/lib/node_modules/typescript/lib/lib.es2015.generator.d.ts","/usr/local/lib/node_modules/typescript/lib/lib.es2015.iterable.d.ts","/usr/local/lib/node_modules/typescript/lib/lib.es2015.promise.d.ts","/usr/local/lib/node_modules/typescript/lib/lib.es2015.proxy.d.ts","/usr/local/lib/node_modules/typescript/lib/lib.es2015.reflect.d.ts","/usr/local/lib/node_modules/typescript/lib/lib.es2015.symbol.d.ts","/usr/local/lib/node_modules/typescript/lib/lib.es2015.symbol.wellknown.d.ts","/usr/local/lib/node_modules/typescript/lib/lib.es2016.array.include.d.ts","/usr/local/lib/node_modules/typescript/lib/lib.es2016.full.d.ts","/home/cosmic/myprojects/my_website/src/components/blogcard/bob.js","/home/cosmic/myprojects/my_website/src/components/blogcard/bob2.js","/home/cosmic/myprojects/my_website/src/body/about.js","/home/cosmic/myprojects/my_website/src/projects_page/pro.js","/home/cosmic/myprojects/my_website/src/body/body.js"],"compilerOptions":{"module":1,"target":3,"jsx":1,"allowJs":true,"allowSyntheticDefaultImports":true,"allowNonTsExtensions":true,"noEmitForJsFiles":true,"maxNodeModuleJsDepth":2},"typeAcquisition":{"enable":true,"include":[],"exclude":[]},"unresolvedImports":[],"projectRootPath":"/home/cosmic/myprojects/my_website/src/body","kind":"discover"}
[11:59:23.833] Explicitly included types: []
[11:59:23.833] Inferred typings from unresolved imports: []
[11:59:23.833] Result: {"cachedTypingPaths":[],"newTypingNames":[],"filesToWatch":["/home/cosmic/myprojects/my_website/src/components/blogcard/bower_components","/home/cosmic/myprojects/my_website/src/components/blogcard/node_modules","/home/cosmic/myprojects/my_website/src/body/bower_components","/home/cosmic/myprojects/my_website/src/body/node_modules","/home/cosmic/myprojects/my_website/src/projects_page/bower_components","/home/cosmic/myprojects/my_website/src/projects_page/node_modules"]}
[11:59:23.834] Finished typings discovery: {"cachedTypingPaths":[],"newTypingNames":[],"filesToWatch":["/home/cosmic/myprojects/my_website/src/components/blogcard/bower_components","/home/cosmic/myprojects/my_website/src/components/blogcard/node_modules","/home/cosmic/myprojects/my_website/src/body/bower_components","/home/cosmic/myprojects/my_website/src/body/node_modules","/home/cosmic/myprojects/my_website/src/projects_page/bower_components","/home/cosmic/myprojects/my_website/src/projects_page/node_modules"]}
[11:59:23.834] Sending response:
    {"projectName":"/dev/null/inferredProject2*","typeAcquisition":{"enable":true,"include":[],"exclude":[]},"compilerOptions":{"module":1,"target":3,"jsx":1,"allowJs":true,"allowSyntheticDefaultImports":true,"allowNonTsExtensions":true,"noEmitForJsFiles":true,"maxNodeModuleJsDepth":2},"typings":[],"unresolvedImports":[],"kind":"action::set"}
[11:59:23.834] Response has been sent.
[11:59:23.834] No new typings were requested as a result of typings discovery
[12:02:11.206] Got install request {"projectName":"/dev/null/inferredProject1*","fileNames":["/usr/local/lib/node_modules/typescript/lib/lib.es5.d.ts","/usr/local/lib/node_modules/typescript/lib/lib.es2015.d.ts","/usr/local/lib/node_modules/typescript/lib/lib.es2016.d.ts","/usr/local/lib/node_modules/typescript/lib/lib.dom.d.ts","/usr/local/lib/node_modules/typescript/lib/lib.dom.iterable.d.ts","/usr/local/lib/node_modules/typescript/lib/lib.webworker.importscripts.d.ts","/usr/local/lib/node_modules/typescript/lib/lib.scripthost.d.ts","/usr/local/lib/node_modules/typescript/lib/lib.es2015.core.d.ts","/usr/local/lib/node_modules/typescript/lib/lib.es2015.collection.d.ts","/usr/local/lib/node_modules/typescript/lib/lib.es2015.generator.d.ts","/usr/local/lib/node_modules/typescript/lib/lib.es2015.iterable.d.ts","/usr/local/lib/node_modules/typescript/lib/lib.es2015.promise.d.ts","/usr/local/lib/node_modules/typescript/lib/lib.es2015.proxy.d.ts","/usr/local/lib/node_modules/typescript/lib/lib.es2015.reflect.d.ts","/usr/local/lib/node_modules/typescript/lib/lib.es2015.symbol.d.ts","/usr/local/lib/node_modules/typescript/lib/lib.es2015.symbol.wellknown.d.ts","/usr/local/lib/node_modules/typescript/lib/lib.es2016.array.include.d.ts","/usr/local/lib/node_modules/typescript/lib/lib.es2016.full.d.ts","/home/cosmic/myprojects/my_website/src/projects_page/pro.js"],"compilerOptions":{"module":1,"target":3,"jsx":1,"allowJs":true,"allowSyntheticDefaultImports":true,"allowNonTsExtensions":true,"noEmitForJsFiles":true,"maxNodeModuleJsDepth":2},"typeAcquisition":{"enable":true,"include":[],"exclude":[]},"unresolvedImports":["..css"],"projectRootPath":"/home/cosmic/myprojects/my_website/src/projects_page","kind":"discover"}
[12:02:11.206] Explicitly included types: []
[12:02:11.206] Inferred typings from unresolved imports: ["..css"]
[12:02:11.206] Result: {"cachedTypingPaths":[],"newTypingNames":["..css"],"filesToWatch":["/home/cosmic/myprojects/my_website/src/projects_page/bower_components","/home/cosmic/myprojects/my_website/src/projects_page/node_modules"]}
[12:02:11.207] Finished typings discovery: {"cachedTypingPaths":[],"newTypingNames":["..css"],"filesToWatch":["/home/cosmic/myprojects/my_website/src/projects_page/bower_components","/home/cosmic/myprojects/my_website/src/projects_page/node_modules"]}
[12:02:11.207] Installing typings ["..css"]
[12:02:11.207] '..css':: Package name '..css' cannot start with '.'
[12:02:11.207] All typings are known to be missing or invalid - no need to install more typings
[12:02:11.207] Sending response:
    {"projectName":"/dev/null/inferredProject1*","typeAcquisition":{"enable":true,"include":[],"exclude":[]},"compilerOptions":{"module":1,"target":3,"jsx":1,"allowJs":true,"allowSyntheticDefaultImports":true,"allowNonTsExtensions":true,"noEmitForJsFiles":true,"maxNodeModuleJsDepth":2},"typings":[],"unresolvedImports":["..css"],"kind":"action::set"}
[12:02:11.207] Response has been sent.
[12:02:11.792] Got install request {"projectName":"/dev/null/inferredProject1*","fileNames":["/usr/local/lib/node_modules/typescript/lib/lib.es5.d.ts","/usr/local/lib/node_modules/typescript/lib/lib.es2015.d.ts","/usr/local/lib/node_modules/typescript/lib/lib.es2016.d.ts","/usr/local/lib/node_modules/typescript/lib/lib.dom.d.ts","/usr/local/lib/node_modules/typescript/lib/lib.dom.iterable.d.ts","/usr/local/lib/node_modules/typescript/lib/lib.webworker.importscripts.d.ts","/usr/local/lib/node_modules/typescript/lib/lib.scripthost.d.ts","/usr/local/lib/node_modules/typescript/lib/lib.es2015.core.d.ts","/usr/local/lib/node_modules/typescript/lib/lib.es2015.collection.d.ts","/usr/local/lib/node_modules/typescript/lib/lib.es2015.generator.d.ts","/usr/local/lib/node_modules/typescript/lib/lib.es2015.iterable.d.ts","/usr/local/lib/node_modules/typescript/lib/lib.es2015.promise.d.ts","/usr/local/lib/node_modules/typescript/lib/lib.es2015.proxy.d.ts","/usr/local/lib/node_modules/typescript/lib/lib.es2015.reflect.d.ts","/usr/local/lib/node_modules/typescript/lib/lib.es2015.symbol.d.ts","/usr/local/lib/node_modules/typescript/lib/lib.es2015.symbol.wellknown.d.ts","/usr/local/lib/node_modules/typescript/lib/lib.es2016.array.include.d.ts","/usr/local/lib/node_modules/typescript/lib/lib.es2016.full.d.ts","/home/cosmic/myprojects/my_website/src/projects_page/pro.js"],"compilerOptions":{"module":1,"target":3,"jsx":1,"allowJs":true,"allowSyntheticDefaultImports":true,"allowNonTsExtensions":true,"noEmitForJsFiles":true,"maxNodeModuleJsDepth":2},"typeAcquisition":{"enable":true,"include":[],"exclude":[]},"unresolvedImports":[".css"],"projectRootPath":"/home/cosmic/myprojects/my_website/src/projects_page","kind":"discover"}
[12:02:11.792] Explicitly included types: []
[12:02:11.792] Inferred typings from unresolved imports: [".css"]
[12:02:11.792] Result: {"cachedTypingPaths":[],"newTypingNames":[".css"],"filesToWatch":["/home/cosmic/myprojects/my_website/src/projects_page/bower_components","/home/cosmic/myprojects/my_website/src/projects_page/node_modules"]}
[12:02:11.792] Finished typings discovery: {"cachedTypingPaths":[],"newTypingNames":[".css"],"filesToWatch":["/home/cosmic/myprojects/my_website/src/projects_page/bower_components","/home/cosmic/myprojects/my_website/src/projects_page/node_modules"]}
[12:02:11.793] Installing typings [".css"]
[12:02:11.793] '.css':: Package name '.css' cannot start with '.'
[12:02:11.793] All typings are known to be missing or invalid - no need to install more typings
[12:02:11.793] Sending response:
    {"projectName":"/dev/null/inferredProject1*","typeAcquisition":{"enable":true,"include":[],"exclude":[]},"compilerOptions":{"module":1,"target":3,"jsx":1,"allowJs":true,"allowSyntheticDefaultImports":true,"allowNonTsExtensions":true,"noEmitForJsFiles":true,"maxNodeModuleJsDepth":2},"typings":[],"unresolvedImports":[".css"],"kind":"action::set"}
[12:02:11.793] Response has been sent.
[12:02:12.655] Got install request {"projectName":"/dev/null/inferredProject1*","fileNames":["/usr/local/lib/node_modules/typescript/lib/lib.es5.d.ts","/usr/local/lib/node_modules/typescript/lib/lib.es2015.d.ts","/usr/local/lib/node_modules/typescript/lib/lib.es2016.d.ts","/usr/local/lib/node_modules/typescript/lib/lib.dom.d.ts","/usr/local/lib/node_modules/typescript/lib/lib.dom.iterable.d.ts","/usr/local/lib/node_modules/typescript/lib/lib.webworker.importscripts.d.ts","/usr/local/lib/node_modules/typescript/lib/lib.scripthost.d.ts","/usr/local/lib/node_modules/typescript/lib/lib.es2015.core.d.ts","/usr/local/lib/node_modules/typescript/lib/lib.es2015.collection.d.ts","/usr/local/lib/node_modules/typescript/lib/lib.es2015.generator.d.ts","/usr/local/lib/node_modules/typescript/lib/lib.es2015.iterable.d.ts","/usr/local/lib/node_modules/typescript/lib/lib.es2015.promise.d.ts","/usr/local/lib/node_modules/typescript/lib/lib.es2015.proxy.d.ts","/usr/local/lib/node_modules/typescript/lib/lib.es2015.reflect.d.ts","/usr/local/lib/node_modules/typescript/lib/lib.es2015.symbol.d.ts","/usr/local/lib/node_modules/typescript/lib/lib.es2015.symbol.wellknown.d.ts","/usr/local/lib/node_modules/typescript/lib/lib.es2016.array.include.d.ts","/usr/local/lib/node_modules/typescript/lib/lib.es2016.full.d.ts","/home/cosmic/myprojects/my_website/src/projects_page/pro.js"],"compilerOptions":{"module":1,"target":3,"jsx":1,"allowJs":true,"allowSyntheticDefaultImports":true,"allowNonTsExtensions":true,"noEmitForJsFiles":true,"maxNodeModuleJsDepth":2},"typeAcquisition":{"enable":true,"include":[],"exclude":[]},"unresolvedImports":["..css"],"projectRootPath":"/home/cosmic/myprojects/my_website/src/projects_page","kind":"discover"}
[12:02:12.656] Explicitly included types: []
[12:02:12.656] Inferred typings from unresolved imports: ["..css"]
[12:02:12.656] Result: {"cachedTypingPaths":[],"newTypingNames":["..css"],"filesToWatch":["/home/cosmic/myprojects/my_website/src/projects_page/bower_components","/home/cosmic/myprojects/my_website/src/projects_page/node_modules"]}
[12:02:12.656] Finished typings discovery: {"cachedTypingPaths":[],"newTypingNames":["..css"],"filesToWatch":["/home/cosmic/myprojects/my_website/src/projects_page/bower_components","/home/cosmic/myprojects/my_website/src/projects_page/node_modules"]}
[12:02:12.656] Installing typings ["..css"]
[12:02:12.656] '..css':: '..css' is in missingTypingsSet - skipping...
[12:02:12.657] All typings are known to be missing or invalid - no need to install more typings
[12:02:12.657] Sending response:
    {"projectName":"/dev/null/inferredProject1*","typeAcquisition":{"enable":true,"include":[],"exclude":[]},"compilerOptions":{"module":1,"target":3,"jsx":1,"allowJs":true,"allowSyntheticDefaultImports":true,"allowNonTsExtensions":true,"noEmitForJsFiles":true,"maxNodeModuleJsDepth":2},"typings":[],"unresolvedImports":["..css"],"kind":"action::set"}
[12:02:12.657] Response has been sent.
[12:02:13.068] Got install request {"projectName":"/dev/null/inferredProject1*","fileNames":["/usr/local/lib/node_modules/typescript/lib/lib.es5.d.ts","/usr/local/lib/node_modules/typescript/lib/lib.es2015.d.ts","/usr/local/lib/node_modules/typescript/lib/lib.es2016.d.ts","/usr/local/lib/node_modules/typescript/lib/lib.dom.d.ts","/usr/local/lib/node_modules/typescript/lib/lib.dom.iterable.d.ts","/usr/local/lib/node_modules/typescript/lib/lib.webworker.importscripts.d.ts","/usr/local/lib/node_modules/typescript/lib/lib.scripthost.d.ts","/usr/local/lib/node_modules/typescript/lib/lib.es2015.core.d.ts","/usr/local/lib/node_modules/typescript/lib/lib.es2015.collection.d.ts","/usr/local/lib/node_modules/typescript/lib/lib.es2015.generator.d.ts","/usr/local/lib/node_modules/typescript/lib/lib.es2015.iterable.d.ts","/usr/local/lib/node_modules/typescript/lib/lib.es2015.promise.d.ts","/usr/local/lib/node_modules/typescript/lib/lib.es2015.proxy.d.ts","/usr/local/lib/node_modules/typescript/lib/lib.es2015.reflect.d.ts","/usr/local/lib/node_modules/typescript/lib/lib.es2015.symbol.d.ts","/usr/local/lib/node_modules/typescript/lib/lib.es2015.symbol.wellknown.d.ts","/usr/local/lib/node_modules/typescript/lib/lib.es2016.array.include.d.ts","/usr/local/lib/node_modules/typescript/lib/lib.es2016.full.d.ts","/home/cosmic/myprojects/my_website/src/projects_page/pro.js"],"compilerOptions":{"module":1,"target":3,"jsx":1,"allowJs":true,"allowSyntheticDefaultImports":true,"allowNonTsExtensions":true,"noEmitForJsFiles":true,"maxNodeModuleJsDepth":2},"typeAcquisition":{"enable":true,"include":[],"exclude":[]},"unresolvedImports":[],"projectRootPath":"/home/cosmic/myprojects/my_website/src/projects_page","kind":"discover"}
[12:02:13.068] Explicitly included types: []
[12:02:13.068] Inferred typings from unresolved imports: []
[12:02:13.068] Result: {"cachedTypingPaths":[],"newTypingNames":[],"filesToWatch":["/home/cosmic/myprojects/my_website/src/projects_page/bower_components","/home/cosmic/myprojects/my_website/src/projects_page/node_modules"]}
[12:02:13.069] Finished typings discovery: {"cachedTypingPaths":[],"newTypingNames":[],"filesToWatch":["/home/cosmic/myprojects/my_website/src/projects_page/bower_components","/home/cosmic/myprojects/my_website/src/projects_page/node_modules"]}
[12:02:13.069] Sending response:
    {"projectName":"/dev/null/inferredProject1*","typeAcquisition":{"enable":true,"include":[],"exclude":[]},"compilerOptions":{"module":1,"target":3,"jsx":1,"allowJs":true,"allowSyntheticDefaultImports":true,"allowNonTsExtensions":true,"noEmitForJsFiles":true,"maxNodeModuleJsDepth":2},"typings":[],"unresolvedImports":[],"kind":"action::set"}
[12:02:13.069] Response has been sent.
[12:02:13.069] No new typings were requested as a result of typings discovery
[12:02:28.024] Got install request {"projectName":"/dev/null/inferredProject1*","fileNames":["/usr/local/lib/node_modules/typescript/lib/lib.es5.d.ts","/usr/local/lib/node_modules/typescript/lib/lib.es2015.d.ts","/usr/local/lib/node_modules/typescript/lib/lib.es2016.d.ts","/usr/local/lib/node_modules/typescript/lib/lib.dom.d.ts","/usr/local/lib/node_modules/typescript/lib/lib.dom.iterable.d.ts","/usr/local/lib/node_modules/typescript/lib/lib.webworker.importscripts.d.ts","/usr/local/lib/node_modules/typescript/lib/lib.scripthost.d.ts","/usr/local/lib/node_modules/typescript/lib/lib.es2015.core.d.ts","/usr/local/lib/node_modules/typescript/lib/lib.es2015.collection.d.ts","/usr/local/lib/node_modules/typescript/lib/lib.es2015.generator.d.ts","/usr/local/lib/node_modules/typescript/lib/lib.es2015.iterable.d.ts","/usr/local/lib/node_modules/typescript/lib/lib.es2015.promise.d.ts","/usr/local/lib/node_modules/typescript/lib/lib.es2015.proxy.d.ts","/usr/local/lib/node_modules/typescript/lib/lib.es2015.reflect.d.ts","/usr/local/lib/node_modules/typescript/lib/lib.es2015.symbol.d.ts","/usr/local/lib/node_modules/typescript/lib/lib.es2015.symbol.wellknown.d.ts","/usr/local/lib/node_modules/typescript/lib/lib.es2016.array.include.d.ts","/usr/local/lib/node_modules/typescript/lib/lib.es2016.full.d.ts","/home/cosmic/myprojects/my_website/src/projects_page/index.js","/home/cosmic/myprojects/my_website/src/projects_page/pro.js"],"compilerOptions":{"module":1,"target":3,"jsx":1,"allowJs":true,"allowSyntheticDefaultImports":true,"allowNonTsExtensions":true,"noEmitForJsFiles":true,"maxNodeModuleJsDepth":2},"typeAcquisition":{"enable":true,"include":[],"exclude":[]},"unresolvedImports":[],"projectRootPath":"/home/cosmic/myprojects/my_website/src/projects_page","kind":"discover"}
[12:02:28.025] Explicitly included types: []
[12:02:28.025] Inferred typings from unresolved imports: []
[12:02:28.025] Result: {"cachedTypingPaths":[],"newTypingNames":[],"filesToWatch":["/home/cosmic/myprojects/my_website/src/projects_page/bower_components","/home/cosmic/myprojects/my_website/src/projects_page/node_modules"]}
[12:02:28.025] Finished typings discovery: {"cachedTypingPaths":[],"newTypingNames":[],"filesToWatch":["/home/cosmic/myprojects/my_website/src/projects_page/bower_components","/home/cosmic/myprojects/my_website/src/projects_page/node_modules"]}
[12:02:28.025] Sending response:
    {"projectName":"/dev/null/inferredProject1*","typeAcquisition":{"enable":true,"include":[],"exclude":[]},"compilerOptions":{"module":1,"target":3,"jsx":1,"allowJs":true,"allowSyntheticDefaultImports":true,"allowNonTsExtensions":true,"noEmitForJsFiles":true,"maxNodeModuleJsDepth":2},"typings":[],"unresolvedImports":[],"kind":"action::set"}
[12:02:28.025] Response has been sent.
[12:02:28.025] No new typings were requested as a result of typings discovery
[12:02:28.446] Got install request {"projectName":"/dev/null/inferredProject2*","fileNames":["/usr/local/lib/node_modules/typescript/lib/lib.es5.d.ts","/usr/local/lib/node_modules/typescript/lib/lib.es2015.d.ts","/usr/local/lib/node_modules/typescript/lib/lib.es2016.d.ts","/usr/local/lib/node_modules/typescript/lib/lib.dom.d.ts","/usr/local/lib/node_modules/typescript/lib/lib.dom.iterable.d.ts","/usr/local/lib/node_modules/typescript/lib/lib.webworker.importscripts.d.ts","/usr/local/lib/node_modules/typescript/lib/lib.scripthost.d.ts","/usr/local/lib/node_modules/typescript/lib/lib.es2015.core.d.ts","/usr/local/lib/node_modules/typescript/lib/lib.es2015.collection.d.ts","/usr/local/lib/node_modules/typescript/lib/lib.es2015.generator.d.ts","/usr/local/lib/node_modules/typescript/lib/lib.es2015.iterable.d.ts","/usr/local/lib/node_modules/typescript/lib/lib.es2015.promise.d.ts","/usr/local/lib/node_modules/typescript/lib/lib.es2015.proxy.d.ts","/usr/local/lib/node_modules/typescript/lib/lib.es2015.reflect.d.ts","/usr/local/lib/node_modules/typescript/lib/lib.es2015.symbol.d.ts","/usr/local/lib/node_modules/typescript/lib/lib.es2015.symbol.wellknown.d.ts","/usr/local/lib/node_modules/typescript/lib/lib.es2016.array.include.d.ts","/usr/local/lib/node_modules/typescript/lib/lib.es2016.full.d.ts","/home/cosmic/myprojects/my_website/src/components/blogcard/bob.js","/home/cosmic/myprojects/my_website/src/components/blogcard/bob2.js","/home/cosmic/myprojects/my_website/src/body/about.js","/home/cosmic/myprojects/my_website/src/projects_page/index.js","/home/cosmic/myprojects/my_website/src/projects_page/pro.js","/home/cosmic/myprojects/my_website/src/body/body.js"],"compilerOptions":{"module":1,"target":3,"jsx":1,"allowJs":true,"allowSyntheticDefaultImports":true,"allowNonTsExtensions":true,"noEmitForJsFiles":true,"maxNodeModuleJsDepth":2},"typeAcquisition":{"enable":true,"include":[],"exclude":[]},"unresolvedImports":[],"projectRootPath":"/home/cosmic/myprojects/my_website/src/body","kind":"discover"}
[12:02:28.446] Explicitly included types: []
[12:02:28.446] Inferred typings from unresolved imports: []
[12:02:28.447] Result: {"cachedTypingPaths":[],"newTypingNames":[],"filesToWatch":["/home/cosmic/myprojects/my_website/src/components/blogcard/bower_components","/home/cosmic/myprojects/my_website/src/components/blogcard/node_modules","/home/cosmic/myprojects/my_website/src/body/bower_components","/home/cosmic/myprojects/my_website/src/body/node_modules","/home/cosmic/myprojects/my_website/src/projects_page/bower_components","/home/cosmic/myprojects/my_website/src/projects_page/node_modules"]}
[12:02:28.447] Finished typings discovery: {"cachedTypingPaths":[],"newTypingNames":[],"filesToWatch":["/home/cosmic/myprojects/my_website/src/components/blogcard/bower_components","/home/cosmic/myprojects/my_website/src/components/blogcard/node_modules","/home/cosmic/myprojects/my_website/src/body/bower_components","/home/cosmic/myprojects/my_website/src/body/node_modules","/home/cosmic/myprojects/my_website/src/projects_page/bower_components","/home/cosmic/myprojects/my_website/src/projects_page/node_modules"]}
[12:02:28.447] Sending response:
    {"projectName":"/dev/null/inferredProject2*","typeAcquisition":{"enable":true,"include":[],"exclude":[]},"compilerOptions":{"module":1,"target":3,"jsx":1,"allowJs":true,"allowSyntheticDefaultImports":true,"allowNonTsExtensions":true,"noEmitForJsFiles":true,"maxNodeModuleJsDepth":2},"typings":[],"unresolvedImports":[],"kind":"action::set"}
[12:02:28.447] Response has been sent.
[12:02:28.447] No new typings were requested as a result of typings discovery
[12:03:22.040] Got install request {"projectName":"/dev/null/inferredProject1*","fileNames":["/usr/local/lib/node_modules/typescript/lib/lib.es5.d.ts","/usr/local/lib/node_modules/typescript/lib/lib.es2015.d.ts","/usr/local/lib/node_modules/typescript/lib/lib.es2016.d.ts","/usr/local/lib/node_modules/typescript/lib/lib.dom.d.ts","/usr/local/lib/node_modules/typescript/lib/lib.dom.iterable.d.ts","/usr/local/lib/node_modules/typescript/lib/lib.webworker.importscripts.d.ts","/usr/local/lib/node_modules/typescript/lib/lib.scripthost.d.ts","/usr/local/lib/node_modules/typescript/lib/lib.es2015.core.d.ts","/usr/local/lib/node_modules/typescript/lib/lib.es2015.collection.d.ts","/usr/local/lib/node_modules/typescript/lib/lib.es2015.generator.d.ts","/usr/local/lib/node_modules/typescript/lib/lib.es2015.iterable.d.ts","/usr/local/lib/node_modules/typescript/lib/lib.es2015.promise.d.ts","/usr/local/lib/node_modules/typescript/lib/lib.es2015.proxy.d.ts","/usr/local/lib/node_modules/typescript/lib/lib.es2015.reflect.d.ts","/usr/local/lib/node_modules/typescript/lib/lib.es2015.symbol.d.ts","/usr/local/lib/node_modules/typescript/lib/lib.es2015.symbol.wellknown.d.ts","/usr/local/lib/node_modules/typescript/lib/lib.es2016.array.include.d.ts","/usr/local/lib/node_modules/typescript/lib/lib.es2016.full.d.ts","/home/cosmic/myprojects/my_website/src/projects_page/pro.js"],"compilerOptions":{"module":1,"target":3,"jsx":1,"allowJs":true,"allowSyntheticDefaultImports":true,"allowNonTsExtensions":true,"noEmitForJsFiles":true,"maxNodeModuleJsDepth":2},"typeAcquisition":{"enable":true,"include":[],"exclude":[]},"unresolvedImports":[],"projectRootPath":"/home/cosmic/myprojects/my_website/src/projects_page","kind":"discover"}
[12:03:22.041] Explicitly included types: []
[12:03:22.041] Inferred typings from unresolved imports: []
[12:03:22.041] Result: {"cachedTypingPaths":[],"newTypingNames":[],"filesToWatch":["/home/cosmic/myprojects/my_website/src/projects_page/bower_components","/home/cosmic/myprojects/my_website/src/projects_page/node_modules"]}
[12:03:22.041] Finished typings discovery: {"cachedTypingPaths":[],"newTypingNames":[],"filesToWatch":["/home/cosmic/myprojects/my_website/src/projects_page/bower_components","/home/cosmic/myprojects/my_website/src/projects_page/node_modules"]}
[12:03:22.042] Sending response:
    {"projectName":"/dev/null/inferredProject1*","typeAcquisition":{"enable":true,"include":[],"exclude":[]},"compilerOptions":{"module":1,"target":3,"jsx":1,"allowJs":true,"allowSyntheticDefaultImports":true,"allowNonTsExtensions":true,"noEmitForJsFiles":true,"maxNodeModuleJsDepth":2},"typings":[],"unresolvedImports":[],"kind":"action::set"}
[12:03:22.042] Response has been sent.
[12:03:22.042] No new typings were requested as a result of typings discovery
[12:03:23.477] Got install request {"projectName":"/dev/null/inferredProject2*","fileNames":["/usr/local/lib/node_modules/typescript/lib/lib.es5.d.ts","/usr/local/lib/node_modules/typescript/lib/lib.es2015.d.ts","/usr/local/lib/node_modules/typescript/lib/lib.es2016.d.ts","/usr/local/lib/node_modules/typescript/lib/lib.dom.d.ts","/usr/local/lib/node_modules/typescript/lib/lib.dom.iterable.d.ts","/usr/local/lib/node_modules/typescript/lib/lib.webworker.importscripts.d.ts","/usr/local/lib/node_modules/typescript/lib/lib.scripthost.d.ts","/usr/local/lib/node_modules/typescript/lib/lib.es2015.core.d.ts","/usr/local/lib/node_modules/typescript/lib/lib.es2015.collection.d.ts","/usr/local/lib/node_modules/typescript/lib/lib.es2015.generator.d.ts","/usr/local/lib/node_modules/typescript/lib/lib.es2015.iterable.d.ts","/usr/local/lib/node_modules/typescript/lib/lib.es2015.promise.d.ts","/usr/local/lib/node_modules/typescript/lib/lib.es2015.proxy.d.ts","/usr/local/lib/node_modules/typescript/lib/lib.es2015.reflect.d.ts","/usr/local/lib/node_modules/typescript/lib/lib.es2015.symbol.d.ts","/usr/local/lib/node_modules/typescript/lib/lib.es2015.symbol.wellknown.d.ts","/usr/local/lib/node_modules/typescript/lib/lib.es2016.array.include.d.ts","/usr/local/lib/node_modules/typescript/lib/lib.es2016.full.d.ts","/home/cosmic/myprojects/my_website/src/components/blogcard/bob.js","/home/cosmic/myprojects/my_website/src/components/blogcard/bob2.js","/home/cosmic/myprojects/my_website/src/body/about.js","/home/cosmic/myprojects/my_website/src/projects_page/pro.js","/home/cosmic/myprojects/my_website/src/body/body.js"],"compilerOptions":{"module":1,"target":3,"jsx":1,"allowJs":true,"allowSyntheticDefaultImports":true,"allowNonTsExtensions":true,"noEmitForJsFiles":true,"maxNodeModuleJsDepth":2},"typeAcquisition":{"enable":true,"include":[],"exclude":[]},"unresolvedImports":[],"projectRootPath":"/home/cosmic/myprojects/my_website/src/body","kind":"discover"}
[12:03:23.477] Explicitly included types: []
[12:03:23.477] Inferred typings from unresolved imports: []
[12:03:23.477] Result: {"cachedTypingPaths":[],"newTypingNames":[],"filesToWatch":["/home/cosmic/myprojects/my_website/src/components/blogcard/bower_components","/home/cosmic/myprojects/my_website/src/components/blogcard/node_modules","/home/cosmic/myprojects/my_website/src/body/bower_components","/home/cosmic/myprojects/my_website/src/body/node_modules","/home/cosmic/myprojects/my_website/src/projects_page/bower_components","/home/cosmic/myprojects/my_website/src/projects_page/node_modules"]}
[12:03:23.477] Finished typings discovery: {"cachedTypingPaths":[],"newTypingNames":[],"filesToWatch":["/home/cosmic/myprojects/my_website/src/components/blogcard/bower_components","/home/cosmic/myprojects/my_website/src/components/blogcard/node_modules","/home/cosmic/myprojects/my_website/src/body/bower_components","/home/cosmic/myprojects/my_website/src/body/node_modules","/home/cosmic/myprojects/my_website/src/projects_page/bower_components","/home/cosmic/myprojects/my_website/src/projects_page/node_modules"]}
[12:03:23.477] Sending response:
    {"projectName":"/dev/null/inferredProject2*","typeAcquisition":{"enable":true,"include":[],"exclude":[]},"compilerOptions":{"module":1,"target":3,"jsx":1,"allowJs":true,"allowSyntheticDefaultImports":true,"allowNonTsExtensions":true,"noEmitForJsFiles":true,"maxNodeModuleJsDepth":2},"typings":[],"unresolvedImports":[],"kind":"action::set"}
[12:03:23.477] Response has been sent.
[12:03:23.477] No new typings were requested as a result of typings discovery
[12:05:41.244] Got install request {"projectName":"/dev/null/inferredProject1*","fileNames":[],"compilerOptions":{"module":1,"target":3,"jsx":1,"allowJs":true,"allowSyntheticDefaultImports":true,"allowNonTsExtensions":true,"noEmitForJsFiles":true},"typeAcquisition":{"enable":true,"include":[],"exclude":[]},"unresolvedImports":[],"projectRootPath":"/home/cosmic/myprojects/my_website/src/projects_page","kind":"discover"}
[12:05:41.244] Explicitly included types: []
[12:05:41.244] Inferred typings from unresolved imports: []
[12:05:41.245] Result: {"cachedTypingPaths":[],"newTypingNames":[],"filesToWatch":["/home/cosmic/myprojects/my_website/src/projects_page/bower_components","/home/cosmic/myprojects/my_website/src/projects_page/node_modules"]}
[12:05:41.245] Finished typings discovery: {"cachedTypingPaths":[],"newTypingNames":[],"filesToWatch":["/home/cosmic/myprojects/my_website/src/projects_page/bower_components","/home/cosmic/myprojects/my_website/src/projects_page/node_modules"]}
[12:05:41.245] Sending response:
    {"projectName":"/dev/null/inferredProject1*","typeAcquisition":{"enable":true,"include":[],"exclude":[]},"compilerOptions":{"module":1,"target":3,"jsx":1,"allowJs":true,"allowSyntheticDefaultImports":true,"allowNonTsExtensions":true,"noEmitForJsFiles":true},"typings":[],"unresolvedImports":[],"kind":"action::set"}
[12:05:41.245] Response has been sent.
[12:05:41.245] No new typings were requested as a result of typings discovery
