[06:11:48.012] Global cache location '/home/cosmic/.cache/typescript/4.7', safe file path '/usr/local/lib/node_modules/typescript/lib/typingSafeList.json', types map path /usr/local/lib/node_modules/typescript/lib/typesMap.json
[06:11:48.013] Processing cache location '/home/cosmic/.cache/typescript/4.7'
[06:11:48.013] Trying to find '/home/cosmic/.cache/typescript/4.7/package.json'...
[06:11:48.110] Loaded content of '/home/cosmic/.cache/typescript/4.7/package.json': {"private":true,"dependencies":{"types-registry":"^0.1.603"},"devDependencies":{"@types/body-parser":"^1.19.2","@types/express":"^4.17.13","@types/merge-descriptors":"^1.0.1","@types/multer":"^1.4.7","@types/nodemon":"^1.19.2","@types/react":"^18.0.15","@types/react-dom":"^18.0.6","@types/serve-static":"^1.13.10","@types/styled-components":"^5.1.25"}}
[06:11:48.110] Loaded content of '/home/cosmic/.cache/typescript/4.7/package-lock.json'
[06:11:48.263] Adding entry into typings cache: 'body-parser' => '/home/cosmic/.cache/typescript/4.7/node_modules/@types/body-parser/index.d.ts'
[06:11:48.272] Adding entry into typings cache: 'express' => '/home/cosmic/.cache/typescript/4.7/node_modules/@types/express/index.d.ts'
[06:11:48.309] Adding entry into typings cache: 'merge-descriptors' => '/home/cosmic/.cache/typescript/4.7/node_modules/@types/merge-descriptors/index.d.ts'
[06:11:48.374] Adding entry into typings cache: 'multer' => '/home/cosmic/.cache/typescript/4.7/node_modules/@types/multer/index.d.ts'
[06:11:48.389] Adding entry into typings cache: 'nodemon' => '/home/cosmic/.cache/typescript/4.7/node_modules/@types/nodemon/index.d.ts'
[06:11:48.422] Adding entry into typings cache: 'react' => '/home/cosmic/.cache/typescript/4.7/node_modules/@types/react/index.d.ts'
[06:11:48.491] Adding entry into typings cache: 'react-dom' => '/home/cosmic/.cache/typescript/4.7/node_modules/@types/react-dom/index.d.ts'
[06:11:48.530] Adding entry into typings cache: 'serve-static' => '/home/cosmic/.cache/typescript/4.7/node_modules/@types/serve-static/index.d.ts'
[06:11:48.689] Adding entry into typings cache: 'styled-components' => '/home/cosmic/.cache/typescript/4.7/node_modules/@types/styled-components/index.d.ts'
[06:11:48.689] Finished processing cache location '/home/cosmic/.cache/typescript/4.7'
[06:11:48.689] Process id: 2770
[06:11:48.689] NPM location: /snap/node/6488/bin/npm (explicit '--npmLocation' not  provided)
[06:11:48.689] validateDefaultNpmLocation: false
[06:11:48.689] Npm config file: /home/cosmic/.cache/typescript/4.7/package.json
[06:11:48.689] Updating types-registry npm package...
[06:11:48.689] Exec: /snap/node/6488/bin/npm install --ignore-scripts types-registry@latest
[06:13:00.282]     Succeeded. stdout:
[06:13:00.282] Updated types-registry npm package
[06:13:00.356] Got install request {"projectName":"/dev/null/inferredProject1*","fileNames":["/usr/local/lib/node_modules/typescript/lib/lib.es5.d.ts","/usr/local/lib/node_modules/typescript/lib/lib.es2015.d.ts","/usr/local/lib/node_modules/typescript/lib/lib.es2016.d.ts","/usr/local/lib/node_modules/typescript/lib/lib.dom.d.ts","/usr/local/lib/node_modules/typescript/lib/lib.dom.iterable.d.ts","/usr/local/lib/node_modules/typescript/lib/lib.webworker.importscripts.d.ts","/usr/local/lib/node_modules/typescript/lib/lib.scripthost.d.ts","/usr/local/lib/node_modules/typescript/lib/lib.es2015.core.d.ts","/usr/local/lib/node_modules/typescript/lib/lib.es2015.collection.d.ts","/usr/local/lib/node_modules/typescript/lib/lib.es2015.generator.d.ts","/usr/local/lib/node_modules/typescript/lib/lib.es2015.iterable.d.ts","/usr/local/lib/node_modules/typescript/lib/lib.es2015.promise.d.ts","/usr/local/lib/node_modules/typescript/lib/lib.es2015.proxy.d.ts","/usr/local/lib/node_modules/typescript/lib/lib.es2015.reflect.d.ts","/usr/local/lib/node_modules/typescript/lib/lib.es2015.symbol.d.ts","/usr/local/lib/node_modules/typescript/lib/lib.es2015.symbol.wellknown.d.ts","/usr/local/lib/node_modules/typescript/lib/lib.es2016.array.include.d.ts","/usr/local/lib/node_modules/typescript/lib/lib.es2016.full.d.ts","/home/cosmic/myprojects/my_website/src/components/cardbar/cardbar.js","/home/cosmic/myprojects/my_website/src/components/slidder/slidebar.js"],"compilerOptions":{"module":1,"target":3,"jsx":1,"allowJs":true,"allowSyntheticDefaultImports":true,"allowNonTsExtensions":true,"noEmitForJsFiles":true,"maxNodeModuleJsDepth":2},"typeAcquisition":{"enable":true,"include":[],"exclude":[]},"unresolvedImports":[],"projectRootPath":"/home/cosmic/myprojects/my_website/src/components/slidder","kind":"discover"}
[06:13:00.372] Loaded safelist from types map file '/usr/local/lib/node_modules/typescript/lib/typesMap.json'
[06:13:00.373] Explicitly included types: []
[06:13:00.374] Inferred typings from unresolved imports: []
[06:13:00.374] Result: {"cachedTypingPaths":[],"newTypingNames":[],"filesToWatch":["/home/cosmic/myprojects/my_website/src/components/cardbar/bower_components","/home/cosmic/myprojects/my_website/src/components/cardbar/node_modules","/home/cosmic/myprojects/my_website/src/components/slidder/bower_components","/home/cosmic/myprojects/my_website/src/components/slidder/node_modules"]}
[06:13:00.374] Finished typings discovery: {"cachedTypingPaths":[],"newTypingNames":[],"filesToWatch":["/home/cosmic/myprojects/my_website/src/components/cardbar/bower_components","/home/cosmic/myprojects/my_website/src/components/cardbar/node_modules","/home/cosmic/myprojects/my_website/src/components/slidder/bower_components","/home/cosmic/myprojects/my_website/src/components/slidder/node_modules"]}
[06:13:00.374] DirectoryWatcher:: Added:: WatchInfo: /home/cosmic/myprojects/my_website/src/components/cardbar/bower_components
[06:13:00.375] DirectoryWatcher:: Added:: WatchInfo: /home/cosmic/myprojects/my_website/src/components/cardbar/bower_components 1 undefined Project: /dev/null/inferredProject1* watcher already invoked: false
[06:13:00.376] Elapsed:: 1.2723729999852367ms DirectoryWatcher:: Added:: WatchInfo: /home/cosmic/myprojects/my_website/src/components/cardbar/bower_components 1 undefined Project: /dev/null/inferredProject1* watcher already invoked: false
[06:13:00.376] DirectoryWatcher:: Added:: WatchInfo: /home/cosmic/myprojects/my_website/src/components/cardbar/node_modules
[06:13:00.376] DirectoryWatcher:: Added:: WatchInfo: /home/cosmic/myprojects/my_website/src/components/cardbar/node_modules 1 undefined Project: /dev/null/inferredProject1* watcher already invoked: false
[06:13:00.377] Elapsed:: 0.10630699998000637ms DirectoryWatcher:: Added:: WatchInfo: /home/cosmic/myprojects/my_website/src/components/cardbar/node_modules 1 undefined Project: /dev/null/inferredProject1* watcher already invoked: false
[06:13:00.377] DirectoryWatcher:: Added:: WatchInfo: /home/cosmic/myprojects/my_website/src/components/slidder/bower_components
[06:13:00.377] DirectoryWatcher:: Added:: WatchInfo: /home/cosmic/myprojects/my_website/src/components/slidder/bower_components 1 undefined Project: /dev/null/inferredProject1* watcher already invoked: false
[06:13:00.377] Elapsed:: 0.08688400004757568ms DirectoryWatcher:: Added:: WatchInfo: /home/cosmic/myprojects/my_website/src/components/slidder/bower_components 1 undefined Project: /dev/null/inferredProject1* watcher already invoked: false
[06:13:00.377] DirectoryWatcher:: Added:: WatchInfo: /home/cosmic/myprojects/my_website/src/components/slidder/node_modules
[06:13:00.377] DirectoryWatcher:: Added:: WatchInfo: /home/cosmic/myprojects/my_website/src/components/slidder/node_modules 1 undefined Project: /dev/null/inferredProject1* watcher already invoked: false
[06:13:00.377] Elapsed:: 0.0832759999902919ms DirectoryWatcher:: Added:: WatchInfo: /home/cosmic/myprojects/my_website/src/components/slidder/node_modules 1 undefined Project: /dev/null/inferredProject1* watcher already invoked: false
[06:13:00.377] Sending response:
    {"projectName":"/dev/null/inferredProject1*","typeAcquisition":{"enable":true,"include":[],"exclude":[]},"compilerOptions":{"module":1,"target":3,"jsx":1,"allowJs":true,"allowSyntheticDefaultImports":true,"allowNonTsExtensions":true,"noEmitForJsFiles":true,"maxNodeModuleJsDepth":2},"typings":[],"unresolvedImports":[],"kind":"action::set"}
[06:13:00.378] Response has been sent.
[06:13:00.378] No new typings were requested as a result of typings discovery
