[19:51:18.148] Global cache location '/home/cosmic/.cache/typescript/4.7', safe file path '/usr/local/lib/node_modules/typescript/lib/typingSafeList.json', types map path /usr/local/lib/node_modules/typescript/lib/typesMap.json
[19:51:18.149] Processing cache location '/home/cosmic/.cache/typescript/4.7'
[19:51:18.149] Trying to find '/home/cosmic/.cache/typescript/4.7/package.json'...
[19:51:18.255] Loaded content of '/home/cosmic/.cache/typescript/4.7/package.json': {"private":true,"dependencies":{"types-registry":"^0.1.601"},"devDependencies":{"@types/react":"^18.0.15","@types/react-dom":"^18.0.6"}}
[19:51:18.255] Loaded content of '/home/cosmic/.cache/typescript/4.7/package-lock.json'
[19:51:18.269] Adding entry into typings cache: 'react' => '/home/cosmic/.cache/typescript/4.7/node_modules/@types/react/index.d.ts'
[19:51:18.272] Adding entry into typings cache: 'react-dom' => '/home/cosmic/.cache/typescript/4.7/node_modules/@types/react-dom/index.d.ts'
[19:51:18.272] Finished processing cache location '/home/cosmic/.cache/typescript/4.7'
[19:51:18.273] Process id: 25911
[19:51:18.273] NPM location: /snap/node/6488/bin/npm (explicit '--npmLocation' not  provided)
[19:51:18.273] validateDefaultNpmLocation: false
[19:51:18.273] Npm config file: /home/cosmic/.cache/typescript/4.7/package.json
[19:51:18.273] Updating types-registry npm package...
[19:51:18.273] Exec: /snap/node/6488/bin/npm install --ignore-scripts types-registry@latest
[19:51:21.020]     Succeeded. stdout:
[19:51:21.021] Updated types-registry npm package
[19:51:46.288] Got install request {"projectName":"/dev/null/inferredProject1*","fileNames":["/usr/local/lib/node_modules/typescript/lib/lib.es5.d.ts","/usr/local/lib/node_modules/typescript/lib/lib.es2015.d.ts","/usr/local/lib/node_modules/typescript/lib/lib.es2016.d.ts","/usr/local/lib/node_modules/typescript/lib/lib.dom.d.ts","/usr/local/lib/node_modules/typescript/lib/lib.dom.iterable.d.ts","/usr/local/lib/node_modules/typescript/lib/lib.webworker.importscripts.d.ts","/usr/local/lib/node_modules/typescript/lib/lib.scripthost.d.ts","/usr/local/lib/node_modules/typescript/lib/lib.es2015.core.d.ts","/usr/local/lib/node_modules/typescript/lib/lib.es2015.collection.d.ts","/usr/local/lib/node_modules/typescript/lib/lib.es2015.generator.d.ts","/usr/local/lib/node_modules/typescript/lib/lib.es2015.iterable.d.ts","/usr/local/lib/node_modules/typescript/lib/lib.es2015.promise.d.ts","/usr/local/lib/node_modules/typescript/lib/lib.es2015.proxy.d.ts","/usr/local/lib/node_modules/typescript/lib/lib.es2015.reflect.d.ts","/usr/local/lib/node_modules/typescript/lib/lib.es2015.symbol.d.ts","/usr/local/lib/node_modules/typescript/lib/lib.es2015.symbol.wellknown.d.ts","/usr/local/lib/node_modules/typescript/lib/lib.es2016.array.include.d.ts","/usr/local/lib/node_modules/typescript/lib/lib.es2016.full.d.ts","/home/cosmic/myprojects/my_website/src/article_page/code_block.js"],"compilerOptions":{"module":1,"target":3,"jsx":1,"allowJs":true,"allowSyntheticDefaultImports":true,"allowNonTsExtensions":true,"noEmitForJsFiles":true,"maxNodeModuleJsDepth":2},"typeAcquisition":{"enable":true,"include":[],"exclude":[]},"unresolvedImports":[],"projectRootPath":"/home/cosmic/myprojects/my_website/src/article_page","kind":"discover"}
[19:51:46.305] Loaded safelist from types map file '/usr/local/lib/node_modules/typescript/lib/typesMap.json'
[19:51:46.305] Explicitly included types: []
[19:51:46.306] Inferred typings from unresolved imports: []
[19:51:46.306] Result: {"cachedTypingPaths":[],"newTypingNames":[],"filesToWatch":["/home/cosmic/myprojects/my_website/src/article_page/bower_components","/home/cosmic/myprojects/my_website/src/article_page/node_modules"]}
[19:51:46.307] Finished typings discovery: {"cachedTypingPaths":[],"newTypingNames":[],"filesToWatch":["/home/cosmic/myprojects/my_website/src/article_page/bower_components","/home/cosmic/myprojects/my_website/src/article_page/node_modules"]}
[19:51:46.307] DirectoryWatcher:: Added:: WatchInfo: /home/cosmic/myprojects/my_website/src/article_page/bower_components
[19:51:46.308] DirectoryWatcher:: Added:: WatchInfo: /home/cosmic/myprojects/my_website/src/article_page/bower_components 1 undefined Project: /dev/null/inferredProject1* watcher already invoked: false
[19:51:46.309] Elapsed:: 1.354839999228716ms DirectoryWatcher:: Added:: WatchInfo: /home/cosmic/myprojects/my_website/src/article_page/bower_components 1 undefined Project: /dev/null/inferredProject1* watcher already invoked: false
[19:51:46.309] DirectoryWatcher:: Added:: WatchInfo: /home/cosmic/myprojects/my_website/src/article_page/node_modules
[19:51:46.309] DirectoryWatcher:: Added:: WatchInfo: /home/cosmic/myprojects/my_website/src/article_page/node_modules 1 undefined Project: /dev/null/inferredProject1* watcher already invoked: false
[19:51:46.310] Elapsed:: 0.129509000107646ms DirectoryWatcher:: Added:: WatchInfo: /home/cosmic/myprojects/my_website/src/article_page/node_modules 1 undefined Project: /dev/null/inferredProject1* watcher already invoked: false
[19:51:46.310] Sending response:
    {"projectName":"/dev/null/inferredProject1*","typeAcquisition":{"enable":true,"include":[],"exclude":[]},"compilerOptions":{"module":1,"target":3,"jsx":1,"allowJs":true,"allowSyntheticDefaultImports":true,"allowNonTsExtensions":true,"noEmitForJsFiles":true,"maxNodeModuleJsDepth":2},"typings":[],"unresolvedImports":[],"kind":"action::set"}
[19:51:46.310] Response has been sent.
[19:51:46.310] No new typings were requested as a result of typings discovery
