[15:18:47.466] Global cache location '/home/cosmic/.cache/typescript/4.7', safe file path '/usr/local/lib/node_modules/typescript/lib/typingSafeList.json', types map path /usr/local/lib/node_modules/typescript/lib/typesMap.json
[15:18:47.466] Processing cache location '/home/cosmic/.cache/typescript/4.7'
[15:18:47.467] Trying to find '/home/cosmic/.cache/typescript/4.7/package.json'...
[15:18:47.633] Loaded content of '/home/cosmic/.cache/typescript/4.7/package.json': {"private":true,"dependencies":{"types-registry":"^0.1.603"},"devDependencies":{"@types/body-parser":"^1.19.2","@types/express":"^4.17.13","@types/merge-descriptors":"^1.0.1","@types/multer":"^1.4.7","@types/nodemon":"^1.19.2","@types/react":"^18.0.15","@types/react-dom":"^18.0.6","@types/serve-static":"^1.13.10","@types/styled-components":"^5.1.25"}}
[15:18:47.633] Loaded content of '/home/cosmic/.cache/typescript/4.7/package-lock.json'
[15:18:47.738] Adding entry into typings cache: 'body-parser' => '/home/cosmic/.cache/typescript/4.7/node_modules/@types/body-parser/index.d.ts'
[15:18:47.742] Adding entry into typings cache: 'express' => '/home/cosmic/.cache/typescript/4.7/node_modules/@types/express/index.d.ts'
[15:18:47.751] Adding entry into typings cache: 'merge-descriptors' => '/home/cosmic/.cache/typescript/4.7/node_modules/@types/merge-descriptors/index.d.ts'
[15:18:47.793] Adding entry into typings cache: 'multer' => '/home/cosmic/.cache/typescript/4.7/node_modules/@types/multer/index.d.ts'
[15:18:47.797] Adding entry into typings cache: 'nodemon' => '/home/cosmic/.cache/typescript/4.7/node_modules/@types/nodemon/index.d.ts'
[15:18:47.841] Adding entry into typings cache: 'react' => '/home/cosmic/.cache/typescript/4.7/node_modules/@types/react/index.d.ts'
[15:18:47.899] Adding entry into typings cache: 'react-dom' => '/home/cosmic/.cache/typescript/4.7/node_modules/@types/react-dom/index.d.ts'
[15:18:47.939] Adding entry into typings cache: 'serve-static' => '/home/cosmic/.cache/typescript/4.7/node_modules/@types/serve-static/index.d.ts'
[15:18:48.075] Adding entry into typings cache: 'styled-components' => '/home/cosmic/.cache/typescript/4.7/node_modules/@types/styled-components/index.d.ts'
[15:18:48.075] Finished processing cache location '/home/cosmic/.cache/typescript/4.7'
[15:18:48.075] Process id: 3551
[15:18:48.075] NPM location: /snap/node/6619/bin/npm (explicit '--npmLocation' not  provided)
[15:18:48.075] validateDefaultNpmLocation: false
[15:18:48.076] Npm config file: /home/cosmic/.cache/typescript/4.7/package.json
[15:18:48.076] Updating types-registry npm package...
[15:18:48.076] Exec: /snap/node/6619/bin/npm install --ignore-scripts types-registry@latest
[15:19:59.613]     Succeeded. stdout:
[15:19:59.628] Updated types-registry npm package
[15:19:59.694] Got install request {"projectName":"/dev/null/inferredProject1*","fileNames":["/usr/local/lib/node_modules/typescript/lib/lib.es5.d.ts","/usr/local/lib/node_modules/typescript/lib/lib.es2015.d.ts","/usr/local/lib/node_modules/typescript/lib/lib.es2016.d.ts","/usr/local/lib/node_modules/typescript/lib/lib.dom.d.ts","/usr/local/lib/node_modules/typescript/lib/lib.dom.iterable.d.ts","/usr/local/lib/node_modules/typescript/lib/lib.webworker.importscripts.d.ts","/usr/local/lib/node_modules/typescript/lib/lib.scripthost.d.ts","/usr/local/lib/node_modules/typescript/lib/lib.es2015.core.d.ts","/usr/local/lib/node_modules/typescript/lib/lib.es2015.collection.d.ts","/usr/local/lib/node_modules/typescript/lib/lib.es2015.generator.d.ts","/usr/local/lib/node_modules/typescript/lib/lib.es2015.iterable.d.ts","/usr/local/lib/node_modules/typescript/lib/lib.es2015.promise.d.ts","/usr/local/lib/node_modules/typescript/lib/lib.es2015.proxy.d.ts","/usr/local/lib/node_modules/typescript/lib/lib.es2015.reflect.d.ts","/usr/local/lib/node_modules/typescript/lib/lib.es2015.symbol.d.ts","/usr/local/lib/node_modules/typescript/lib/lib.es2015.symbol.wellknown.d.ts","/usr/local/lib/node_modules/typescript/lib/lib.es2016.array.include.d.ts","/usr/local/lib/node_modules/typescript/lib/lib.es2016.full.d.ts","/home/cosmic/myprojects/my_website/src/projects_page/index.js"],"compilerOptions":{"module":1,"target":3,"jsx":1,"allowJs":true,"allowSyntheticDefaultImports":true,"allowNonTsExtensions":true,"noEmitForJsFiles":true,"maxNodeModuleJsDepth":2},"typeAcquisition":{"enable":true,"include":[],"exclude":[]},"unresolvedImports":[],"projectRootPath":"/home/cosmic/myprojects/my_website/src/projects_page","kind":"discover"}
[15:19:59.722] Loaded safelist from types map file '/usr/local/lib/node_modules/typescript/lib/typesMap.json'
[15:19:59.722] Explicitly included types: []
[15:19:59.723] Inferred typings from unresolved imports: []
[15:19:59.723] Result: {"cachedTypingPaths":[],"newTypingNames":[],"filesToWatch":["/home/cosmic/myprojects/my_website/src/projects_page/bower_components","/home/cosmic/myprojects/my_website/src/projects_page/node_modules"]}
[15:19:59.723] Finished typings discovery: {"cachedTypingPaths":[],"newTypingNames":[],"filesToWatch":["/home/cosmic/myprojects/my_website/src/projects_page/bower_components","/home/cosmic/myprojects/my_website/src/projects_page/node_modules"]}
[15:19:59.723] DirectoryWatcher:: Added:: WatchInfo: /home/cosmic/myprojects/my_website/src/projects_page/bower_components
[15:19:59.724] DirectoryWatcher:: Added:: WatchInfo: /home/cosmic/myprojects/my_website/src/projects_page/bower_components 1 undefined Project: /dev/null/inferredProject1* watcher already invoked: false
[15:19:59.725] Elapsed:: 1.1944839998614043ms DirectoryWatcher:: Added:: WatchInfo: /home/cosmic/myprojects/my_website/src/projects_page/bower_components 1 undefined Project: /dev/null/inferredProject1* watcher already invoked: false
[15:19:59.725] DirectoryWatcher:: Added:: WatchInfo: /home/cosmic/myprojects/my_website/src/projects_page/node_modules
[15:19:59.725] DirectoryWatcher:: Added:: WatchInfo: /home/cosmic/myprojects/my_website/src/projects_page/node_modules 1 undefined Project: /dev/null/inferredProject1* watcher already invoked: false
[15:19:59.725] Elapsed:: 0.09800300002098083ms DirectoryWatcher:: Added:: WatchInfo: /home/cosmic/myprojects/my_website/src/projects_page/node_modules 1 undefined Project: /dev/null/inferredProject1* watcher already invoked: false
[15:19:59.725] Sending response:
    {"projectName":"/dev/null/inferredProject1*","typeAcquisition":{"enable":true,"include":[],"exclude":[]},"compilerOptions":{"module":1,"target":3,"jsx":1,"allowJs":true,"allowSyntheticDefaultImports":true,"allowNonTsExtensions":true,"noEmitForJsFiles":true,"maxNodeModuleJsDepth":2},"typings":[],"unresolvedImports":[],"kind":"action::set"}
[15:19:59.726] Response has been sent.
[15:19:59.726] No new typings were requested as a result of typings discovery
