[02:35:07.400] Global cache location '/home/cosmic/.cache/typescript/4.7', safe file path '/usr/local/lib/node_modules/typescript/lib/typingSafeList.json', types map path /usr/local/lib/node_modules/typescript/lib/typesMap.json
[02:35:07.401] Processing cache location '/home/cosmic/.cache/typescript/4.7'
[02:35:07.401] Trying to find '/home/cosmic/.cache/typescript/4.7/package.json'...
[02:35:07.459] Loaded content of '/home/cosmic/.cache/typescript/4.7/package.json': {"private":true,"dependencies":{"types-registry":"^0.1.602"},"devDependencies":{"@types/body-parser":"^1.19.2","@types/express":"^4.17.13","@types/merge-descriptors":"^1.0.1","@types/multer":"^1.4.7","@types/nodemon":"^1.19.2","@types/react":"^18.0.15","@types/react-dom":"^18.0.6","@types/serve-static":"^1.13.10"}}
[02:35:07.459] Loaded content of '/home/cosmic/.cache/typescript/4.7/package-lock.json'
[02:35:07.518] Adding entry into typings cache: 'body-parser' => '/home/cosmic/.cache/typescript/4.7/node_modules/@types/body-parser/index.d.ts'
[02:35:07.524] Adding entry into typings cache: 'express' => '/home/cosmic/.cache/typescript/4.7/node_modules/@types/express/index.d.ts'
[02:35:07.575] Adding entry into typings cache: 'merge-descriptors' => '/home/cosmic/.cache/typescript/4.7/node_modules/@types/merge-descriptors/index.d.ts'
[02:35:07.596] Adding entry into typings cache: 'multer' => '/home/cosmic/.cache/typescript/4.7/node_modules/@types/multer/index.d.ts'
[02:35:07.611] Adding entry into typings cache: 'nodemon' => '/home/cosmic/.cache/typescript/4.7/node_modules/@types/nodemon/index.d.ts'
[02:35:07.632] Adding entry into typings cache: 'react' => '/home/cosmic/.cache/typescript/4.7/node_modules/@types/react/index.d.ts'
[02:35:07.691] Adding entry into typings cache: 'react-dom' => '/home/cosmic/.cache/typescript/4.7/node_modules/@types/react-dom/index.d.ts'
[02:35:07.720] Adding entry into typings cache: 'serve-static' => '/home/cosmic/.cache/typescript/4.7/node_modules/@types/serve-static/index.d.ts'
[02:35:07.720] Finished processing cache location '/home/cosmic/.cache/typescript/4.7'
[02:35:07.720] Process id: 3260
[02:35:07.720] NPM location: /snap/node/6488/bin/npm (explicit '--npmLocation' not  provided)
[02:35:07.720] validateDefaultNpmLocation: false
[02:35:07.720] Npm config file: /home/cosmic/.cache/typescript/4.7/package.json
[02:35:07.720] Updating types-registry npm package...
[02:35:07.721] Exec: /snap/node/6488/bin/npm install --ignore-scripts types-registry@latest
[02:36:18.745]     Succeeded. stdout:
[02:36:18.746] Updated types-registry npm package
[02:36:18.807] Got install request {"projectName":"/dev/null/inferredProject1*","fileNames":["/usr/local/lib/node_modules/typescript/lib/lib.es5.d.ts","/usr/local/lib/node_modules/typescript/lib/lib.es2015.d.ts","/usr/local/lib/node_modules/typescript/lib/lib.es2016.d.ts","/usr/local/lib/node_modules/typescript/lib/lib.dom.d.ts","/usr/local/lib/node_modules/typescript/lib/lib.dom.iterable.d.ts","/usr/local/lib/node_modules/typescript/lib/lib.webworker.importscripts.d.ts","/usr/local/lib/node_modules/typescript/lib/lib.scripthost.d.ts","/usr/local/lib/node_modules/typescript/lib/lib.es2015.core.d.ts","/usr/local/lib/node_modules/typescript/lib/lib.es2015.collection.d.ts","/usr/local/lib/node_modules/typescript/lib/lib.es2015.generator.d.ts","/usr/local/lib/node_modules/typescript/lib/lib.es2015.iterable.d.ts","/usr/local/lib/node_modules/typescript/lib/lib.es2015.promise.d.ts","/usr/local/lib/node_modules/typescript/lib/lib.es2015.proxy.d.ts","/usr/local/lib/node_modules/typescript/lib/lib.es2015.reflect.d.ts","/usr/local/lib/node_modules/typescript/lib/lib.es2015.symbol.d.ts","/usr/local/lib/node_modules/typescript/lib/lib.es2015.symbol.wellknown.d.ts","/usr/local/lib/node_modules/typescript/lib/lib.es2016.array.include.d.ts","/usr/local/lib/node_modules/typescript/lib/lib.es2016.full.d.ts","/home/cosmic/myprojects/my_website/src/nav/side.js"],"compilerOptions":{"module":1,"target":3,"jsx":1,"allowJs":true,"allowSyntheticDefaultImports":true,"allowNonTsExtensions":true,"noEmitForJsFiles":true,"maxNodeModuleJsDepth":2},"typeAcquisition":{"enable":true,"include":[],"exclude":[]},"unresolvedImports":[],"projectRootPath":"/home/cosmic/myprojects/my_website/src/nav","kind":"discover"}
[02:36:18.823] Loaded safelist from types map file '/usr/local/lib/node_modules/typescript/lib/typesMap.json'
[02:36:18.824] Explicitly included types: []
[02:36:18.825] Inferred typings from unresolved imports: []
[02:36:18.825] Result: {"cachedTypingPaths":[],"newTypingNames":[],"filesToWatch":["/home/cosmic/myprojects/my_website/src/nav/bower_components","/home/cosmic/myprojects/my_website/src/nav/node_modules"]}
[02:36:18.825] Finished typings discovery: {"cachedTypingPaths":[],"newTypingNames":[],"filesToWatch":["/home/cosmic/myprojects/my_website/src/nav/bower_components","/home/cosmic/myprojects/my_website/src/nav/node_modules"]}
[02:36:18.825] DirectoryWatcher:: Added:: WatchInfo: /home/cosmic/myprojects/my_website/src/nav/bower_components
[02:36:18.826] DirectoryWatcher:: Added:: WatchInfo: /home/cosmic/myprojects/my_website/src/nav/bower_components 1 undefined Project: /dev/null/inferredProject1* watcher already invoked: false
[02:36:18.827] Elapsed:: 1.1633460000157356ms DirectoryWatcher:: Added:: WatchInfo: /home/cosmic/myprojects/my_website/src/nav/bower_components 1 undefined Project: /dev/null/inferredProject1* watcher already invoked: false
[02:36:18.827] DirectoryWatcher:: Added:: WatchInfo: /home/cosmic/myprojects/my_website/src/nav/node_modules
[02:36:18.827] DirectoryWatcher:: Added:: WatchInfo: /home/cosmic/myprojects/my_website/src/nav/node_modules 1 undefined Project: /dev/null/inferredProject1* watcher already invoked: false
[02:36:18.827] Elapsed:: 0.09267799998633564ms DirectoryWatcher:: Added:: WatchInfo: /home/cosmic/myprojects/my_website/src/nav/node_modules 1 undefined Project: /dev/null/inferredProject1* watcher already invoked: false
[02:36:18.827] Sending response:
    {"projectName":"/dev/null/inferredProject1*","typeAcquisition":{"enable":true,"include":[],"exclude":[]},"compilerOptions":{"module":1,"target":3,"jsx":1,"allowJs":true,"allowSyntheticDefaultImports":true,"allowNonTsExtensions":true,"noEmitForJsFiles":true,"maxNodeModuleJsDepth":2},"typings":[],"unresolvedImports":[],"kind":"action::set"}
[02:36:18.828] Response has been sent.
[02:36:18.828] No new typings were requested as a result of typings discovery
[02:42:12.714] Got install request {"projectName":"/dev/null/inferredProject2*","fileNames":["/usr/local/lib/node_modules/typescript/lib/lib.es5.d.ts","/usr/local/lib/node_modules/typescript/lib/lib.es2015.d.ts","/usr/local/lib/node_modules/typescript/lib/lib.es2016.d.ts","/usr/local/lib/node_modules/typescript/lib/lib.dom.d.ts","/usr/local/lib/node_modules/typescript/lib/lib.dom.iterable.d.ts","/usr/local/lib/node_modules/typescript/lib/lib.webworker.importscripts.d.ts","/usr/local/lib/node_modules/typescript/lib/lib.scripthost.d.ts","/usr/local/lib/node_modules/typescript/lib/lib.es2015.core.d.ts","/usr/local/lib/node_modules/typescript/lib/lib.es2015.collection.d.ts","/usr/local/lib/node_modules/typescript/lib/lib.es2015.generator.d.ts","/usr/local/lib/node_modules/typescript/lib/lib.es2015.iterable.d.ts","/usr/local/lib/node_modules/typescript/lib/lib.es2015.promise.d.ts","/usr/local/lib/node_modules/typescript/lib/lib.es2015.proxy.d.ts","/usr/local/lib/node_modules/typescript/lib/lib.es2015.reflect.d.ts","/usr/local/lib/node_modules/typescript/lib/lib.es2015.symbol.d.ts","/usr/local/lib/node_modules/typescript/lib/lib.es2015.symbol.wellknown.d.ts","/usr/local/lib/node_modules/typescript/lib/lib.es2016.array.include.d.ts","/usr/local/lib/node_modules/typescript/lib/lib.es2016.full.d.ts","/home/cosmic/myprojects/my_website/src/nav/menue.js","/home/cosmic/myprojects/my_website/src/nav/topbar.js"],"compilerOptions":{"module":1,"target":3,"jsx":1,"allowJs":true,"allowSyntheticDefaultImports":true,"allowNonTsExtensions":true,"noEmitForJsFiles":true,"maxNodeModuleJsDepth":2},"typeAcquisition":{"enable":true,"include":[],"exclude":[]},"unresolvedImports":[],"projectRootPath":"/home/cosmic/myprojects/my_website/src/nav","kind":"discover"}
[02:42:12.760] Explicitly included types: []
[02:42:12.760] Inferred typings from unresolved imports: []
[02:42:12.760] Result: {"cachedTypingPaths":[],"newTypingNames":[],"filesToWatch":["/home/cosmic/myprojects/my_website/src/nav/bower_components","/home/cosmic/myprojects/my_website/src/nav/node_modules"]}
[02:42:12.760] Finished typings discovery: {"cachedTypingPaths":[],"newTypingNames":[],"filesToWatch":["/home/cosmic/myprojects/my_website/src/nav/bower_components","/home/cosmic/myprojects/my_website/src/nav/node_modules"]}
[02:42:12.760] DirectoryWatcher:: Added:: WatchInfo: /home/cosmic/myprojects/my_website/src/nav/bower_components
[02:42:12.760] DirectoryWatcher:: Added:: WatchInfo: /home/cosmic/myprojects/my_website/src/nav/bower_components 1 undefined Project: /dev/null/inferredProject2* watcher already invoked: false
[02:42:12.760] Elapsed:: 0.020819999976083636ms DirectoryWatcher:: Added:: WatchInfo: /home/cosmic/myprojects/my_website/src/nav/bower_components 1 undefined Project: /dev/null/inferredProject2* watcher already invoked: false
[02:42:12.760] DirectoryWatcher:: Added:: WatchInfo: /home/cosmic/myprojects/my_website/src/nav/node_modules
[02:42:12.761] DirectoryWatcher:: Added:: WatchInfo: /home/cosmic/myprojects/my_website/src/nav/node_modules 1 undefined Project: /dev/null/inferredProject2* watcher already invoked: false
[02:42:12.761] Elapsed:: 0.010845999931916595ms DirectoryWatcher:: Added:: WatchInfo: /home/cosmic/myprojects/my_website/src/nav/node_modules 1 undefined Project: /dev/null/inferredProject2* watcher already invoked: false
[02:42:12.761] Sending response:
    {"projectName":"/dev/null/inferredProject2*","typeAcquisition":{"enable":true,"include":[],"exclude":[]},"compilerOptions":{"module":1,"target":3,"jsx":1,"allowJs":true,"allowSyntheticDefaultImports":true,"allowNonTsExtensions":true,"noEmitForJsFiles":true,"maxNodeModuleJsDepth":2},"typings":[],"unresolvedImports":[],"kind":"action::set"}
[02:42:12.761] Response has been sent.
[02:42:12.761] No new typings were requested as a result of typings discovery
