[14:40:34.246] Global cache location '/home/cosmic/.cache/typescript/4.7', safe file path '/usr/local/lib/node_modules/typescript/lib/typingSafeList.json', types map path /usr/local/lib/node_modules/typescript/lib/typesMap.json
[14:40:34.247] Processing cache location '/home/cosmic/.cache/typescript/4.7'
[14:40:34.247] Trying to find '/home/cosmic/.cache/typescript/4.7/package.json'...
[14:40:34.332] Loaded content of '/home/cosmic/.cache/typescript/4.7/package.json': {"private":true,"dependencies":{"types-registry":"^0.1.602"},"devDependencies":{"@types/body-parser":"^1.19.2","@types/express":"^4.17.13","@types/merge-descriptors":"^1.0.1","@types/multer":"^1.4.7","@types/nodemon":"^1.19.2","@types/react":"^18.0.15","@types/react-dom":"^18.0.6","@types/serve-static":"^1.13.10"}}
[14:40:34.333] Loaded content of '/home/cosmic/.cache/typescript/4.7/package-lock.json'
[14:40:34.412] Adding entry into typings cache: 'body-parser' => '/home/cosmic/.cache/typescript/4.7/node_modules/@types/body-parser/index.d.ts'
[14:40:34.469] Adding entry into typings cache: 'express' => '/home/cosmic/.cache/typescript/4.7/node_modules/@types/express/index.d.ts'
[14:40:34.479] Adding entry into typings cache: 'merge-descriptors' => '/home/cosmic/.cache/typescript/4.7/node_modules/@types/merge-descriptors/index.d.ts'
[14:40:34.499] Adding entry into typings cache: 'multer' => '/home/cosmic/.cache/typescript/4.7/node_modules/@types/multer/index.d.ts'
[14:40:34.503] Adding entry into typings cache: 'nodemon' => '/home/cosmic/.cache/typescript/4.7/node_modules/@types/nodemon/index.d.ts'
[14:40:34.602] Adding entry into typings cache: 'react' => '/home/cosmic/.cache/typescript/4.7/node_modules/@types/react/index.d.ts'
[14:40:34.638] Adding entry into typings cache: 'react-dom' => '/home/cosmic/.cache/typescript/4.7/node_modules/@types/react-dom/index.d.ts'
[14:40:34.666] Adding entry into typings cache: 'serve-static' => '/home/cosmic/.cache/typescript/4.7/node_modules/@types/serve-static/index.d.ts'
[14:40:34.666] Finished processing cache location '/home/cosmic/.cache/typescript/4.7'
[14:40:34.667] Process id: 3204
[14:40:34.667] NPM location: /snap/node/6488/bin/npm (explicit '--npmLocation' not  provided)
[14:40:34.667] validateDefaultNpmLocation: false
[14:40:34.667] Npm config file: /home/cosmic/.cache/typescript/4.7/package.json
[14:40:34.667] Updating types-registry npm package...
[14:40:34.667] Exec: /snap/node/6488/bin/npm install --ignore-scripts types-registry@latest
[14:41:45.843]     Succeeded. stdout:
[14:41:45.843] Updated types-registry npm package
[14:41:45.916] Got install request {"projectName":"/dev/null/inferredProject1*","fileNames":["/usr/local/lib/node_modules/typescript/lib/lib.es5.d.ts","/usr/local/lib/node_modules/typescript/lib/lib.es2015.d.ts","/usr/local/lib/node_modules/typescript/lib/lib.es2016.d.ts","/usr/local/lib/node_modules/typescript/lib/lib.dom.d.ts","/usr/local/lib/node_modules/typescript/lib/lib.dom.iterable.d.ts","/usr/local/lib/node_modules/typescript/lib/lib.webworker.importscripts.d.ts","/usr/local/lib/node_modules/typescript/lib/lib.scripthost.d.ts","/usr/local/lib/node_modules/typescript/lib/lib.es2015.core.d.ts","/usr/local/lib/node_modules/typescript/lib/lib.es2015.collection.d.ts","/usr/local/lib/node_modules/typescript/lib/lib.es2015.generator.d.ts","/usr/local/lib/node_modules/typescript/lib/lib.es2015.iterable.d.ts","/usr/local/lib/node_modules/typescript/lib/lib.es2015.promise.d.ts","/usr/local/lib/node_modules/typescript/lib/lib.es2015.proxy.d.ts","/usr/local/lib/node_modules/typescript/lib/lib.es2015.reflect.d.ts","/usr/local/lib/node_modules/typescript/lib/lib.es2015.symbol.d.ts","/usr/local/lib/node_modules/typescript/lib/lib.es2015.symbol.wellknown.d.ts","/usr/local/lib/node_modules/typescript/lib/lib.es2016.array.include.d.ts","/usr/local/lib/node_modules/typescript/lib/lib.es2016.full.d.ts","/home/cosmic/myprojects/my_website/src/components/cardbar/cardbar.js","/home/cosmic/myprojects/my_website/src/components/slidder/slidebar.js"],"compilerOptions":{"module":1,"target":3,"jsx":1,"allowJs":true,"allowSyntheticDefaultImports":true,"allowNonTsExtensions":true,"noEmitForJsFiles":true,"maxNodeModuleJsDepth":2},"typeAcquisition":{"enable":true,"include":[],"exclude":[]},"unresolvedImports":[],"projectRootPath":"/home/cosmic/myprojects/my_website/src/components/slidder","kind":"discover"}
[14:41:45.935] Loaded safelist from types map file '/usr/local/lib/node_modules/typescript/lib/typesMap.json'
[14:41:45.936] Explicitly included types: []
[14:41:45.937] Inferred typings from unresolved imports: []
[14:41:45.937] Result: {"cachedTypingPaths":[],"newTypingNames":[],"filesToWatch":["/home/cosmic/myprojects/my_website/src/components/cardbar/bower_components","/home/cosmic/myprojects/my_website/src/components/cardbar/node_modules","/home/cosmic/myprojects/my_website/src/components/slidder/bower_components","/home/cosmic/myprojects/my_website/src/components/slidder/node_modules"]}
[14:41:45.937] Finished typings discovery: {"cachedTypingPaths":[],"newTypingNames":[],"filesToWatch":["/home/cosmic/myprojects/my_website/src/components/cardbar/bower_components","/home/cosmic/myprojects/my_website/src/components/cardbar/node_modules","/home/cosmic/myprojects/my_website/src/components/slidder/bower_components","/home/cosmic/myprojects/my_website/src/components/slidder/node_modules"]}
[14:41:45.937] DirectoryWatcher:: Added:: WatchInfo: /home/cosmic/myprojects/my_website/src/components/cardbar/bower_components
[14:41:45.938] DirectoryWatcher:: Added:: WatchInfo: /home/cosmic/myprojects/my_website/src/components/cardbar/bower_components 1 undefined Project: /dev/null/inferredProject1* watcher already invoked: false
[14:41:45.939] Elapsed:: 1.255529000191018ms DirectoryWatcher:: Added:: WatchInfo: /home/cosmic/myprojects/my_website/src/components/cardbar/bower_components 1 undefined Project: /dev/null/inferredProject1* watcher already invoked: false
[14:41:45.939] DirectoryWatcher:: Added:: WatchInfo: /home/cosmic/myprojects/my_website/src/components/cardbar/node_modules
[14:41:45.939] DirectoryWatcher:: Added:: WatchInfo: /home/cosmic/myprojects/my_website/src/components/cardbar/node_modules 1 undefined Project: /dev/null/inferredProject1* watcher already invoked: false
[14:41:45.939] Elapsed:: 0.10224399995058775ms DirectoryWatcher:: Added:: WatchInfo: /home/cosmic/myprojects/my_website/src/components/cardbar/node_modules 1 undefined Project: /dev/null/inferredProject1* watcher already invoked: false
[14:41:45.939] DirectoryWatcher:: Added:: WatchInfo: /home/cosmic/myprojects/my_website/src/components/slidder/bower_components
[14:41:45.939] DirectoryWatcher:: Added:: WatchInfo: /home/cosmic/myprojects/my_website/src/components/slidder/bower_components 1 undefined Project: /dev/null/inferredProject1* watcher already invoked: false
[14:41:45.939] Elapsed:: 0.08966499986127019ms DirectoryWatcher:: Added:: WatchInfo: /home/cosmic/myprojects/my_website/src/components/slidder/bower_components 1 undefined Project: /dev/null/inferredProject1* watcher already invoked: false
[14:41:45.940] DirectoryWatcher:: Added:: WatchInfo: /home/cosmic/myprojects/my_website/src/components/slidder/node_modules
[14:41:45.940] DirectoryWatcher:: Added:: WatchInfo: /home/cosmic/myprojects/my_website/src/components/slidder/node_modules 1 undefined Project: /dev/null/inferredProject1* watcher already invoked: false
[14:41:45.940] Elapsed:: 0.0928319999948144ms DirectoryWatcher:: Added:: WatchInfo: /home/cosmic/myprojects/my_website/src/components/slidder/node_modules 1 undefined Project: /dev/null/inferredProject1* watcher already invoked: false
[14:41:45.940] Sending response:
    {"projectName":"/dev/null/inferredProject1*","typeAcquisition":{"enable":true,"include":[],"exclude":[]},"compilerOptions":{"module":1,"target":3,"jsx":1,"allowJs":true,"allowSyntheticDefaultImports":true,"allowNonTsExtensions":true,"noEmitForJsFiles":true,"maxNodeModuleJsDepth":2},"typings":[],"unresolvedImports":[],"kind":"action::set"}
[14:41:45.940] Response has been sent.
[14:41:45.940] No new typings were requested as a result of typings discovery
[14:42:04.164] Got install request {"projectName":"/dev/null/inferredProject2*","fileNames":["/usr/local/lib/node_modules/typescript/lib/lib.es5.d.ts","/usr/local/lib/node_modules/typescript/lib/lib.es2015.d.ts","/usr/local/lib/node_modules/typescript/lib/lib.es2016.d.ts","/usr/local/lib/node_modules/typescript/lib/lib.dom.d.ts","/usr/local/lib/node_modules/typescript/lib/lib.dom.iterable.d.ts","/usr/local/lib/node_modules/typescript/lib/lib.webworker.importscripts.d.ts","/usr/local/lib/node_modules/typescript/lib/lib.scripthost.d.ts","/usr/local/lib/node_modules/typescript/lib/lib.es2015.core.d.ts","/usr/local/lib/node_modules/typescript/lib/lib.es2015.collection.d.ts","/usr/local/lib/node_modules/typescript/lib/lib.es2015.generator.d.ts","/usr/local/lib/node_modules/typescript/lib/lib.es2015.iterable.d.ts","/usr/local/lib/node_modules/typescript/lib/lib.es2015.promise.d.ts","/usr/local/lib/node_modules/typescript/lib/lib.es2015.proxy.d.ts","/usr/local/lib/node_modules/typescript/lib/lib.es2015.reflect.d.ts","/usr/local/lib/node_modules/typescript/lib/lib.es2015.symbol.d.ts","/usr/local/lib/node_modules/typescript/lib/lib.es2015.symbol.wellknown.d.ts","/usr/local/lib/node_modules/typescript/lib/lib.es2016.array.include.d.ts","/usr/local/lib/node_modules/typescript/lib/lib.es2016.full.d.ts","/home/cosmic/myprojects/my_website/src/components/slidder/util.js"],"compilerOptions":{"module":1,"target":3,"jsx":1,"allowJs":true,"allowSyntheticDefaultImports":true,"allowNonTsExtensions":true,"noEmitForJsFiles":true,"maxNodeModuleJsDepth":2},"typeAcquisition":{"enable":true,"include":[],"exclude":[]},"unresolvedImports":[],"projectRootPath":"/home/cosmic/myprojects/my_website/src/components/slidder","kind":"discover"}
[14:42:04.164] Explicitly included types: []
[14:42:04.165] Inferred typings from unresolved imports: []
[14:42:04.165] Result: {"cachedTypingPaths":[],"newTypingNames":[],"filesToWatch":["/home/cosmic/myprojects/my_website/src/components/slidder/bower_components","/home/cosmic/myprojects/my_website/src/components/slidder/node_modules"]}
[14:42:04.165] Finished typings discovery: {"cachedTypingPaths":[],"newTypingNames":[],"filesToWatch":["/home/cosmic/myprojects/my_website/src/components/slidder/bower_components","/home/cosmic/myprojects/my_website/src/components/slidder/node_modules"]}
[14:42:04.165] DirectoryWatcher:: Added:: WatchInfo: /home/cosmic/myprojects/my_website/src/components/slidder/bower_components
[14:42:04.165] DirectoryWatcher:: Added:: WatchInfo: /home/cosmic/myprojects/my_website/src/components/slidder/bower_components 1 undefined Project: /dev/null/inferredProject2* watcher already invoked: false
[14:42:04.165] Elapsed:: 0.02819199999794364ms DirectoryWatcher:: Added:: WatchInfo: /home/cosmic/myprojects/my_website/src/components/slidder/bower_components 1 undefined Project: /dev/null/inferredProject2* watcher already invoked: false
[14:42:04.165] DirectoryWatcher:: Added:: WatchInfo: /home/cosmic/myprojects/my_website/src/components/slidder/node_modules
[14:42:04.165] DirectoryWatcher:: Added:: WatchInfo: /home/cosmic/myprojects/my_website/src/components/slidder/node_modules 1 undefined Project: /dev/null/inferredProject2* watcher already invoked: false
[14:42:04.165] Elapsed:: 0.024259999860078096ms DirectoryWatcher:: Added:: WatchInfo: /home/cosmic/myprojects/my_website/src/components/slidder/node_modules 1 undefined Project: /dev/null/inferredProject2* watcher already invoked: false
[14:42:04.165] Sending response:
    {"projectName":"/dev/null/inferredProject2*","typeAcquisition":{"enable":true,"include":[],"exclude":[]},"compilerOptions":{"module":1,"target":3,"jsx":1,"allowJs":true,"allowSyntheticDefaultImports":true,"allowNonTsExtensions":true,"noEmitForJsFiles":true,"maxNodeModuleJsDepth":2},"typings":[],"unresolvedImports":[],"kind":"action::set"}
[14:42:04.165] Response has been sent.
[14:42:04.165] No new typings were requested as a result of typings discovery
[14:42:23.534] Got install request {"projectName":"/dev/null/inferredProject3*","fileNames":["/usr/local/lib/node_modules/typescript/lib/lib.es5.d.ts","/usr/local/lib/node_modules/typescript/lib/lib.es2015.d.ts","/usr/local/lib/node_modules/typescript/lib/lib.es2016.d.ts","/usr/local/lib/node_modules/typescript/lib/lib.dom.d.ts","/usr/local/lib/node_modules/typescript/lib/lib.dom.iterable.d.ts","/usr/local/lib/node_modules/typescript/lib/lib.webworker.importscripts.d.ts","/usr/local/lib/node_modules/typescript/lib/lib.scripthost.d.ts","/usr/local/lib/node_modules/typescript/lib/lib.es2015.core.d.ts","/usr/local/lib/node_modules/typescript/lib/lib.es2015.collection.d.ts","/usr/local/lib/node_modules/typescript/lib/lib.es2015.generator.d.ts","/usr/local/lib/node_modules/typescript/lib/lib.es2015.iterable.d.ts","/usr/local/lib/node_modules/typescript/lib/lib.es2015.promise.d.ts","/usr/local/lib/node_modules/typescript/lib/lib.es2015.proxy.d.ts","/usr/local/lib/node_modules/typescript/lib/lib.es2015.reflect.d.ts","/usr/local/lib/node_modules/typescript/lib/lib.es2015.symbol.d.ts","/usr/local/lib/node_modules/typescript/lib/lib.es2015.symbol.wellknown.d.ts","/usr/local/lib/node_modules/typescript/lib/lib.es2016.array.include.d.ts","/usr/local/lib/node_modules/typescript/lib/lib.es2016.full.d.ts","/home/cosmic/myprojects/my_website/src/components/timeline/timeline.js"],"compilerOptions":{"module":1,"target":3,"jsx":1,"allowJs":true,"allowSyntheticDefaultImports":true,"allowNonTsExtensions":true,"noEmitForJsFiles":true,"maxNodeModuleJsDepth":2},"typeAcquisition":{"enable":true,"include":[],"exclude":[]},"unresolvedImports":[],"projectRootPath":"/home/cosmic/myprojects/my_website/src/components/timeline","kind":"discover"}
[14:42:23.534] Explicitly included types: []
[14:42:23.534] Inferred typings from file names: ["timelinejs"]
[14:42:23.534] Inferred typings from unresolved imports: []
[14:42:23.534] Result: {"cachedTypingPaths":[],"newTypingNames":["timelinejs"],"filesToWatch":["/home/cosmic/myprojects/my_website/src/components/timeline/bower_components","/home/cosmic/myprojects/my_website/src/components/timeline/node_modules"]}
[14:42:23.534] Finished typings discovery: {"cachedTypingPaths":[],"newTypingNames":["timelinejs"],"filesToWatch":["/home/cosmic/myprojects/my_website/src/components/timeline/bower_components","/home/cosmic/myprojects/my_website/src/components/timeline/node_modules"]}
[14:42:23.534] DirectoryWatcher:: Added:: WatchInfo: /home/cosmic/myprojects/my_website/src/components/timeline/bower_components
[14:42:23.534] DirectoryWatcher:: Added:: WatchInfo: /home/cosmic/myprojects/my_website/src/components/timeline/bower_components 1 undefined Project: /dev/null/inferredProject3* watcher already invoked: false
[14:42:23.535] Elapsed:: 0.16337800002656877ms DirectoryWatcher:: Added:: WatchInfo: /home/cosmic/myprojects/my_website/src/components/timeline/bower_components 1 undefined Project: /dev/null/inferredProject3* watcher already invoked: false
[14:42:23.535] DirectoryWatcher:: Added:: WatchInfo: /home/cosmic/myprojects/my_website/src/components/timeline/node_modules
[14:42:23.535] DirectoryWatcher:: Added:: WatchInfo: /home/cosmic/myprojects/my_website/src/components/timeline/node_modules 1 undefined Project: /dev/null/inferredProject3* watcher already invoked: false
[14:42:23.535] Elapsed:: 0.0855600000359118ms DirectoryWatcher:: Added:: WatchInfo: /home/cosmic/myprojects/my_website/src/components/timeline/node_modules 1 undefined Project: /dev/null/inferredProject3* watcher already invoked: false
[14:42:23.535] Installing typings ["timelinejs"]
[14:42:23.535] Npm config file: /home/cosmic/.cache/typescript/4.7/package.json
[14:42:23.536] Sending response:
    {"kind":"event::beginInstallTypes","eventId":1,"typingsInstallerVersion":"4.7.4","projectName":"/dev/null/inferredProject3*"}
[14:42:23.536] Response has been sent.
[14:42:23.536] #1 with arguments'["@types/timelinejs@ts4.7"]'.
[14:42:23.536] Exec: /snap/node/6488/bin/npm install --ignore-scripts @types/timelinejs@ts4.7 --save-dev --user-agent="typesInstaller/4.7.4"
[14:43:35.020]     Succeeded. stdout:
[14:43:35.059] npm install #1 took: 71523 ms
[14:43:35.059] Installed typings ["@types/timelinejs@ts4.7"]
[14:43:35.083] Installed typing files []
[14:43:35.083] Sending response:
    {"projectName":"/dev/null/inferredProject3*","typeAcquisition":{"enable":true,"include":[],"exclude":[]},"compilerOptions":{"module":1,"target":3,"jsx":1,"allowJs":true,"allowSyntheticDefaultImports":true,"allowNonTsExtensions":true,"noEmitForJsFiles":true,"maxNodeModuleJsDepth":2},"typings":[],"unresolvedImports":[],"kind":"action::set"}
[14:43:35.083] Response has been sent.
[14:43:35.083] Sending response:
    {"kind":"event::endInstallTypes","eventId":1,"projectName":"/dev/null/inferredProject3*","packagesToInstall":["@types/timelinejs@ts4.7"],"installSuccess":true,"typingsInstallerVersion":"4.7.4"}
[14:43:35.083] Response has been sent.
[14:44:49.180] Got install request {"projectName":"/dev/null/inferredProject2*","fileNames":["/usr/local/lib/node_modules/typescript/lib/lib.es5.d.ts","/usr/local/lib/node_modules/typescript/lib/lib.es2015.d.ts","/usr/local/lib/node_modules/typescript/lib/lib.es2016.d.ts","/usr/local/lib/node_modules/typescript/lib/lib.dom.d.ts","/usr/local/lib/node_modules/typescript/lib/lib.dom.iterable.d.ts","/usr/local/lib/node_modules/typescript/lib/lib.webworker.importscripts.d.ts","/usr/local/lib/node_modules/typescript/lib/lib.scripthost.d.ts","/usr/local/lib/node_modules/typescript/lib/lib.es2015.core.d.ts","/usr/local/lib/node_modules/typescript/lib/lib.es2015.collection.d.ts","/usr/local/lib/node_modules/typescript/lib/lib.es2015.generator.d.ts","/usr/local/lib/node_modules/typescript/lib/lib.es2015.iterable.d.ts","/usr/local/lib/node_modules/typescript/lib/lib.es2015.promise.d.ts","/usr/local/lib/node_modules/typescript/lib/lib.es2015.proxy.d.ts","/usr/local/lib/node_modules/typescript/lib/lib.es2015.reflect.d.ts","/usr/local/lib/node_modules/typescript/lib/lib.es2015.symbol.d.ts","/usr/local/lib/node_modules/typescript/lib/lib.es2015.symbol.wellknown.d.ts","/usr/local/lib/node_modules/typescript/lib/lib.es2016.array.include.d.ts","/usr/local/lib/node_modules/typescript/lib/lib.es2016.full.d.ts","/home/cosmic/myprojects/my_website/src/components/slidder/util.js"],"compilerOptions":{"module":1,"target":3,"jsx":1,"allowJs":true,"allowSyntheticDefaultImports":true,"allowNonTsExtensions":true,"noEmitForJsFiles":true,"maxNodeModuleJsDepth":2},"typeAcquisition":{"enable":true,"include":[],"exclude":[]},"unresolvedImports":[],"projectRootPath":"/home/cosmic/myprojects/my_website/src/components/slidder","kind":"discover"}
[14:44:49.181] Explicitly included types: []
[14:44:49.181] Inferred typings from unresolved imports: []
[14:44:49.182] Result: {"cachedTypingPaths":[],"newTypingNames":[],"filesToWatch":["/home/cosmic/myprojects/my_website/src/components/slidder/bower_components","/home/cosmic/myprojects/my_website/src/components/slidder/node_modules"]}
[14:44:49.182] Finished typings discovery: {"cachedTypingPaths":[],"newTypingNames":[],"filesToWatch":["/home/cosmic/myprojects/my_website/src/components/slidder/bower_components","/home/cosmic/myprojects/my_website/src/components/slidder/node_modules"]}
[14:44:49.182] Sending response:
    {"projectName":"/dev/null/inferredProject2*","typeAcquisition":{"enable":true,"include":[],"exclude":[]},"compilerOptions":{"module":1,"target":3,"jsx":1,"allowJs":true,"allowSyntheticDefaultImports":true,"allowNonTsExtensions":true,"noEmitForJsFiles":true,"maxNodeModuleJsDepth":2},"typings":[],"unresolvedImports":[],"kind":"action::set"}
[14:44:49.182] Response has been sent.
[14:44:49.182] No new typings were requested as a result of typings discovery
[14:51:05.661] Got install request {"projectName":"/dev/null/inferredProject1*","fileNames":["/usr/local/lib/node_modules/typescript/lib/lib.es5.d.ts","/usr/local/lib/node_modules/typescript/lib/lib.es2015.d.ts","/usr/local/lib/node_modules/typescript/lib/lib.es2016.d.ts","/usr/local/lib/node_modules/typescript/lib/lib.dom.d.ts","/usr/local/lib/node_modules/typescript/lib/lib.dom.iterable.d.ts","/usr/local/lib/node_modules/typescript/lib/lib.webworker.importscripts.d.ts","/usr/local/lib/node_modules/typescript/lib/lib.scripthost.d.ts","/usr/local/lib/node_modules/typescript/lib/lib.es2015.core.d.ts","/usr/local/lib/node_modules/typescript/lib/lib.es2015.collection.d.ts","/usr/local/lib/node_modules/typescript/lib/lib.es2015.generator.d.ts","/usr/local/lib/node_modules/typescript/lib/lib.es2015.iterable.d.ts","/usr/local/lib/node_modules/typescript/lib/lib.es2015.promise.d.ts","/usr/local/lib/node_modules/typescript/lib/lib.es2015.proxy.d.ts","/usr/local/lib/node_modules/typescript/lib/lib.es2015.reflect.d.ts","/usr/local/lib/node_modules/typescript/lib/lib.es2015.symbol.d.ts","/usr/local/lib/node_modules/typescript/lib/lib.es2015.symbol.wellknown.d.ts","/usr/local/lib/node_modules/typescript/lib/lib.es2016.array.include.d.ts","/usr/local/lib/node_modules/typescript/lib/lib.es2016.full.d.ts","/home/cosmic/myprojects/my_website/src/components/slidder/util.js","/home/cosmic/myprojects/my_website/src/components/cardbar/cardbar.js","/home/cosmic/myprojects/my_website/src/components/slidder/slidebar.js"],"compilerOptions":{"module":1,"target":3,"jsx":1,"allowJs":true,"allowSyntheticDefaultImports":true,"allowNonTsExtensions":true,"noEmitForJsFiles":true,"maxNodeModuleJsDepth":2},"typeAcquisition":{"enable":true,"include":[],"exclude":[]},"unresolvedImports":[],"projectRootPath":"/home/cosmic/myprojects/my_website/src/components/slidder","kind":"discover"}
[14:51:05.662] Explicitly included types: []
[14:51:05.662] Inferred typings from unresolved imports: []
[14:51:05.662] Result: {"cachedTypingPaths":[],"newTypingNames":[],"filesToWatch":["/home/cosmic/myprojects/my_website/src/components/slidder/bower_components","/home/cosmic/myprojects/my_website/src/components/slidder/node_modules","/home/cosmic/myprojects/my_website/src/components/cardbar/bower_components","/home/cosmic/myprojects/my_website/src/components/cardbar/node_modules"]}
[14:51:05.662] Finished typings discovery: {"cachedTypingPaths":[],"newTypingNames":[],"filesToWatch":["/home/cosmic/myprojects/my_website/src/components/slidder/bower_components","/home/cosmic/myprojects/my_website/src/components/slidder/node_modules","/home/cosmic/myprojects/my_website/src/components/cardbar/bower_components","/home/cosmic/myprojects/my_website/src/components/cardbar/node_modules"]}
[14:51:05.662] Sending response:
    {"projectName":"/dev/null/inferredProject1*","typeAcquisition":{"enable":true,"include":[],"exclude":[]},"compilerOptions":{"module":1,"target":3,"jsx":1,"allowJs":true,"allowSyntheticDefaultImports":true,"allowNonTsExtensions":true,"noEmitForJsFiles":true,"maxNodeModuleJsDepth":2},"typings":[],"unresolvedImports":[],"kind":"action::set"}
[14:51:05.662] Response has been sent.
[14:51:05.662] No new typings were requested as a result of typings discovery
[14:54:23.637] Got install request {"projectName":"/dev/null/inferredProject2*","fileNames":["/usr/local/lib/node_modules/typescript/lib/lib.es5.d.ts","/usr/local/lib/node_modules/typescript/lib/lib.es2015.d.ts","/usr/local/lib/node_modules/typescript/lib/lib.es2016.d.ts","/usr/local/lib/node_modules/typescript/lib/lib.dom.d.ts","/usr/local/lib/node_modules/typescript/lib/lib.dom.iterable.d.ts","/usr/local/lib/node_modules/typescript/lib/lib.webworker.importscripts.d.ts","/usr/local/lib/node_modules/typescript/lib/lib.scripthost.d.ts","/usr/local/lib/node_modules/typescript/lib/lib.es2015.core.d.ts","/usr/local/lib/node_modules/typescript/lib/lib.es2015.collection.d.ts","/usr/local/lib/node_modules/typescript/lib/lib.es2015.generator.d.ts","/usr/local/lib/node_modules/typescript/lib/lib.es2015.iterable.d.ts","/usr/local/lib/node_modules/typescript/lib/lib.es2015.promise.d.ts","/usr/local/lib/node_modules/typescript/lib/lib.es2015.proxy.d.ts","/usr/local/lib/node_modules/typescript/lib/lib.es2015.reflect.d.ts","/usr/local/lib/node_modules/typescript/lib/lib.es2015.symbol.d.ts","/usr/local/lib/node_modules/typescript/lib/lib.es2015.symbol.wellknown.d.ts","/usr/local/lib/node_modules/typescript/lib/lib.es2016.array.include.d.ts","/usr/local/lib/node_modules/typescript/lib/lib.es2016.full.d.ts","/home/cosmic/myprojects/my_website/src/components/slidder/util.js"],"compilerOptions":{"module":1,"target":3,"jsx":1,"allowJs":true,"allowSyntheticDefaultImports":true,"allowNonTsExtensions":true,"noEmitForJsFiles":true,"maxNodeModuleJsDepth":2},"typeAcquisition":{"enable":true,"include":[],"exclude":[]},"unresolvedImports":["p"],"projectRootPath":"/home/cosmic/myprojects/my_website/src/components/slidder","kind":"discover"}
[14:54:23.800] Explicitly included types: []
[14:54:23.801] Inferred typings from unresolved imports: ["p"]
[14:54:23.801] Result: {"cachedTypingPaths":[],"newTypingNames":["p"],"filesToWatch":["/home/cosmic/myprojects/my_website/src/components/slidder/bower_components","/home/cosmic/myprojects/my_website/src/components/slidder/node_modules"]}
[14:54:23.801] Finished typings discovery: {"cachedTypingPaths":[],"newTypingNames":["p"],"filesToWatch":["/home/cosmic/myprojects/my_website/src/components/slidder/bower_components","/home/cosmic/myprojects/my_website/src/components/slidder/node_modules"]}
[14:54:23.801] Installing typings ["p"]
[14:54:23.802] 'p':: Entry for package 'p' does not exist in local types registry - skipping...
[14:54:23.802] All typings are known to be missing or invalid - no need to install more typings
[14:54:23.802] Sending response:
    {"projectName":"/dev/null/inferredProject2*","typeAcquisition":{"enable":true,"include":[],"exclude":[]},"compilerOptions":{"module":1,"target":3,"jsx":1,"allowJs":true,"allowSyntheticDefaultImports":true,"allowNonTsExtensions":true,"noEmitForJsFiles":true,"maxNodeModuleJsDepth":2},"typings":[],"unresolvedImports":["p"],"kind":"action::set"}
[14:54:23.802] Response has been sent.
[14:54:23.897] Got install request {"projectName":"/dev/null/inferredProject1*","fileNames":["/usr/local/lib/node_modules/typescript/lib/lib.es5.d.ts","/usr/local/lib/node_modules/typescript/lib/lib.es2015.d.ts","/usr/local/lib/node_modules/typescript/lib/lib.es2016.d.ts","/usr/local/lib/node_modules/typescript/lib/lib.dom.d.ts","/usr/local/lib/node_modules/typescript/lib/lib.dom.iterable.d.ts","/usr/local/lib/node_modules/typescript/lib/lib.webworker.importscripts.d.ts","/usr/local/lib/node_modules/typescript/lib/lib.scripthost.d.ts","/usr/local/lib/node_modules/typescript/lib/lib.es2015.core.d.ts","/usr/local/lib/node_modules/typescript/lib/lib.es2015.collection.d.ts","/usr/local/lib/node_modules/typescript/lib/lib.es2015.generator.d.ts","/usr/local/lib/node_modules/typescript/lib/lib.es2015.iterable.d.ts","/usr/local/lib/node_modules/typescript/lib/lib.es2015.promise.d.ts","/usr/local/lib/node_modules/typescript/lib/lib.es2015.proxy.d.ts","/usr/local/lib/node_modules/typescript/lib/lib.es2015.reflect.d.ts","/usr/local/lib/node_modules/typescript/lib/lib.es2015.symbol.d.ts","/usr/local/lib/node_modules/typescript/lib/lib.es2015.symbol.wellknown.d.ts","/usr/local/lib/node_modules/typescript/lib/lib.es2016.array.include.d.ts","/usr/local/lib/node_modules/typescript/lib/lib.es2016.full.d.ts","/home/cosmic/myprojects/my_website/src/components/slidder/util.js","/home/cosmic/myprojects/my_website/src/components/cardbar/cardbar.js","/home/cosmic/myprojects/my_website/src/components/slidder/slidebar.js"],"compilerOptions":{"module":1,"target":3,"jsx":1,"allowJs":true,"allowSyntheticDefaultImports":true,"allowNonTsExtensions":true,"noEmitForJsFiles":true,"maxNodeModuleJsDepth":2},"typeAcquisition":{"enable":true,"include":[],"exclude":[]},"unresolvedImports":["po"],"projectRootPath":"/home/cosmic/myprojects/my_website/src/components/slidder","kind":"discover"}
[14:54:23.897] Explicitly included types: []
[14:54:23.897] Inferred typings from unresolved imports: ["po"]
[14:54:23.897] Result: {"cachedTypingPaths":[],"newTypingNames":["po"],"filesToWatch":["/home/cosmic/myprojects/my_website/src/components/slidder/bower_components","/home/cosmic/myprojects/my_website/src/components/slidder/node_modules","/home/cosmic/myprojects/my_website/src/components/cardbar/bower_components","/home/cosmic/myprojects/my_website/src/components/cardbar/node_modules"]}
[14:54:23.897] Finished typings discovery: {"cachedTypingPaths":[],"newTypingNames":["po"],"filesToWatch":["/home/cosmic/myprojects/my_website/src/components/slidder/bower_components","/home/cosmic/myprojects/my_website/src/components/slidder/node_modules","/home/cosmic/myprojects/my_website/src/components/cardbar/bower_components","/home/cosmic/myprojects/my_website/src/components/cardbar/node_modules"]}
[14:54:23.897] Installing typings ["po"]
[14:54:23.898] 'po':: Entry for package 'po' does not exist in local types registry - skipping...
[14:54:23.898] All typings are known to be missing or invalid - no need to install more typings
[14:54:23.898] Sending response:
    {"projectName":"/dev/null/inferredProject1*","typeAcquisition":{"enable":true,"include":[],"exclude":[]},"compilerOptions":{"module":1,"target":3,"jsx":1,"allowJs":true,"allowSyntheticDefaultImports":true,"allowNonTsExtensions":true,"noEmitForJsFiles":true,"maxNodeModuleJsDepth":2},"typings":[],"unresolvedImports":["po"],"kind":"action::set"}
[14:54:23.898] Response has been sent.
[14:54:24.735] Got install request {"projectName":"/dev/null/inferredProject2*","fileNames":["/usr/local/lib/node_modules/typescript/lib/lib.es5.d.ts","/usr/local/lib/node_modules/typescript/lib/lib.es2015.d.ts","/usr/local/lib/node_modules/typescript/lib/lib.es2016.d.ts","/usr/local/lib/node_modules/typescript/lib/lib.dom.d.ts","/usr/local/lib/node_modules/typescript/lib/lib.dom.iterable.d.ts","/usr/local/lib/node_modules/typescript/lib/lib.webworker.importscripts.d.ts","/usr/local/lib/node_modules/typescript/lib/lib.scripthost.d.ts","/usr/local/lib/node_modules/typescript/lib/lib.es2015.core.d.ts","/usr/local/lib/node_modules/typescript/lib/lib.es2015.collection.d.ts","/usr/local/lib/node_modules/typescript/lib/lib.es2015.generator.d.ts","/usr/local/lib/node_modules/typescript/lib/lib.es2015.iterable.d.ts","/usr/local/lib/node_modules/typescript/lib/lib.es2015.promise.d.ts","/usr/local/lib/node_modules/typescript/lib/lib.es2015.proxy.d.ts","/usr/local/lib/node_modules/typescript/lib/lib.es2015.reflect.d.ts","/usr/local/lib/node_modules/typescript/lib/lib.es2015.symbol.d.ts","/usr/local/lib/node_modules/typescript/lib/lib.es2015.symbol.wellknown.d.ts","/usr/local/lib/node_modules/typescript/lib/lib.es2016.array.include.d.ts","/usr/local/lib/node_modules/typescript/lib/lib.es2016.full.d.ts","/home/cosmic/myprojects/my_website/src/components/slidder/util.js"],"compilerOptions":{"module":1,"target":3,"jsx":1,"allowJs":true,"allowSyntheticDefaultImports":true,"allowNonTsExtensions":true,"noEmitForJsFiles":true,"maxNodeModuleJsDepth":2},"typeAcquisition":{"enable":true,"include":[],"exclude":[]},"unresolvedImports":["pop"],"projectRootPath":"/home/cosmic/myprojects/my_website/src/components/slidder","kind":"discover"}
[14:54:24.735] Explicitly included types: []
[14:54:24.735] Inferred typings from unresolved imports: ["pop"]
[14:54:24.735] Result: {"cachedTypingPaths":[],"newTypingNames":["pop"],"filesToWatch":["/home/cosmic/myprojects/my_website/src/components/slidder/bower_components","/home/cosmic/myprojects/my_website/src/components/slidder/node_modules"]}
[14:54:24.735] Finished typings discovery: {"cachedTypingPaths":[],"newTypingNames":["pop"],"filesToWatch":["/home/cosmic/myprojects/my_website/src/components/slidder/bower_components","/home/cosmic/myprojects/my_website/src/components/slidder/node_modules"]}
[14:54:24.735] Installing typings ["pop"]
[14:54:24.736] 'pop':: Entry for package 'pop' does not exist in local types registry - skipping...
[14:54:24.736] All typings are known to be missing or invalid - no need to install more typings
[14:54:24.736] Sending response:
    {"projectName":"/dev/null/inferredProject2*","typeAcquisition":{"enable":true,"include":[],"exclude":[]},"compilerOptions":{"module":1,"target":3,"jsx":1,"allowJs":true,"allowSyntheticDefaultImports":true,"allowNonTsExtensions":true,"noEmitForJsFiles":true,"maxNodeModuleJsDepth":2},"typings":[],"unresolvedImports":["pop"],"kind":"action::set"}
[14:54:24.736] Response has been sent.
[14:54:26.216] Got install request {"projectName":"/dev/null/inferredProject2*","fileNames":["/usr/local/lib/node_modules/typescript/lib/lib.es5.d.ts","/usr/local/lib/node_modules/typescript/lib/lib.es2015.d.ts","/usr/local/lib/node_modules/typescript/lib/lib.es2016.d.ts","/usr/local/lib/node_modules/typescript/lib/lib.dom.d.ts","/usr/local/lib/node_modules/typescript/lib/lib.dom.iterable.d.ts","/usr/local/lib/node_modules/typescript/lib/lib.webworker.importscripts.d.ts","/usr/local/lib/node_modules/typescript/lib/lib.scripthost.d.ts","/usr/local/lib/node_modules/typescript/lib/lib.es2015.core.d.ts","/usr/local/lib/node_modules/typescript/lib/lib.es2015.collection.d.ts","/usr/local/lib/node_modules/typescript/lib/lib.es2015.generator.d.ts","/usr/local/lib/node_modules/typescript/lib/lib.es2015.iterable.d.ts","/usr/local/lib/node_modules/typescript/lib/lib.es2015.promise.d.ts","/usr/local/lib/node_modules/typescript/lib/lib.es2015.proxy.d.ts","/usr/local/lib/node_modules/typescript/lib/lib.es2015.reflect.d.ts","/usr/local/lib/node_modules/typescript/lib/lib.es2015.symbol.d.ts","/usr/local/lib/node_modules/typescript/lib/lib.es2015.symbol.wellknown.d.ts","/usr/local/lib/node_modules/typescript/lib/lib.es2016.array.include.d.ts","/usr/local/lib/node_modules/typescript/lib/lib.es2016.full.d.ts","/home/cosmic/myprojects/my_website/src/components/slidder/util.js"],"compilerOptions":{"module":1,"target":3,"jsx":1,"allowJs":true,"allowSyntheticDefaultImports":true,"allowNonTsExtensions":true,"noEmitForJsFiles":true,"maxNodeModuleJsDepth":2},"typeAcquisition":{"enable":true,"include":[],"exclude":[]},"unresolvedImports":["po"],"projectRootPath":"/home/cosmic/myprojects/my_website/src/components/slidder","kind":"discover"}
[14:54:26.216] Explicitly included types: []
[14:54:26.216] Inferred typings from unresolved imports: ["po"]
[14:54:26.216] Result: {"cachedTypingPaths":[],"newTypingNames":["po"],"filesToWatch":["/home/cosmic/myprojects/my_website/src/components/slidder/bower_components","/home/cosmic/myprojects/my_website/src/components/slidder/node_modules"]}
[14:54:26.216] Finished typings discovery: {"cachedTypingPaths":[],"newTypingNames":["po"],"filesToWatch":["/home/cosmic/myprojects/my_website/src/components/slidder/bower_components","/home/cosmic/myprojects/my_website/src/components/slidder/node_modules"]}
[14:54:26.217] Installing typings ["po"]
[14:54:26.217] 'po':: Entry for package 'po' does not exist in local types registry - skipping...
[14:54:26.217] All typings are known to be missing or invalid - no need to install more typings
[14:54:26.217] Sending response:
    {"projectName":"/dev/null/inferredProject2*","typeAcquisition":{"enable":true,"include":[],"exclude":[]},"compilerOptions":{"module":1,"target":3,"jsx":1,"allowJs":true,"allowSyntheticDefaultImports":true,"allowNonTsExtensions":true,"noEmitForJsFiles":true,"maxNodeModuleJsDepth":2},"typings":[],"unresolvedImports":["po"],"kind":"action::set"}
[14:54:26.217] Response has been sent.
[14:54:26.217] Got install request {"projectName":"/dev/null/inferredProject2*","fileNames":["/usr/local/lib/node_modules/typescript/lib/lib.es5.d.ts","/usr/local/lib/node_modules/typescript/lib/lib.es2015.d.ts","/usr/local/lib/node_modules/typescript/lib/lib.es2016.d.ts","/usr/local/lib/node_modules/typescript/lib/lib.dom.d.ts","/usr/local/lib/node_modules/typescript/lib/lib.dom.iterable.d.ts","/usr/local/lib/node_modules/typescript/lib/lib.webworker.importscripts.d.ts","/usr/local/lib/node_modules/typescript/lib/lib.scripthost.d.ts","/usr/local/lib/node_modules/typescript/lib/lib.es2015.core.d.ts","/usr/local/lib/node_modules/typescript/lib/lib.es2015.collection.d.ts","/usr/local/lib/node_modules/typescript/lib/lib.es2015.generator.d.ts","/usr/local/lib/node_modules/typescript/lib/lib.es2015.iterable.d.ts","/usr/local/lib/node_modules/typescript/lib/lib.es2015.promise.d.ts","/usr/local/lib/node_modules/typescript/lib/lib.es2015.proxy.d.ts","/usr/local/lib/node_modules/typescript/lib/lib.es2015.reflect.d.ts","/usr/local/lib/node_modules/typescript/lib/lib.es2015.symbol.d.ts","/usr/local/lib/node_modules/typescript/lib/lib.es2015.symbol.wellknown.d.ts","/usr/local/lib/node_modules/typescript/lib/lib.es2016.array.include.d.ts","/usr/local/lib/node_modules/typescript/lib/lib.es2016.full.d.ts","/home/cosmic/myprojects/my_website/src/components/slidder/util.js"],"compilerOptions":{"module":1,"target":3,"jsx":1,"allowJs":true,"allowSyntheticDefaultImports":true,"allowNonTsExtensions":true,"noEmitForJsFiles":true,"maxNodeModuleJsDepth":2},"typeAcquisition":{"enable":true,"include":[],"exclude":[]},"unresolvedImports":["p"],"projectRootPath":"/home/cosmic/myprojects/my_website/src/components/slidder","kind":"discover"}
[14:54:26.217] Explicitly included types: []
[14:54:26.217] Inferred typings from unresolved imports: ["p"]
[14:54:26.217] Result: {"cachedTypingPaths":[],"newTypingNames":["p"],"filesToWatch":["/home/cosmic/myprojects/my_website/src/components/slidder/bower_components","/home/cosmic/myprojects/my_website/src/components/slidder/node_modules"]}
[14:54:26.217] Finished typings discovery: {"cachedTypingPaths":[],"newTypingNames":["p"],"filesToWatch":["/home/cosmic/myprojects/my_website/src/components/slidder/bower_components","/home/cosmic/myprojects/my_website/src/components/slidder/node_modules"]}
[14:54:26.217] Installing typings ["p"]
[14:54:26.218] 'p':: Entry for package 'p' does not exist in local types registry - skipping...
[14:54:26.218] All typings are known to be missing or invalid - no need to install more typings
[14:54:26.218] Sending response:
    {"projectName":"/dev/null/inferredProject2*","typeAcquisition":{"enable":true,"include":[],"exclude":[]},"compilerOptions":{"module":1,"target":3,"jsx":1,"allowJs":true,"allowSyntheticDefaultImports":true,"allowNonTsExtensions":true,"noEmitForJsFiles":true,"maxNodeModuleJsDepth":2},"typings":[],"unresolvedImports":["p"],"kind":"action::set"}
[14:54:26.218] Response has been sent.
[14:54:28.246] Got install request {"projectName":"/dev/null/inferredProject2*","fileNames":["/usr/local/lib/node_modules/typescript/lib/lib.es5.d.ts","/usr/local/lib/node_modules/typescript/lib/lib.es2015.d.ts","/usr/local/lib/node_modules/typescript/lib/lib.es2016.d.ts","/usr/local/lib/node_modules/typescript/lib/lib.dom.d.ts","/usr/local/lib/node_modules/typescript/lib/lib.dom.iterable.d.ts","/usr/local/lib/node_modules/typescript/lib/lib.webworker.importscripts.d.ts","/usr/local/lib/node_modules/typescript/lib/lib.scripthost.d.ts","/usr/local/lib/node_modules/typescript/lib/lib.es2015.core.d.ts","/usr/local/lib/node_modules/typescript/lib/lib.es2015.collection.d.ts","/usr/local/lib/node_modules/typescript/lib/lib.es2015.generator.d.ts","/usr/local/lib/node_modules/typescript/lib/lib.es2015.iterable.d.ts","/usr/local/lib/node_modules/typescript/lib/lib.es2015.promise.d.ts","/usr/local/lib/node_modules/typescript/lib/lib.es2015.proxy.d.ts","/usr/local/lib/node_modules/typescript/lib/lib.es2015.reflect.d.ts","/usr/local/lib/node_modules/typescript/lib/lib.es2015.symbol.d.ts","/usr/local/lib/node_modules/typescript/lib/lib.es2015.symbol.wellknown.d.ts","/usr/local/lib/node_modules/typescript/lib/lib.es2016.array.include.d.ts","/usr/local/lib/node_modules/typescript/lib/lib.es2016.full.d.ts","/home/cosmic/myprojects/my_website/src/components/slidder/util.js"],"compilerOptions":{"module":1,"target":3,"jsx":1,"allowJs":true,"allowSyntheticDefaultImports":true,"allowNonTsExtensions":true,"noEmitForJsFiles":true,"maxNodeModuleJsDepth":2},"typeAcquisition":{"enable":true,"include":[],"exclude":[]},"unresolvedImports":[],"projectRootPath":"/home/cosmic/myprojects/my_website/src/components/slidder","kind":"discover"}
[14:54:28.247] Explicitly included types: []
[14:54:28.247] Inferred typings from unresolved imports: []
[14:54:28.247] Result: {"cachedTypingPaths":[],"newTypingNames":[],"filesToWatch":["/home/cosmic/myprojects/my_website/src/components/slidder/bower_components","/home/cosmic/myprojects/my_website/src/components/slidder/node_modules"]}
[14:54:28.247] Finished typings discovery: {"cachedTypingPaths":[],"newTypingNames":[],"filesToWatch":["/home/cosmic/myprojects/my_website/src/components/slidder/bower_components","/home/cosmic/myprojects/my_website/src/components/slidder/node_modules"]}
[14:54:28.248] Sending response:
    {"projectName":"/dev/null/inferredProject2*","typeAcquisition":{"enable":true,"include":[],"exclude":[]},"compilerOptions":{"module":1,"target":3,"jsx":1,"allowJs":true,"allowSyntheticDefaultImports":true,"allowNonTsExtensions":true,"noEmitForJsFiles":true,"maxNodeModuleJsDepth":2},"typings":[],"unresolvedImports":[],"kind":"action::set"}
[14:54:28.248] Response has been sent.
[14:54:28.248] No new typings were requested as a result of typings discovery
[14:54:28.770] Got install request {"projectName":"/dev/null/inferredProject1*","fileNames":["/usr/local/lib/node_modules/typescript/lib/lib.es5.d.ts","/usr/local/lib/node_modules/typescript/lib/lib.es2015.d.ts","/usr/local/lib/node_modules/typescript/lib/lib.es2016.d.ts","/usr/local/lib/node_modules/typescript/lib/lib.dom.d.ts","/usr/local/lib/node_modules/typescript/lib/lib.dom.iterable.d.ts","/usr/local/lib/node_modules/typescript/lib/lib.webworker.importscripts.d.ts","/usr/local/lib/node_modules/typescript/lib/lib.scripthost.d.ts","/usr/local/lib/node_modules/typescript/lib/lib.es2015.core.d.ts","/usr/local/lib/node_modules/typescript/lib/lib.es2015.collection.d.ts","/usr/local/lib/node_modules/typescript/lib/lib.es2015.generator.d.ts","/usr/local/lib/node_modules/typescript/lib/lib.es2015.iterable.d.ts","/usr/local/lib/node_modules/typescript/lib/lib.es2015.promise.d.ts","/usr/local/lib/node_modules/typescript/lib/lib.es2015.proxy.d.ts","/usr/local/lib/node_modules/typescript/lib/lib.es2015.reflect.d.ts","/usr/local/lib/node_modules/typescript/lib/lib.es2015.symbol.d.ts","/usr/local/lib/node_modules/typescript/lib/lib.es2015.symbol.wellknown.d.ts","/usr/local/lib/node_modules/typescript/lib/lib.es2016.array.include.d.ts","/usr/local/lib/node_modules/typescript/lib/lib.es2016.full.d.ts","/home/cosmic/myprojects/my_website/src/components/slidder/util.js","/home/cosmic/myprojects/my_website/src/components/cardbar/cardbar.js","/home/cosmic/myprojects/my_website/src/components/slidder/slidebar.js"],"compilerOptions":{"module":1,"target":3,"jsx":1,"allowJs":true,"allowSyntheticDefaultImports":true,"allowNonTsExtensions":true,"noEmitForJsFiles":true,"maxNodeModuleJsDepth":2},"typeAcquisition":{"enable":true,"include":[],"exclude":[]},"unresolvedImports":[],"projectRootPath":"/home/cosmic/myprojects/my_website/src/components/slidder","kind":"discover"}
[14:54:28.770] Explicitly included types: []
[14:54:28.770] Inferred typings from unresolved imports: []
[14:54:28.770] Result: {"cachedTypingPaths":[],"newTypingNames":[],"filesToWatch":["/home/cosmic/myprojects/my_website/src/components/slidder/bower_components","/home/cosmic/myprojects/my_website/src/components/slidder/node_modules","/home/cosmic/myprojects/my_website/src/components/cardbar/bower_components","/home/cosmic/myprojects/my_website/src/components/cardbar/node_modules"]}
[14:54:28.770] Finished typings discovery: {"cachedTypingPaths":[],"newTypingNames":[],"filesToWatch":["/home/cosmic/myprojects/my_website/src/components/slidder/bower_components","/home/cosmic/myprojects/my_website/src/components/slidder/node_modules","/home/cosmic/myprojects/my_website/src/components/cardbar/bower_components","/home/cosmic/myprojects/my_website/src/components/cardbar/node_modules"]}
[14:54:28.771] Sending response:
    {"projectName":"/dev/null/inferredProject1*","typeAcquisition":{"enable":true,"include":[],"exclude":[]},"compilerOptions":{"module":1,"target":3,"jsx":1,"allowJs":true,"allowSyntheticDefaultImports":true,"allowNonTsExtensions":true,"noEmitForJsFiles":true,"maxNodeModuleJsDepth":2},"typings":[],"unresolvedImports":[],"kind":"action::set"}
[14:54:28.771] Response has been sent.
[14:54:28.771] No new typings were requested as a result of typings discovery
[14:54:34.248] Got install request {"projectName":"/dev/null/inferredProject2*","fileNames":["/usr/local/lib/node_modules/typescript/lib/lib.es5.d.ts","/usr/local/lib/node_modules/typescript/lib/lib.es2015.d.ts","/usr/local/lib/node_modules/typescript/lib/lib.es2016.d.ts","/usr/local/lib/node_modules/typescript/lib/lib.dom.d.ts","/usr/local/lib/node_modules/typescript/lib/lib.dom.iterable.d.ts","/usr/local/lib/node_modules/typescript/lib/lib.webworker.importscripts.d.ts","/usr/local/lib/node_modules/typescript/lib/lib.scripthost.d.ts","/usr/local/lib/node_modules/typescript/lib/lib.es2015.core.d.ts","/usr/local/lib/node_modules/typescript/lib/lib.es2015.collection.d.ts","/usr/local/lib/node_modules/typescript/lib/lib.es2015.generator.d.ts","/usr/local/lib/node_modules/typescript/lib/lib.es2015.iterable.d.ts","/usr/local/lib/node_modules/typescript/lib/lib.es2015.promise.d.ts","/usr/local/lib/node_modules/typescript/lib/lib.es2015.proxy.d.ts","/usr/local/lib/node_modules/typescript/lib/lib.es2015.reflect.d.ts","/usr/local/lib/node_modules/typescript/lib/lib.es2015.symbol.d.ts","/usr/local/lib/node_modules/typescript/lib/lib.es2015.symbol.wellknown.d.ts","/usr/local/lib/node_modules/typescript/lib/lib.es2016.array.include.d.ts","/usr/local/lib/node_modules/typescript/lib/lib.es2016.full.d.ts","/home/cosmic/myprojects/my_website/src/components/slidder/util.js"],"compilerOptions":{"module":1,"target":3,"jsx":1,"allowJs":true,"allowSyntheticDefaultImports":true,"allowNonTsExtensions":true,"noEmitForJsFiles":true,"maxNodeModuleJsDepth":2},"typeAcquisition":{"enable":true,"include":[],"exclude":[]},"unresolvedImports":["..."],"projectRootPath":"/home/cosmic/myprojects/my_website/src/components/slidder","kind":"discover"}
[14:54:34.248] Explicitly included types: []
[14:54:34.248] Inferred typings from unresolved imports: ["..."]
[14:54:34.248] Result: {"cachedTypingPaths":[],"newTypingNames":["..."],"filesToWatch":["/home/cosmic/myprojects/my_website/src/components/slidder/bower_components","/home/cosmic/myprojects/my_website/src/components/slidder/node_modules"]}
[14:54:34.248] Finished typings discovery: {"cachedTypingPaths":[],"newTypingNames":["..."],"filesToWatch":["/home/cosmic/myprojects/my_website/src/components/slidder/bower_components","/home/cosmic/myprojects/my_website/src/components/slidder/node_modules"]}
[14:54:34.248] Installing typings ["..."]
[14:54:34.249] '...':: Package name '...' cannot start with '.'
[14:54:34.249] All typings are known to be missing or invalid - no need to install more typings
[14:54:34.249] Sending response:
    {"projectName":"/dev/null/inferredProject2*","typeAcquisition":{"enable":true,"include":[],"exclude":[]},"compilerOptions":{"module":1,"target":3,"jsx":1,"allowJs":true,"allowSyntheticDefaultImports":true,"allowNonTsExtensions":true,"noEmitForJsFiles":true,"maxNodeModuleJsDepth":2},"typings":[],"unresolvedImports":["..."],"kind":"action::set"}
[14:54:34.249] Response has been sent.
[14:54:38.128] Got install request {"projectName":"/dev/null/inferredProject2*","fileNames":["/usr/local/lib/node_modules/typescript/lib/lib.es5.d.ts","/usr/local/lib/node_modules/typescript/lib/lib.es2015.d.ts","/usr/local/lib/node_modules/typescript/lib/lib.es2016.d.ts","/usr/local/lib/node_modules/typescript/lib/lib.dom.d.ts","/usr/local/lib/node_modules/typescript/lib/lib.dom.iterable.d.ts","/usr/local/lib/node_modules/typescript/lib/lib.webworker.importscripts.d.ts","/usr/local/lib/node_modules/typescript/lib/lib.scripthost.d.ts","/usr/local/lib/node_modules/typescript/lib/lib.es2015.core.d.ts","/usr/local/lib/node_modules/typescript/lib/lib.es2015.collection.d.ts","/usr/local/lib/node_modules/typescript/lib/lib.es2015.generator.d.ts","/usr/local/lib/node_modules/typescript/lib/lib.es2015.iterable.d.ts","/usr/local/lib/node_modules/typescript/lib/lib.es2015.promise.d.ts","/usr/local/lib/node_modules/typescript/lib/lib.es2015.proxy.d.ts","/usr/local/lib/node_modules/typescript/lib/lib.es2015.reflect.d.ts","/usr/local/lib/node_modules/typescript/lib/lib.es2015.symbol.d.ts","/usr/local/lib/node_modules/typescript/lib/lib.es2015.symbol.wellknown.d.ts","/usr/local/lib/node_modules/typescript/lib/lib.es2016.array.include.d.ts","/usr/local/lib/node_modules/typescript/lib/lib.es2016.full.d.ts","/home/cosmic/myprojects/my_website/src/components/slidder/util.js"],"compilerOptions":{"module":1,"target":3,"jsx":1,"allowJs":true,"allowSyntheticDefaultImports":true,"allowNonTsExtensions":true,"noEmitForJsFiles":true,"maxNodeModuleJsDepth":2},"typeAcquisition":{"enable":true,"include":[],"exclude":[]},"unresolvedImports":[],"projectRootPath":"/home/cosmic/myprojects/my_website/src/components/slidder","kind":"discover"}
[14:54:38.128] Explicitly included types: []
[14:54:38.128] Inferred typings from unresolved imports: []
[14:54:38.128] Result: {"cachedTypingPaths":[],"newTypingNames":[],"filesToWatch":["/home/cosmic/myprojects/my_website/src/components/slidder/bower_components","/home/cosmic/myprojects/my_website/src/components/slidder/node_modules"]}
[14:54:38.128] Finished typings discovery: {"cachedTypingPaths":[],"newTypingNames":[],"filesToWatch":["/home/cosmic/myprojects/my_website/src/components/slidder/bower_components","/home/cosmic/myprojects/my_website/src/components/slidder/node_modules"]}
[14:54:38.128] Sending response:
    {"projectName":"/dev/null/inferredProject2*","typeAcquisition":{"enable":true,"include":[],"exclude":[]},"compilerOptions":{"module":1,"target":3,"jsx":1,"allowJs":true,"allowSyntheticDefaultImports":true,"allowNonTsExtensions":true,"noEmitForJsFiles":true,"maxNodeModuleJsDepth":2},"typings":[],"unresolvedImports":[],"kind":"action::set"}
[14:54:38.128] Response has been sent.
[14:54:38.128] No new typings were requested as a result of typings discovery
[14:58:55.805] Got install request {"projectName":"/dev/null/inferredProject4*","fileNames":["/usr/local/lib/node_modules/typescript/lib/lib.es5.d.ts","/usr/local/lib/node_modules/typescript/lib/lib.es2015.d.ts","/usr/local/lib/node_modules/typescript/lib/lib.es2016.d.ts","/usr/local/lib/node_modules/typescript/lib/lib.dom.d.ts","/usr/local/lib/node_modules/typescript/lib/lib.dom.iterable.d.ts","/usr/local/lib/node_modules/typescript/lib/lib.webworker.importscripts.d.ts","/usr/local/lib/node_modules/typescript/lib/lib.scripthost.d.ts","/usr/local/lib/node_modules/typescript/lib/lib.es2015.core.d.ts","/usr/local/lib/node_modules/typescript/lib/lib.es2015.collection.d.ts","/usr/local/lib/node_modules/typescript/lib/lib.es2015.generator.d.ts","/usr/local/lib/node_modules/typescript/lib/lib.es2015.iterable.d.ts","/usr/local/lib/node_modules/typescript/lib/lib.es2015.promise.d.ts","/usr/local/lib/node_modules/typescript/lib/lib.es2015.proxy.d.ts","/usr/local/lib/node_modules/typescript/lib/lib.es2015.reflect.d.ts","/usr/local/lib/node_modules/typescript/lib/lib.es2015.symbol.d.ts","/usr/local/lib/node_modules/typescript/lib/lib.es2015.symbol.wellknown.d.ts","/usr/local/lib/node_modules/typescript/lib/lib.es2016.array.include.d.ts","/usr/local/lib/node_modules/typescript/lib/lib.es2016.full.d.ts","/home/cosmic/myprojects/my_website/src/components/modalbox/modalbox.js"],"compilerOptions":{"module":1,"target":3,"jsx":1,"allowJs":true,"allowSyntheticDefaultImports":true,"allowNonTsExtensions":true,"noEmitForJsFiles":true,"maxNodeModuleJsDepth":2},"typeAcquisition":{"enable":true,"include":[],"exclude":[]},"unresolvedImports":[],"projectRootPath":"/home/cosmic/myprojects/my_website/src/components/modalbox","kind":"discover"}
[14:58:55.805] Explicitly included types: []
[14:58:55.805] Inferred typings from unresolved imports: []
[14:58:55.805] Result: {"cachedTypingPaths":[],"newTypingNames":[],"filesToWatch":["/home/cosmic/myprojects/my_website/src/components/modalbox/bower_components","/home/cosmic/myprojects/my_website/src/components/modalbox/node_modules"]}
[14:58:55.806] Finished typings discovery: {"cachedTypingPaths":[],"newTypingNames":[],"filesToWatch":["/home/cosmic/myprojects/my_website/src/components/modalbox/bower_components","/home/cosmic/myprojects/my_website/src/components/modalbox/node_modules"]}
[14:58:55.806] DirectoryWatcher:: Added:: WatchInfo: /home/cosmic/myprojects/my_website/src/components/modalbox/bower_components
[14:58:55.806] DirectoryWatcher:: Added:: WatchInfo: /home/cosmic/myprojects/my_website/src/components/modalbox/bower_components 1 undefined Project: /dev/null/inferredProject4* watcher already invoked: false
[14:58:55.806] Elapsed:: 0.25198099995031953ms DirectoryWatcher:: Added:: WatchInfo: /home/cosmic/myprojects/my_website/src/components/modalbox/bower_components 1 undefined Project: /dev/null/inferredProject4* watcher already invoked: false
[14:58:55.806] DirectoryWatcher:: Added:: WatchInfo: /home/cosmic/myprojects/my_website/src/components/modalbox/node_modules
[14:58:55.806] DirectoryWatcher:: Added:: WatchInfo: /home/cosmic/myprojects/my_website/src/components/modalbox/node_modules 1 undefined Project: /dev/null/inferredProject4* watcher already invoked: false
[14:58:55.807] Elapsed:: 0.30787899997085333ms DirectoryWatcher:: Added:: WatchInfo: /home/cosmic/myprojects/my_website/src/components/modalbox/node_modules 1 undefined Project: /dev/null/inferredProject4* watcher already invoked: false
[14:58:55.807] Sending response:
    {"projectName":"/dev/null/inferredProject4*","typeAcquisition":{"enable":true,"include":[],"exclude":[]},"compilerOptions":{"module":1,"target":3,"jsx":1,"allowJs":true,"allowSyntheticDefaultImports":true,"allowNonTsExtensions":true,"noEmitForJsFiles":true,"maxNodeModuleJsDepth":2},"typings":[],"unresolvedImports":[],"kind":"action::set"}
[14:58:55.807] Response has been sent.
[14:58:55.807] No new typings were requested as a result of typings discovery
[15:01:59.265] Got install request {"projectName":"/dev/null/inferredProject5*","fileNames":["/usr/local/lib/node_modules/typescript/lib/lib.es5.d.ts","/usr/local/lib/node_modules/typescript/lib/lib.es2015.d.ts","/usr/local/lib/node_modules/typescript/lib/lib.es2016.d.ts","/usr/local/lib/node_modules/typescript/lib/lib.dom.d.ts","/usr/local/lib/node_modules/typescript/lib/lib.dom.iterable.d.ts","/usr/local/lib/node_modules/typescript/lib/lib.webworker.importscripts.d.ts","/usr/local/lib/node_modules/typescript/lib/lib.scripthost.d.ts","/usr/local/lib/node_modules/typescript/lib/lib.es2015.core.d.ts","/usr/local/lib/node_modules/typescript/lib/lib.es2015.collection.d.ts","/usr/local/lib/node_modules/typescript/lib/lib.es2015.generator.d.ts","/usr/local/lib/node_modules/typescript/lib/lib.es2015.iterable.d.ts","/usr/local/lib/node_modules/typescript/lib/lib.es2015.promise.d.ts","/usr/local/lib/node_modules/typescript/lib/lib.es2015.proxy.d.ts","/usr/local/lib/node_modules/typescript/lib/lib.es2015.reflect.d.ts","/usr/local/lib/node_modules/typescript/lib/lib.es2015.symbol.d.ts","/usr/local/lib/node_modules/typescript/lib/lib.es2015.symbol.wellknown.d.ts","/usr/local/lib/node_modules/typescript/lib/lib.es2016.array.include.d.ts","/usr/local/lib/node_modules/typescript/lib/lib.es2016.full.d.ts","/home/cosmic/myprojects/my_website/src/nav/menue.js"],"compilerOptions":{"module":1,"target":3,"jsx":1,"allowJs":true,"allowSyntheticDefaultImports":true,"allowNonTsExtensions":true,"noEmitForJsFiles":true,"maxNodeModuleJsDepth":2},"typeAcquisition":{"enable":true,"include":[],"exclude":[]},"unresolvedImports":[],"projectRootPath":"/home/cosmic/myprojects/my_website/src/nav","kind":"discover"}
[15:01:59.265] Explicitly included types: []
[15:01:59.265] Inferred typings from unresolved imports: []
[15:01:59.265] Result: {"cachedTypingPaths":[],"newTypingNames":[],"filesToWatch":["/home/cosmic/myprojects/my_website/src/nav/bower_components","/home/cosmic/myprojects/my_website/src/nav/node_modules"]}
[15:01:59.265] Finished typings discovery: {"cachedTypingPaths":[],"newTypingNames":[],"filesToWatch":["/home/cosmic/myprojects/my_website/src/nav/bower_components","/home/cosmic/myprojects/my_website/src/nav/node_modules"]}
[15:01:59.265] DirectoryWatcher:: Added:: WatchInfo: /home/cosmic/myprojects/my_website/src/nav/bower_components
[15:01:59.265] DirectoryWatcher:: Added:: WatchInfo: /home/cosmic/myprojects/my_website/src/nav/bower_components 1 undefined Project: /dev/null/inferredProject5* watcher already invoked: false
[15:01:59.266] Elapsed:: 0.2771290000528097ms DirectoryWatcher:: Added:: WatchInfo: /home/cosmic/myprojects/my_website/src/nav/bower_components 1 undefined Project: /dev/null/inferredProject5* watcher already invoked: false
[15:01:59.266] DirectoryWatcher:: Added:: WatchInfo: /home/cosmic/myprojects/my_website/src/nav/node_modules
[15:01:59.266] DirectoryWatcher:: Added:: WatchInfo: /home/cosmic/myprojects/my_website/src/nav/node_modules 1 undefined Project: /dev/null/inferredProject5* watcher already invoked: false
[15:01:59.266] Elapsed:: 0.19647599989548326ms DirectoryWatcher:: Added:: WatchInfo: /home/cosmic/myprojects/my_website/src/nav/node_modules 1 undefined Project: /dev/null/inferredProject5* watcher already invoked: false
[15:01:59.266] Sending response:
    {"projectName":"/dev/null/inferredProject5*","typeAcquisition":{"enable":true,"include":[],"exclude":[]},"compilerOptions":{"module":1,"target":3,"jsx":1,"allowJs":true,"allowSyntheticDefaultImports":true,"allowNonTsExtensions":true,"noEmitForJsFiles":true,"maxNodeModuleJsDepth":2},"typings":[],"unresolvedImports":[],"kind":"action::set"}
[15:01:59.266] Response has been sent.
[15:01:59.266] No new typings were requested as a result of typings discovery
[15:03:07.393] Got install request {"projectName":"/dev/null/inferredProject6*","fileNames":["/usr/local/lib/node_modules/typescript/lib/lib.es5.d.ts","/usr/local/lib/node_modules/typescript/lib/lib.es2015.d.ts","/usr/local/lib/node_modules/typescript/lib/lib.es2016.d.ts","/usr/local/lib/node_modules/typescript/lib/lib.dom.d.ts","/usr/local/lib/node_modules/typescript/lib/lib.dom.iterable.d.ts","/usr/local/lib/node_modules/typescript/lib/lib.webworker.importscripts.d.ts","/usr/local/lib/node_modules/typescript/lib/lib.scripthost.d.ts","/usr/local/lib/node_modules/typescript/lib/lib.es2015.core.d.ts","/usr/local/lib/node_modules/typescript/lib/lib.es2015.collection.d.ts","/usr/local/lib/node_modules/typescript/lib/lib.es2015.generator.d.ts","/usr/local/lib/node_modules/typescript/lib/lib.es2015.iterable.d.ts","/usr/local/lib/node_modules/typescript/lib/lib.es2015.promise.d.ts","/usr/local/lib/node_modules/typescript/lib/lib.es2015.proxy.d.ts","/usr/local/lib/node_modules/typescript/lib/lib.es2015.reflect.d.ts","/usr/local/lib/node_modules/typescript/lib/lib.es2015.symbol.d.ts","/usr/local/lib/node_modules/typescript/lib/lib.es2015.symbol.wellknown.d.ts","/usr/local/lib/node_modules/typescript/lib/lib.es2016.array.include.d.ts","/usr/local/lib/node_modules/typescript/lib/lib.es2016.full.d.ts","/home/cosmic/myprojects/my_website/src/components/blogcard/bob2.js"],"compilerOptions":{"module":1,"target":3,"jsx":1,"allowJs":true,"allowSyntheticDefaultImports":true,"allowNonTsExtensions":true,"noEmitForJsFiles":true,"maxNodeModuleJsDepth":2},"typeAcquisition":{"enable":true,"include":[],"exclude":[]},"unresolvedImports":[],"projectRootPath":"/home/cosmic/myprojects/my_website/src/components/blogcard","kind":"discover"}
[15:03:07.393] Explicitly included types: []
[15:03:07.393] Inferred typings from unresolved imports: []
[15:03:07.394] Result: {"cachedTypingPaths":[],"newTypingNames":[],"filesToWatch":["/home/cosmic/myprojects/my_website/src/components/blogcard/bower_components","/home/cosmic/myprojects/my_website/src/components/blogcard/node_modules"]}
[15:03:07.394] Finished typings discovery: {"cachedTypingPaths":[],"newTypingNames":[],"filesToWatch":["/home/cosmic/myprojects/my_website/src/components/blogcard/bower_components","/home/cosmic/myprojects/my_website/src/components/blogcard/node_modules"]}
[15:03:07.394] DirectoryWatcher:: Added:: WatchInfo: /home/cosmic/myprojects/my_website/src/components/blogcard/bower_components
[15:03:07.394] DirectoryWatcher:: Added:: WatchInfo: /home/cosmic/myprojects/my_website/src/components/blogcard/bower_components 1 undefined Project: /dev/null/inferredProject6* watcher already invoked: false
[15:03:07.394] Elapsed:: 0.34064899990335107ms DirectoryWatcher:: Added:: WatchInfo: /home/cosmic/myprojects/my_website/src/components/blogcard/bower_components 1 undefined Project: /dev/null/inferredProject6* watcher already invoked: false
[15:03:07.394] DirectoryWatcher:: Added:: WatchInfo: /home/cosmic/myprojects/my_website/src/components/blogcard/node_modules
[15:03:07.394] DirectoryWatcher:: Added:: WatchInfo: /home/cosmic/myprojects/my_website/src/components/blogcard/node_modules 1 undefined Project: /dev/null/inferredProject6* watcher already invoked: false
[15:03:07.395] Elapsed:: 0.14096099976450205ms DirectoryWatcher:: Added:: WatchInfo: /home/cosmic/myprojects/my_website/src/components/blogcard/node_modules 1 undefined Project: /dev/null/inferredProject6* watcher already invoked: false
[15:03:07.395] Sending response:
    {"projectName":"/dev/null/inferredProject6*","typeAcquisition":{"enable":true,"include":[],"exclude":[]},"compilerOptions":{"module":1,"target":3,"jsx":1,"allowJs":true,"allowSyntheticDefaultImports":true,"allowNonTsExtensions":true,"noEmitForJsFiles":true,"maxNodeModuleJsDepth":2},"typings":[],"unresolvedImports":[],"kind":"action::set"}
[15:03:07.395] Response has been sent.
[15:03:07.395] No new typings were requested as a result of typings discovery
[15:04:00.444] Got install request {"projectName":"/dev/null/inferredProject7*","fileNames":["/usr/local/lib/node_modules/typescript/lib/lib.es5.d.ts","/usr/local/lib/node_modules/typescript/lib/lib.es2015.d.ts","/usr/local/lib/node_modules/typescript/lib/lib.es2016.d.ts","/usr/local/lib/node_modules/typescript/lib/lib.dom.d.ts","/usr/local/lib/node_modules/typescript/lib/lib.dom.iterable.d.ts","/usr/local/lib/node_modules/typescript/lib/lib.webworker.importscripts.d.ts","/usr/local/lib/node_modules/typescript/lib/lib.scripthost.d.ts","/usr/local/lib/node_modules/typescript/lib/lib.es2015.core.d.ts","/usr/local/lib/node_modules/typescript/lib/lib.es2015.collection.d.ts","/usr/local/lib/node_modules/typescript/lib/lib.es2015.generator.d.ts","/usr/local/lib/node_modules/typescript/lib/lib.es2015.iterable.d.ts","/usr/local/lib/node_modules/typescript/lib/lib.es2015.promise.d.ts","/usr/local/lib/node_modules/typescript/lib/lib.es2015.proxy.d.ts","/usr/local/lib/node_modules/typescript/lib/lib.es2015.reflect.d.ts","/usr/local/lib/node_modules/typescript/lib/lib.es2015.symbol.d.ts","/usr/local/lib/node_modules/typescript/lib/lib.es2015.symbol.wellknown.d.ts","/usr/local/lib/node_modules/typescript/lib/lib.es2016.array.include.d.ts","/usr/local/lib/node_modules/typescript/lib/lib.es2016.full.d.ts","/home/cosmic/myprojects/my_website/src/components/reviews/reviews.js"],"compilerOptions":{"module":1,"target":3,"jsx":1,"allowJs":true,"allowSyntheticDefaultImports":true,"allowNonTsExtensions":true,"noEmitForJsFiles":true,"maxNodeModuleJsDepth":2},"typeAcquisition":{"enable":true,"include":[],"exclude":[]},"unresolvedImports":[],"projectRootPath":"/home/cosmic/myprojects/my_website/src/components/reviews","kind":"discover"}
[15:04:00.444] Explicitly included types: []
[15:04:00.444] Inferred typings from unresolved imports: []
[15:04:00.444] Result: {"cachedTypingPaths":[],"newTypingNames":[],"filesToWatch":["/home/cosmic/myprojects/my_website/src/components/reviews/bower_components","/home/cosmic/myprojects/my_website/src/components/reviews/node_modules"]}
[15:04:00.444] Finished typings discovery: {"cachedTypingPaths":[],"newTypingNames":[],"filesToWatch":["/home/cosmic/myprojects/my_website/src/components/reviews/bower_components","/home/cosmic/myprojects/my_website/src/components/reviews/node_modules"]}
[15:04:00.444] DirectoryWatcher:: Added:: WatchInfo: /home/cosmic/myprojects/my_website/src/components/reviews/bower_components
[15:04:00.445] DirectoryWatcher:: Added:: WatchInfo: /home/cosmic/myprojects/my_website/src/components/reviews/bower_components 1 undefined Project: /dev/null/inferredProject7* watcher already invoked: false
[15:04:00.445] Elapsed:: 0.15099800005555153ms DirectoryWatcher:: Added:: WatchInfo: /home/cosmic/myprojects/my_website/src/components/reviews/bower_components 1 undefined Project: /dev/null/inferredProject7* watcher already invoked: false
[15:04:00.445] DirectoryWatcher:: Added:: WatchInfo: /home/cosmic/myprojects/my_website/src/components/reviews/node_modules
[15:04:00.445] DirectoryWatcher:: Added:: WatchInfo: /home/cosmic/myprojects/my_website/src/components/reviews/node_modules 1 undefined Project: /dev/null/inferredProject7* watcher already invoked: false
[15:04:00.445] Elapsed:: 0.11655100015923381ms DirectoryWatcher:: Added:: WatchInfo: /home/cosmic/myprojects/my_website/src/components/reviews/node_modules 1 undefined Project: /dev/null/inferredProject7* watcher already invoked: false
[15:04:00.445] Sending response:
    {"projectName":"/dev/null/inferredProject7*","typeAcquisition":{"enable":true,"include":[],"exclude":[]},"compilerOptions":{"module":1,"target":3,"jsx":1,"allowJs":true,"allowSyntheticDefaultImports":true,"allowNonTsExtensions":true,"noEmitForJsFiles":true,"maxNodeModuleJsDepth":2},"typings":[],"unresolvedImports":[],"kind":"action::set"}
[15:04:00.445] Response has been sent.
[15:04:00.445] No new typings were requested as a result of typings discovery
[15:06:12.488] Got install request {"projectName":"/dev/null/inferredProject1*","fileNames":["/usr/local/lib/node_modules/typescript/lib/lib.es5.d.ts","/usr/local/lib/node_modules/typescript/lib/lib.es2015.d.ts","/usr/local/lib/node_modules/typescript/lib/lib.es2016.d.ts","/usr/local/lib/node_modules/typescript/lib/lib.dom.d.ts","/usr/local/lib/node_modules/typescript/lib/lib.dom.iterable.d.ts","/usr/local/lib/node_modules/typescript/lib/lib.webworker.importscripts.d.ts","/usr/local/lib/node_modules/typescript/lib/lib.scripthost.d.ts","/usr/local/lib/node_modules/typescript/lib/lib.es2015.core.d.ts","/usr/local/lib/node_modules/typescript/lib/lib.es2015.collection.d.ts","/usr/local/lib/node_modules/typescript/lib/lib.es2015.generator.d.ts","/usr/local/lib/node_modules/typescript/lib/lib.es2015.iterable.d.ts","/usr/local/lib/node_modules/typescript/lib/lib.es2015.promise.d.ts","/usr/local/lib/node_modules/typescript/lib/lib.es2015.proxy.d.ts","/usr/local/lib/node_modules/typescript/lib/lib.es2015.reflect.d.ts","/usr/local/lib/node_modules/typescript/lib/lib.es2015.symbol.d.ts","/usr/local/lib/node_modules/typescript/lib/lib.es2015.symbol.wellknown.d.ts","/usr/local/lib/node_modules/typescript/lib/lib.es2016.array.include.d.ts","/usr/local/lib/node_modules/typescript/lib/lib.es2016.full.d.ts","/home/cosmic/myprojects/my_website/src/components/cardbar/cardbar.js","/home/cosmic/myprojects/my_website/src/components/slidder/slidebar.js"],"compilerOptions":{"module":1,"target":3,"jsx":1,"allowJs":true,"allowSyntheticDefaultImports":true,"allowNonTsExtensions":true,"noEmitForJsFiles":true,"maxNodeModuleJsDepth":2},"typeAcquisition":{"enable":true,"include":[],"exclude":[]},"unresolvedImports":[],"projectRootPath":"/home/cosmic/myprojects/my_website/src/components/slidder","kind":"discover"}
[15:06:12.489] Explicitly included types: []
[15:06:12.489] Inferred typings from unresolved imports: []
[15:06:12.489] Result: {"cachedTypingPaths":[],"newTypingNames":[],"filesToWatch":["/home/cosmic/myprojects/my_website/src/components/cardbar/bower_components","/home/cosmic/myprojects/my_website/src/components/cardbar/node_modules","/home/cosmic/myprojects/my_website/src/components/slidder/bower_components","/home/cosmic/myprojects/my_website/src/components/slidder/node_modules"]}
[15:06:12.489] Finished typings discovery: {"cachedTypingPaths":[],"newTypingNames":[],"filesToWatch":["/home/cosmic/myprojects/my_website/src/components/cardbar/bower_components","/home/cosmic/myprojects/my_website/src/components/cardbar/node_modules","/home/cosmic/myprojects/my_website/src/components/slidder/bower_components","/home/cosmic/myprojects/my_website/src/components/slidder/node_modules"]}
[15:06:12.489] Sending response:
    {"projectName":"/dev/null/inferredProject1*","typeAcquisition":{"enable":true,"include":[],"exclude":[]},"compilerOptions":{"module":1,"target":3,"jsx":1,"allowJs":true,"allowSyntheticDefaultImports":true,"allowNonTsExtensions":true,"noEmitForJsFiles":true,"maxNodeModuleJsDepth":2},"typings":[],"unresolvedImports":[],"kind":"action::set"}
[15:06:12.489] Response has been sent.
[15:06:12.489] No new typings were requested as a result of typings discovery
[15:08:20.360] Got install request {"projectName":"/dev/null/inferredProject8*","fileNames":["/usr/local/lib/node_modules/typescript/lib/lib.es5.d.ts","/usr/local/lib/node_modules/typescript/lib/lib.es2015.d.ts","/usr/local/lib/node_modules/typescript/lib/lib.es2016.d.ts","/usr/local/lib/node_modules/typescript/lib/lib.dom.d.ts","/usr/local/lib/node_modules/typescript/lib/lib.dom.iterable.d.ts","/usr/local/lib/node_modules/typescript/lib/lib.webworker.importscripts.d.ts","/usr/local/lib/node_modules/typescript/lib/lib.scripthost.d.ts","/usr/local/lib/node_modules/typescript/lib/lib.es2015.core.d.ts","/usr/local/lib/node_modules/typescript/lib/lib.es2015.collection.d.ts","/usr/local/lib/node_modules/typescript/lib/lib.es2015.generator.d.ts","/usr/local/lib/node_modules/typescript/lib/lib.es2015.iterable.d.ts","/usr/local/lib/node_modules/typescript/lib/lib.es2015.promise.d.ts","/usr/local/lib/node_modules/typescript/lib/lib.es2015.proxy.d.ts","/usr/local/lib/node_modules/typescript/lib/lib.es2015.reflect.d.ts","/usr/local/lib/node_modules/typescript/lib/lib.es2015.symbol.d.ts","/usr/local/lib/node_modules/typescript/lib/lib.es2015.symbol.wellknown.d.ts","/usr/local/lib/node_modules/typescript/lib/lib.es2016.array.include.d.ts","/usr/local/lib/node_modules/typescript/lib/lib.es2016.full.d.ts","/home/cosmic/myprojects/my_website/src/components/slidder/util.js"],"compilerOptions":{"module":1,"target":3,"jsx":1,"allowJs":true,"allowSyntheticDefaultImports":true,"allowNonTsExtensions":true,"noEmitForJsFiles":true,"maxNodeModuleJsDepth":2},"typeAcquisition":{"enable":true,"include":[],"exclude":[]},"unresolvedImports":[],"projectRootPath":"/home/cosmic/myprojects/my_website/src/components/slidder","kind":"discover"}
[15:08:20.360] Explicitly included types: []
[15:08:20.360] Inferred typings from unresolved imports: []
[15:08:20.360] Result: {"cachedTypingPaths":[],"newTypingNames":[],"filesToWatch":["/home/cosmic/myprojects/my_website/src/components/slidder/bower_components","/home/cosmic/myprojects/my_website/src/components/slidder/node_modules"]}
[15:08:20.360] Finished typings discovery: {"cachedTypingPaths":[],"newTypingNames":[],"filesToWatch":["/home/cosmic/myprojects/my_website/src/components/slidder/bower_components","/home/cosmic/myprojects/my_website/src/components/slidder/node_modules"]}
[15:08:20.360] DirectoryWatcher:: Added:: WatchInfo: /home/cosmic/myprojects/my_website/src/components/slidder/bower_components
[15:08:20.360] DirectoryWatcher:: Added:: WatchInfo: /home/cosmic/myprojects/my_website/src/components/slidder/bower_components 1 undefined Project: /dev/null/inferredProject8* watcher already invoked: false
[15:08:20.360] Elapsed:: 0.021726000122725964ms DirectoryWatcher:: Added:: WatchInfo: /home/cosmic/myprojects/my_website/src/components/slidder/bower_components 1 undefined Project: /dev/null/inferredProject8* watcher already invoked: false
[15:08:20.361] DirectoryWatcher:: Added:: WatchInfo: /home/cosmic/myprojects/my_website/src/components/slidder/node_modules
[15:08:20.361] DirectoryWatcher:: Added:: WatchInfo: /home/cosmic/myprojects/my_website/src/components/slidder/node_modules 1 undefined Project: /dev/null/inferredProject8* watcher already invoked: false
[15:08:20.361] Elapsed:: 0.0083939996547997ms DirectoryWatcher:: Added:: WatchInfo: /home/cosmic/myprojects/my_website/src/components/slidder/node_modules 1 undefined Project: /dev/null/inferredProject8* watcher already invoked: false
[15:08:20.361] Sending response:
    {"projectName":"/dev/null/inferredProject8*","typeAcquisition":{"enable":true,"include":[],"exclude":[]},"compilerOptions":{"module":1,"target":3,"jsx":1,"allowJs":true,"allowSyntheticDefaultImports":true,"allowNonTsExtensions":true,"noEmitForJsFiles":true,"maxNodeModuleJsDepth":2},"typings":[],"unresolvedImports":[],"kind":"action::set"}
[15:08:20.361] Response has been sent.
[15:08:20.361] No new typings were requested as a result of typings discovery
[15:09:53.998] Got install request {"projectName":"/dev/null/inferredProject9*","fileNames":["/usr/local/lib/node_modules/typescript/lib/lib.es5.d.ts","/usr/local/lib/node_modules/typescript/lib/lib.es2015.d.ts","/usr/local/lib/node_modules/typescript/lib/lib.es2016.d.ts","/usr/local/lib/node_modules/typescript/lib/lib.dom.d.ts","/usr/local/lib/node_modules/typescript/lib/lib.dom.iterable.d.ts","/usr/local/lib/node_modules/typescript/lib/lib.webworker.importscripts.d.ts","/usr/local/lib/node_modules/typescript/lib/lib.scripthost.d.ts","/usr/local/lib/node_modules/typescript/lib/lib.es2015.core.d.ts","/usr/local/lib/node_modules/typescript/lib/lib.es2015.collection.d.ts","/usr/local/lib/node_modules/typescript/lib/lib.es2015.generator.d.ts","/usr/local/lib/node_modules/typescript/lib/lib.es2015.iterable.d.ts","/usr/local/lib/node_modules/typescript/lib/lib.es2015.promise.d.ts","/usr/local/lib/node_modules/typescript/lib/lib.es2015.proxy.d.ts","/usr/local/lib/node_modules/typescript/lib/lib.es2015.reflect.d.ts","/usr/local/lib/node_modules/typescript/lib/lib.es2015.symbol.d.ts","/usr/local/lib/node_modules/typescript/lib/lib.es2015.symbol.wellknown.d.ts","/usr/local/lib/node_modules/typescript/lib/lib.es2016.array.include.d.ts","/usr/local/lib/node_modules/typescript/lib/lib.es2016.full.d.ts","/home/cosmic/myprojects/my_website/src/components/blogcard/bob.js","/home/cosmic/myprojects/my_website/src/components/blogcard/bob2.js","/home/cosmic/myprojects/my_website/src/body/body.js"],"compilerOptions":{"module":1,"target":3,"jsx":1,"allowJs":true,"allowSyntheticDefaultImports":true,"allowNonTsExtensions":true,"noEmitForJsFiles":true,"maxNodeModuleJsDepth":2},"typeAcquisition":{"enable":true,"include":[],"exclude":[]},"unresolvedImports":[],"projectRootPath":"/home/cosmic/myprojects/my_website/src/body","kind":"discover"}
[15:09:53.998] Explicitly included types: []
[15:09:53.999] Inferred typings from unresolved imports: []
[15:09:53.999] Result: {"cachedTypingPaths":[],"newTypingNames":[],"filesToWatch":["/home/cosmic/myprojects/my_website/src/components/blogcard/bower_components","/home/cosmic/myprojects/my_website/src/components/blogcard/node_modules","/home/cosmic/myprojects/my_website/src/body/bower_components","/home/cosmic/myprojects/my_website/src/body/node_modules"]}
[15:09:53.999] Finished typings discovery: {"cachedTypingPaths":[],"newTypingNames":[],"filesToWatch":["/home/cosmic/myprojects/my_website/src/components/blogcard/bower_components","/home/cosmic/myprojects/my_website/src/components/blogcard/node_modules","/home/cosmic/myprojects/my_website/src/body/bower_components","/home/cosmic/myprojects/my_website/src/body/node_modules"]}
[15:09:53.999] DirectoryWatcher:: Added:: WatchInfo: /home/cosmic/myprojects/my_website/src/components/blogcard/bower_components
[15:09:53.999] DirectoryWatcher:: Added:: WatchInfo: /home/cosmic/myprojects/my_website/src/components/blogcard/bower_components 1 undefined Project: /dev/null/inferredProject9* watcher already invoked: false
[15:09:53.999] Elapsed:: 0.0096220001578331ms DirectoryWatcher:: Added:: WatchInfo: /home/cosmic/myprojects/my_website/src/components/blogcard/bower_components 1 undefined Project: /dev/null/inferredProject9* watcher already invoked: false
[15:09:53.999] DirectoryWatcher:: Added:: WatchInfo: /home/cosmic/myprojects/my_website/src/components/blogcard/node_modules
[15:09:53.999] DirectoryWatcher:: Added:: WatchInfo: /home/cosmic/myprojects/my_website/src/components/blogcard/node_modules 1 undefined Project: /dev/null/inferredProject9* watcher already invoked: false
[15:09:53.999] Elapsed:: 0.005576000083237886ms DirectoryWatcher:: Added:: WatchInfo: /home/cosmic/myprojects/my_website/src/components/blogcard/node_modules 1 undefined Project: /dev/null/inferredProject9* watcher already invoked: false
[15:09:53.999] DirectoryWatcher:: Added:: WatchInfo: /home/cosmic/myprojects/my_website/src/body/bower_components
[15:09:53.999] DirectoryWatcher:: Added:: WatchInfo: /home/cosmic/myprojects/my_website/src/body/bower_components 1 undefined Project: /dev/null/inferredProject9* watcher already invoked: false
[15:09:54.000] Elapsed:: 0.1350139998830855ms DirectoryWatcher:: Added:: WatchInfo: /home/cosmic/myprojects/my_website/src/body/bower_components 1 undefined Project: /dev/null/inferredProject9* watcher already invoked: false
[15:09:54.000] DirectoryWatcher:: Added:: WatchInfo: /home/cosmic/myprojects/my_website/src/body/node_modules
[15:09:54.000] DirectoryWatcher:: Added:: WatchInfo: /home/cosmic/myprojects/my_website/src/body/node_modules 1 undefined Project: /dev/null/inferredProject9* watcher already invoked: false
[15:09:54.000] Elapsed:: 0.13903599977493286ms DirectoryWatcher:: Added:: WatchInfo: /home/cosmic/myprojects/my_website/src/body/node_modules 1 undefined Project: /dev/null/inferredProject9* watcher already invoked: false
[15:09:54.000] Sending response:
    {"projectName":"/dev/null/inferredProject9*","typeAcquisition":{"enable":true,"include":[],"exclude":[]},"compilerOptions":{"module":1,"target":3,"jsx":1,"allowJs":true,"allowSyntheticDefaultImports":true,"allowNonTsExtensions":true,"noEmitForJsFiles":true,"maxNodeModuleJsDepth":2},"typings":[],"unresolvedImports":[],"kind":"action::set"}
[15:09:54.000] Response has been sent.
[15:09:54.000] No new typings were requested as a result of typings discovery
