[03:09:19.967] Global cache location '/home/cosmic/.cache/typescript/4.7', safe file path '/usr/local/lib/node_modules/typescript/lib/typingSafeList.json', types map path /usr/local/lib/node_modules/typescript/lib/typesMap.json
[03:09:19.968] Processing cache location '/home/cosmic/.cache/typescript/4.7'
[03:09:19.968] Trying to find '/home/cosmic/.cache/typescript/4.7/package.json'...
[03:09:20.035] Loaded content of '/home/cosmic/.cache/typescript/4.7/package.json': {"private":true,"dependencies":{"types-registry":"^0.1.602"},"devDependencies":{"@types/body-parser":"^1.19.2","@types/express":"^4.17.13","@types/merge-descriptors":"^1.0.1","@types/multer":"^1.4.7","@types/nodemon":"^1.19.2","@types/react":"^18.0.15","@types/react-dom":"^18.0.6","@types/serve-static":"^1.13.10"}}
[03:09:20.035] Loaded content of '/home/cosmic/.cache/typescript/4.7/package-lock.json'
[03:09:20.118] Adding entry into typings cache: 'body-parser' => '/home/cosmic/.cache/typescript/4.7/node_modules/@types/body-parser/index.d.ts'
[03:09:20.179] Adding entry into typings cache: 'express' => '/home/cosmic/.cache/typescript/4.7/node_modules/@types/express/index.d.ts'
[03:09:20.195] Adding entry into typings cache: 'merge-descriptors' => '/home/cosmic/.cache/typescript/4.7/node_modules/@types/merge-descriptors/index.d.ts'
[03:09:20.238] Adding entry into typings cache: 'multer' => '/home/cosmic/.cache/typescript/4.7/node_modules/@types/multer/index.d.ts'
[03:09:20.242] Adding entry into typings cache: 'nodemon' => '/home/cosmic/.cache/typescript/4.7/node_modules/@types/nodemon/index.d.ts'
[03:09:20.352] Adding entry into typings cache: 'react' => '/home/cosmic/.cache/typescript/4.7/node_modules/@types/react/index.d.ts'
[03:09:20.399] Adding entry into typings cache: 'react-dom' => '/home/cosmic/.cache/typescript/4.7/node_modules/@types/react-dom/index.d.ts'
[03:09:20.416] Adding entry into typings cache: 'serve-static' => '/home/cosmic/.cache/typescript/4.7/node_modules/@types/serve-static/index.d.ts'
[03:09:20.417] Finished processing cache location '/home/cosmic/.cache/typescript/4.7'
[03:09:20.417] Process id: 3152
[03:09:20.417] NPM location: /snap/node/6488/bin/npm (explicit '--npmLocation' not  provided)
[03:09:20.417] validateDefaultNpmLocation: false
[03:09:20.417] Npm config file: /home/cosmic/.cache/typescript/4.7/package.json
[03:09:20.417] Updating types-registry npm package...
[03:09:20.417] Exec: /snap/node/6488/bin/npm install --ignore-scripts types-registry@latest
[03:10:31.666]     Succeeded. stdout:
[03:10:31.667] Updated types-registry npm package
[03:10:31.732] Got install request {"projectName":"/dev/null/inferredProject1*","fileNames":["/usr/local/lib/node_modules/typescript/lib/lib.es5.d.ts","/usr/local/lib/node_modules/typescript/lib/lib.es2015.d.ts","/usr/local/lib/node_modules/typescript/lib/lib.es2016.d.ts","/usr/local/lib/node_modules/typescript/lib/lib.dom.d.ts","/usr/local/lib/node_modules/typescript/lib/lib.dom.iterable.d.ts","/usr/local/lib/node_modules/typescript/lib/lib.webworker.importscripts.d.ts","/usr/local/lib/node_modules/typescript/lib/lib.scripthost.d.ts","/usr/local/lib/node_modules/typescript/lib/lib.es2015.core.d.ts","/usr/local/lib/node_modules/typescript/lib/lib.es2015.collection.d.ts","/usr/local/lib/node_modules/typescript/lib/lib.es2015.generator.d.ts","/usr/local/lib/node_modules/typescript/lib/lib.es2015.iterable.d.ts","/usr/local/lib/node_modules/typescript/lib/lib.es2015.promise.d.ts","/usr/local/lib/node_modules/typescript/lib/lib.es2015.proxy.d.ts","/usr/local/lib/node_modules/typescript/lib/lib.es2015.reflect.d.ts","/usr/local/lib/node_modules/typescript/lib/lib.es2015.symbol.d.ts","/usr/local/lib/node_modules/typescript/lib/lib.es2015.symbol.wellknown.d.ts","/usr/local/lib/node_modules/typescript/lib/lib.es2016.array.include.d.ts","/usr/local/lib/node_modules/typescript/lib/lib.es2016.full.d.ts","/home/cosmic/myprojects/my_website/src/nav/menue.js"],"compilerOptions":{"module":1,"target":3,"jsx":1,"allowJs":true,"allowSyntheticDefaultImports":true,"allowNonTsExtensions":true,"noEmitForJsFiles":true,"maxNodeModuleJsDepth":2},"typeAcquisition":{"enable":true,"include":[],"exclude":[]},"unresolvedImports":[],"projectRootPath":"/home/cosmic/myprojects/my_website/src/nav","kind":"discover"}
[03:10:31.759] Loaded safelist from types map file '/usr/local/lib/node_modules/typescript/lib/typesMap.json'
[03:10:31.759] Explicitly included types: []
[03:10:31.761] Inferred typings from unresolved imports: []
[03:10:31.761] Result: {"cachedTypingPaths":[],"newTypingNames":[],"filesToWatch":["/home/cosmic/myprojects/my_website/src/nav/bower_components","/home/cosmic/myprojects/my_website/src/nav/node_modules"]}
[03:10:31.761] Finished typings discovery: {"cachedTypingPaths":[],"newTypingNames":[],"filesToWatch":["/home/cosmic/myprojects/my_website/src/nav/bower_components","/home/cosmic/myprojects/my_website/src/nav/node_modules"]}
[03:10:31.761] DirectoryWatcher:: Added:: WatchInfo: /home/cosmic/myprojects/my_website/src/nav/bower_components
[03:10:31.761] DirectoryWatcher:: Added:: WatchInfo: /home/cosmic/myprojects/my_website/src/nav/bower_components 1 undefined Project: /dev/null/inferredProject1* watcher already invoked: false
[03:10:31.763] Elapsed:: 1.1802000000607222ms DirectoryWatcher:: Added:: WatchInfo: /home/cosmic/myprojects/my_website/src/nav/bower_components 1 undefined Project: /dev/null/inferredProject1* watcher already invoked: false
[03:10:31.763] DirectoryWatcher:: Added:: WatchInfo: /home/cosmic/myprojects/my_website/src/nav/node_modules
[03:10:31.763] DirectoryWatcher:: Added:: WatchInfo: /home/cosmic/myprojects/my_website/src/nav/node_modules 1 undefined Project: /dev/null/inferredProject1* watcher already invoked: false
[03:10:31.763] Elapsed:: 0.09305500006303191ms DirectoryWatcher:: Added:: WatchInfo: /home/cosmic/myprojects/my_website/src/nav/node_modules 1 undefined Project: /dev/null/inferredProject1* watcher already invoked: false
[03:10:31.763] Sending response:
    {"projectName":"/dev/null/inferredProject1*","typeAcquisition":{"enable":true,"include":[],"exclude":[]},"compilerOptions":{"module":1,"target":3,"jsx":1,"allowJs":true,"allowSyntheticDefaultImports":true,"allowNonTsExtensions":true,"noEmitForJsFiles":true,"maxNodeModuleJsDepth":2},"typings":[],"unresolvedImports":[],"kind":"action::set"}
[03:10:31.763] Response has been sent.
[03:10:31.763] No new typings were requested as a result of typings discovery
[03:13:19.297] Got install request {"projectName":"/dev/null/inferredProject2*","fileNames":["/usr/local/lib/node_modules/typescript/lib/lib.es5.d.ts","/usr/local/lib/node_modules/typescript/lib/lib.es2015.d.ts","/usr/local/lib/node_modules/typescript/lib/lib.es2016.d.ts","/usr/local/lib/node_modules/typescript/lib/lib.dom.d.ts","/usr/local/lib/node_modules/typescript/lib/lib.dom.iterable.d.ts","/usr/local/lib/node_modules/typescript/lib/lib.webworker.importscripts.d.ts","/usr/local/lib/node_modules/typescript/lib/lib.scripthost.d.ts","/usr/local/lib/node_modules/typescript/lib/lib.es2015.core.d.ts","/usr/local/lib/node_modules/typescript/lib/lib.es2015.collection.d.ts","/usr/local/lib/node_modules/typescript/lib/lib.es2015.generator.d.ts","/usr/local/lib/node_modules/typescript/lib/lib.es2015.iterable.d.ts","/usr/local/lib/node_modules/typescript/lib/lib.es2015.promise.d.ts","/usr/local/lib/node_modules/typescript/lib/lib.es2015.proxy.d.ts","/usr/local/lib/node_modules/typescript/lib/lib.es2015.reflect.d.ts","/usr/local/lib/node_modules/typescript/lib/lib.es2015.symbol.d.ts","/usr/local/lib/node_modules/typescript/lib/lib.es2015.symbol.wellknown.d.ts","/usr/local/lib/node_modules/typescript/lib/lib.es2016.array.include.d.ts","/usr/local/lib/node_modules/typescript/lib/lib.es2016.full.d.ts","/home/cosmic/myprojects/my_website/src/root/bottom_bar.js"],"compilerOptions":{"module":1,"target":3,"jsx":1,"allowJs":true,"allowSyntheticDefaultImports":true,"allowNonTsExtensions":true,"noEmitForJsFiles":true,"maxNodeModuleJsDepth":2},"typeAcquisition":{"enable":true,"include":[],"exclude":[]},"unresolvedImports":[],"projectRootPath":"/home/cosmic/myprojects/my_website/src/root","kind":"discover"}
[03:13:19.297] Explicitly included types: []
[03:13:19.298] Inferred typings from unresolved imports: []
[03:13:19.298] Result: {"cachedTypingPaths":[],"newTypingNames":[],"filesToWatch":["/home/cosmic/myprojects/my_website/src/root/bower_components","/home/cosmic/myprojects/my_website/src/root/node_modules"]}
[03:13:19.298] Finished typings discovery: {"cachedTypingPaths":[],"newTypingNames":[],"filesToWatch":["/home/cosmic/myprojects/my_website/src/root/bower_components","/home/cosmic/myprojects/my_website/src/root/node_modules"]}
[03:13:19.298] DirectoryWatcher:: Added:: WatchInfo: /home/cosmic/myprojects/my_website/src/root/bower_components
[03:13:19.298] DirectoryWatcher:: Added:: WatchInfo: /home/cosmic/myprojects/my_website/src/root/bower_components 1 undefined Project: /dev/null/inferredProject2* watcher already invoked: false
[03:13:19.298] Elapsed:: 0.1331889999564737ms DirectoryWatcher:: Added:: WatchInfo: /home/cosmic/myprojects/my_website/src/root/bower_components 1 undefined Project: /dev/null/inferredProject2* watcher already invoked: false
[03:13:19.298] DirectoryWatcher:: Added:: WatchInfo: /home/cosmic/myprojects/my_website/src/root/node_modules
[03:13:19.298] DirectoryWatcher:: Added:: WatchInfo: /home/cosmic/myprojects/my_website/src/root/node_modules 1 undefined Project: /dev/null/inferredProject2* watcher already invoked: false
[03:13:19.298] Elapsed:: 0.08670800004620105ms DirectoryWatcher:: Added:: WatchInfo: /home/cosmic/myprojects/my_website/src/root/node_modules 1 undefined Project: /dev/null/inferredProject2* watcher already invoked: false
[03:13:19.298] Sending response:
    {"projectName":"/dev/null/inferredProject2*","typeAcquisition":{"enable":true,"include":[],"exclude":[]},"compilerOptions":{"module":1,"target":3,"jsx":1,"allowJs":true,"allowSyntheticDefaultImports":true,"allowNonTsExtensions":true,"noEmitForJsFiles":true,"maxNodeModuleJsDepth":2},"typings":[],"unresolvedImports":[],"kind":"action::set"}
[03:13:19.299] Response has been sent.
[03:13:19.299] No new typings were requested as a result of typings discovery
[04:08:46.602] Got install request {"projectName":"/dev/null/inferredProject3*","fileNames":["/usr/local/lib/node_modules/typescript/lib/lib.es5.d.ts","/usr/local/lib/node_modules/typescript/lib/lib.es2015.d.ts","/usr/local/lib/node_modules/typescript/lib/lib.es2016.d.ts","/usr/local/lib/node_modules/typescript/lib/lib.dom.d.ts","/usr/local/lib/node_modules/typescript/lib/lib.dom.iterable.d.ts","/usr/local/lib/node_modules/typescript/lib/lib.webworker.importscripts.d.ts","/usr/local/lib/node_modules/typescript/lib/lib.scripthost.d.ts","/usr/local/lib/node_modules/typescript/lib/lib.es2015.core.d.ts","/usr/local/lib/node_modules/typescript/lib/lib.es2015.collection.d.ts","/usr/local/lib/node_modules/typescript/lib/lib.es2015.generator.d.ts","/usr/local/lib/node_modules/typescript/lib/lib.es2015.iterable.d.ts","/usr/local/lib/node_modules/typescript/lib/lib.es2015.promise.d.ts","/usr/local/lib/node_modules/typescript/lib/lib.es2015.proxy.d.ts","/usr/local/lib/node_modules/typescript/lib/lib.es2015.reflect.d.ts","/usr/local/lib/node_modules/typescript/lib/lib.es2015.symbol.d.ts","/usr/local/lib/node_modules/typescript/lib/lib.es2015.symbol.wellknown.d.ts","/usr/local/lib/node_modules/typescript/lib/lib.es2016.array.include.d.ts","/usr/local/lib/node_modules/typescript/lib/lib.es2016.full.d.ts","/home/cosmic/myprojects/my_website/src/components/blogcard/bob.js","/home/cosmic/myprojects/my_website/src/components/blogcard/bob2.js","/home/cosmic/myprojects/my_website/src/body/body.js"],"compilerOptions":{"module":1,"target":3,"jsx":1,"allowJs":true,"allowSyntheticDefaultImports":true,"allowNonTsExtensions":true,"noEmitForJsFiles":true,"maxNodeModuleJsDepth":2},"typeAcquisition":{"enable":true,"include":[],"exclude":[]},"unresolvedImports":[],"projectRootPath":"/home/cosmic/myprojects/my_website/src/body","kind":"discover"}
[04:08:47.478] Explicitly included types: []
[04:08:47.675] Inferred typings from unresolved imports: []
[04:08:47.675] Result: {"cachedTypingPaths":[],"newTypingNames":[],"filesToWatch":["/home/cosmic/myprojects/my_website/src/components/blogcard/bower_components","/home/cosmic/myprojects/my_website/src/components/blogcard/node_modules","/home/cosmic/myprojects/my_website/src/body/bower_components","/home/cosmic/myprojects/my_website/src/body/node_modules"]}
[04:08:47.735] Finished typings discovery: {"cachedTypingPaths":[],"newTypingNames":[],"filesToWatch":["/home/cosmic/myprojects/my_website/src/components/blogcard/bower_components","/home/cosmic/myprojects/my_website/src/components/blogcard/node_modules","/home/cosmic/myprojects/my_website/src/body/bower_components","/home/cosmic/myprojects/my_website/src/body/node_modules"]}
[04:08:47.820] DirectoryWatcher:: Added:: WatchInfo: /home/cosmic/myprojects/my_website/src/components/blogcard/bower_components
[04:08:47.850] DirectoryWatcher:: Added:: WatchInfo: /home/cosmic/myprojects/my_website/src/components/blogcard/bower_components 1 undefined Project: /dev/null/inferredProject3* watcher already invoked: false
[04:08:48.032] Elapsed:: 119.69241899996996ms DirectoryWatcher:: Added:: WatchInfo: /home/cosmic/myprojects/my_website/src/components/blogcard/bower_components 1 undefined Project: /dev/null/inferredProject3* watcher already invoked: false
[04:08:48.033] DirectoryWatcher:: Added:: WatchInfo: /home/cosmic/myprojects/my_website/src/components/blogcard/node_modules
[04:08:48.033] DirectoryWatcher:: Added:: WatchInfo: /home/cosmic/myprojects/my_website/src/components/blogcard/node_modules 1 undefined Project: /dev/null/inferredProject3* watcher already invoked: false
[04:08:48.035] Elapsed:: 0.9677400002256036ms DirectoryWatcher:: Added:: WatchInfo: /home/cosmic/myprojects/my_website/src/components/blogcard/node_modules 1 undefined Project: /dev/null/inferredProject3* watcher already invoked: false
[04:08:48.035] DirectoryWatcher:: Added:: WatchInfo: /home/cosmic/myprojects/my_website/src/body/bower_components
[04:08:48.035] DirectoryWatcher:: Added:: WatchInfo: /home/cosmic/myprojects/my_website/src/body/bower_components 1 undefined Project: /dev/null/inferredProject3* watcher already invoked: false
[04:08:48.036] Elapsed:: 0.24710800033062696ms DirectoryWatcher:: Added:: WatchInfo: /home/cosmic/myprojects/my_website/src/body/bower_components 1 undefined Project: /dev/null/inferredProject3* watcher already invoked: false
[04:08:48.036] DirectoryWatcher:: Added:: WatchInfo: /home/cosmic/myprojects/my_website/src/body/node_modules
[04:08:48.036] DirectoryWatcher:: Added:: WatchInfo: /home/cosmic/myprojects/my_website/src/body/node_modules 1 undefined Project: /dev/null/inferredProject3* watcher already invoked: false
[04:08:48.038] Elapsed:: 1.6218349998816848ms DirectoryWatcher:: Added:: WatchInfo: /home/cosmic/myprojects/my_website/src/body/node_modules 1 undefined Project: /dev/null/inferredProject3* watcher already invoked: false
[04:08:48.049] Sending response:
    {"projectName":"/dev/null/inferredProject3*","typeAcquisition":{"enable":true,"include":[],"exclude":[]},"compilerOptions":{"module":1,"target":3,"jsx":1,"allowJs":true,"allowSyntheticDefaultImports":true,"allowNonTsExtensions":true,"noEmitForJsFiles":true,"maxNodeModuleJsDepth":2},"typings":[],"unresolvedImports":[],"kind":"action::set"}
[04:08:48.088] Response has been sent.
[04:08:48.088] No new typings were requested as a result of typings discovery
[04:19:47.255] Got install request {"projectName":"/dev/null/inferredProject4*","fileNames":["/usr/local/lib/node_modules/typescript/lib/lib.es5.d.ts","/usr/local/lib/node_modules/typescript/lib/lib.es2015.d.ts","/usr/local/lib/node_modules/typescript/lib/lib.es2016.d.ts","/usr/local/lib/node_modules/typescript/lib/lib.dom.d.ts","/usr/local/lib/node_modules/typescript/lib/lib.dom.iterable.d.ts","/usr/local/lib/node_modules/typescript/lib/lib.webworker.importscripts.d.ts","/usr/local/lib/node_modules/typescript/lib/lib.scripthost.d.ts","/usr/local/lib/node_modules/typescript/lib/lib.es2015.core.d.ts","/usr/local/lib/node_modules/typescript/lib/lib.es2015.collection.d.ts","/usr/local/lib/node_modules/typescript/lib/lib.es2015.generator.d.ts","/usr/local/lib/node_modules/typescript/lib/lib.es2015.iterable.d.ts","/usr/local/lib/node_modules/typescript/lib/lib.es2015.promise.d.ts","/usr/local/lib/node_modules/typescript/lib/lib.es2015.proxy.d.ts","/usr/local/lib/node_modules/typescript/lib/lib.es2015.reflect.d.ts","/usr/local/lib/node_modules/typescript/lib/lib.es2015.symbol.d.ts","/usr/local/lib/node_modules/typescript/lib/lib.es2015.symbol.wellknown.d.ts","/usr/local/lib/node_modules/typescript/lib/lib.es2016.array.include.d.ts","/usr/local/lib/node_modules/typescript/lib/lib.es2016.full.d.ts","/home/cosmic/myprojects/my_website/src/components/cardbar/cardbar.js"],"compilerOptions":{"module":1,"target":3,"jsx":1,"allowJs":true,"allowSyntheticDefaultImports":true,"allowNonTsExtensions":true,"noEmitForJsFiles":true,"maxNodeModuleJsDepth":2},"typeAcquisition":{"enable":true,"include":[],"exclude":[]},"unresolvedImports":[],"projectRootPath":"/home/cosmic/myprojects/my_website/src/components/cardbar","kind":"discover"}
[04:19:47.256] Explicitly included types: []
[04:19:47.256] Inferred typings from unresolved imports: []
[04:19:47.256] Result: {"cachedTypingPaths":[],"newTypingNames":[],"filesToWatch":["/home/cosmic/myprojects/my_website/src/components/cardbar/bower_components","/home/cosmic/myprojects/my_website/src/components/cardbar/node_modules"]}
[04:19:47.256] Finished typings discovery: {"cachedTypingPaths":[],"newTypingNames":[],"filesToWatch":["/home/cosmic/myprojects/my_website/src/components/cardbar/bower_components","/home/cosmic/myprojects/my_website/src/components/cardbar/node_modules"]}
[04:19:47.256] DirectoryWatcher:: Added:: WatchInfo: /home/cosmic/myprojects/my_website/src/components/cardbar/bower_components
[04:19:47.256] DirectoryWatcher:: Added:: WatchInfo: /home/cosmic/myprojects/my_website/src/components/cardbar/bower_components 1 undefined Project: /dev/null/inferredProject4* watcher already invoked: false
[04:19:47.272] Elapsed:: 16.002458000555634ms DirectoryWatcher:: Added:: WatchInfo: /home/cosmic/myprojects/my_website/src/components/cardbar/bower_components 1 undefined Project: /dev/null/inferredProject4* watcher already invoked: false
[04:19:47.272] DirectoryWatcher:: Added:: WatchInfo: /home/cosmic/myprojects/my_website/src/components/cardbar/node_modules
[04:19:47.272] DirectoryWatcher:: Added:: WatchInfo: /home/cosmic/myprojects/my_website/src/components/cardbar/node_modules 1 undefined Project: /dev/null/inferredProject4* watcher already invoked: false
[04:19:47.274] Elapsed:: 1.4911580011248589ms DirectoryWatcher:: Added:: WatchInfo: /home/cosmic/myprojects/my_website/src/components/cardbar/node_modules 1 undefined Project: /dev/null/inferredProject4* watcher already invoked: false
[04:19:47.274] Sending response:
    {"projectName":"/dev/null/inferredProject4*","typeAcquisition":{"enable":true,"include":[],"exclude":[]},"compilerOptions":{"module":1,"target":3,"jsx":1,"allowJs":true,"allowSyntheticDefaultImports":true,"allowNonTsExtensions":true,"noEmitForJsFiles":true,"maxNodeModuleJsDepth":2},"typings":[],"unresolvedImports":[],"kind":"action::set"}
[04:19:47.274] Response has been sent.
[04:19:47.274] No new typings were requested as a result of typings discovery
[04:30:01.737] Got install request {"projectName":"/dev/null/inferredProject5*","fileNames":["/usr/local/lib/node_modules/typescript/lib/lib.es5.d.ts","/usr/local/lib/node_modules/typescript/lib/lib.es2015.d.ts","/usr/local/lib/node_modules/typescript/lib/lib.es2016.d.ts","/usr/local/lib/node_modules/typescript/lib/lib.dom.d.ts","/usr/local/lib/node_modules/typescript/lib/lib.dom.iterable.d.ts","/usr/local/lib/node_modules/typescript/lib/lib.webworker.importscripts.d.ts","/usr/local/lib/node_modules/typescript/lib/lib.scripthost.d.ts","/usr/local/lib/node_modules/typescript/lib/lib.es2015.core.d.ts","/usr/local/lib/node_modules/typescript/lib/lib.es2015.collection.d.ts","/usr/local/lib/node_modules/typescript/lib/lib.es2015.generator.d.ts","/usr/local/lib/node_modules/typescript/lib/lib.es2015.iterable.d.ts","/usr/local/lib/node_modules/typescript/lib/lib.es2015.promise.d.ts","/usr/local/lib/node_modules/typescript/lib/lib.es2015.proxy.d.ts","/usr/local/lib/node_modules/typescript/lib/lib.es2015.reflect.d.ts","/usr/local/lib/node_modules/typescript/lib/lib.es2015.symbol.d.ts","/usr/local/lib/node_modules/typescript/lib/lib.es2015.symbol.wellknown.d.ts","/usr/local/lib/node_modules/typescript/lib/lib.es2016.array.include.d.ts","/usr/local/lib/node_modules/typescript/lib/lib.es2016.full.d.ts","/home/cosmic/myprojects/my_website/src/components/modalbox/modalbox.js"],"compilerOptions":{"module":1,"target":3,"jsx":1,"allowJs":true,"allowSyntheticDefaultImports":true,"allowNonTsExtensions":true,"noEmitForJsFiles":true,"maxNodeModuleJsDepth":2},"typeAcquisition":{"enable":true,"include":[],"exclude":[]},"unresolvedImports":[],"projectRootPath":"/home/cosmic/myprojects/my_website/src/components/modalbox","kind":"discover"}
[04:30:01.737] Explicitly included types: []
[04:30:01.738] Inferred typings from unresolved imports: []
[04:30:01.738] Result: {"cachedTypingPaths":[],"newTypingNames":[],"filesToWatch":["/home/cosmic/myprojects/my_website/src/components/modalbox/bower_components","/home/cosmic/myprojects/my_website/src/components/modalbox/node_modules"]}
[04:30:01.738] Finished typings discovery: {"cachedTypingPaths":[],"newTypingNames":[],"filesToWatch":["/home/cosmic/myprojects/my_website/src/components/modalbox/bower_components","/home/cosmic/myprojects/my_website/src/components/modalbox/node_modules"]}
[04:30:01.738] DirectoryWatcher:: Added:: WatchInfo: /home/cosmic/myprojects/my_website/src/components/modalbox/bower_components
[04:30:01.738] DirectoryWatcher:: Added:: WatchInfo: /home/cosmic/myprojects/my_website/src/components/modalbox/bower_components 1 undefined Project: /dev/null/inferredProject5* watcher already invoked: false
[04:30:01.738] Elapsed:: 0.14133800007402897ms DirectoryWatcher:: Added:: WatchInfo: /home/cosmic/myprojects/my_website/src/components/modalbox/bower_components 1 undefined Project: /dev/null/inferredProject5* watcher already invoked: false
[04:30:01.738] DirectoryWatcher:: Added:: WatchInfo: /home/cosmic/myprojects/my_website/src/components/modalbox/node_modules
[04:30:01.738] DirectoryWatcher:: Added:: WatchInfo: /home/cosmic/myprojects/my_website/src/components/modalbox/node_modules 1 undefined Project: /dev/null/inferredProject5* watcher already invoked: false
[04:30:01.766] Elapsed:: 14.522346001118422ms DirectoryWatcher:: Added:: WatchInfo: /home/cosmic/myprojects/my_website/src/components/modalbox/node_modules 1 undefined Project: /dev/null/inferredProject5* watcher already invoked: false
[04:30:01.766] Sending response:
    {"projectName":"/dev/null/inferredProject5*","typeAcquisition":{"enable":true,"include":[],"exclude":[]},"compilerOptions":{"module":1,"target":3,"jsx":1,"allowJs":true,"allowSyntheticDefaultImports":true,"allowNonTsExtensions":true,"noEmitForJsFiles":true,"maxNodeModuleJsDepth":2},"typings":[],"unresolvedImports":[],"kind":"action::set"}
[04:30:01.766] Response has been sent.
[04:30:01.766] No new typings were requested as a result of typings discovery
