[22:05:26.301] Global cache location '/home/cosmic/.cache/typescript/4.7', safe file path '/usr/local/lib/node_modules/typescript/lib/typingSafeList.json', types map path /usr/local/lib/node_modules/typescript/lib/typesMap.json
[22:05:26.302] Processing cache location '/home/cosmic/.cache/typescript/4.7'
[22:05:26.302] Trying to find '/home/cosmic/.cache/typescript/4.7/package.json'...
[22:05:26.500] Loaded content of '/home/cosmic/.cache/typescript/4.7/package.json': {"private":true,"dependencies":{"types-registry":"^0.1.600"},"devDependencies":{"@types/react":"^18.0.15"}}
[22:05:26.500] Loaded content of '/home/cosmic/.cache/typescript/4.7/package-lock.json'
[22:05:26.641] Adding entry into typings cache: 'react' => '/home/cosmic/.cache/typescript/4.7/node_modules/@types/react/index.d.ts'
[22:05:26.641] Finished processing cache location '/home/cosmic/.cache/typescript/4.7'
[22:05:26.642] Process id: 4527
[22:05:26.642] NPM location: /snap/node/6488/bin/npm (explicit '--npmLocation' not  provided)
[22:05:26.642] validateDefaultNpmLocation: false
[22:05:26.642] Npm config file: /home/cosmic/.cache/typescript/4.7/package.json
[22:05:26.642] Updating types-registry npm package...
[22:05:26.642] Exec: /snap/node/6488/bin/npm install --ignore-scripts types-registry@latest
[22:05:30.361]     Succeeded. stdout:
[22:05:30.362] Updated types-registry npm package
[22:06:02.580] Got install request {"projectName":"/dev/null/inferredProject1*","fileNames":["/usr/local/lib/node_modules/typescript/lib/lib.es5.d.ts","/usr/local/lib/node_modules/typescript/lib/lib.es2015.d.ts","/usr/local/lib/node_modules/typescript/lib/lib.es2016.d.ts","/usr/local/lib/node_modules/typescript/lib/lib.dom.d.ts","/usr/local/lib/node_modules/typescript/lib/lib.dom.iterable.d.ts","/usr/local/lib/node_modules/typescript/lib/lib.webworker.importscripts.d.ts","/usr/local/lib/node_modules/typescript/lib/lib.scripthost.d.ts","/usr/local/lib/node_modules/typescript/lib/lib.es2015.core.d.ts","/usr/local/lib/node_modules/typescript/lib/lib.es2015.collection.d.ts","/usr/local/lib/node_modules/typescript/lib/lib.es2015.generator.d.ts","/usr/local/lib/node_modules/typescript/lib/lib.es2015.iterable.d.ts","/usr/local/lib/node_modules/typescript/lib/lib.es2015.promise.d.ts","/usr/local/lib/node_modules/typescript/lib/lib.es2015.proxy.d.ts","/usr/local/lib/node_modules/typescript/lib/lib.es2015.reflect.d.ts","/usr/local/lib/node_modules/typescript/lib/lib.es2015.symbol.d.ts","/usr/local/lib/node_modules/typescript/lib/lib.es2015.symbol.wellknown.d.ts","/usr/local/lib/node_modules/typescript/lib/lib.es2016.array.include.d.ts","/usr/local/lib/node_modules/typescript/lib/lib.es2016.full.d.ts","/home/cosmic/myprojects/my_website/src/components/blogcard/bob.js","/home/cosmic/myprojects/my_website/src/components/blogcard/bob2.js","/home/cosmic/myprojects/my_website/src/body/body.js","/home/cosmic/myprojects/my_website/src/article_page/index.js","/home/cosmic/myprojects/my_website/src/components/cardbar/cardbar.js","/home/cosmic/myprojects/my_website/src/components/slidder/slidebar.js","/home/cosmic/myprojects/my_website/src/nav/menue.js","/home/cosmic/myprojects/my_website/src/root/bottom_bar.js","/home/cosmic/myprojects/my_website/src/projects_page/index.js","/home/cosmic/myprojects/my_website/src/App.js"],"compilerOptions":{"module":1,"target":3,"jsx":1,"allowJs":true,"allowSyntheticDefaultImports":true,"allowNonTsExtensions":true,"noEmitForJsFiles":true,"maxNodeModuleJsDepth":2},"typeAcquisition":{"enable":true,"include":[],"exclude":[]},"unresolvedImports":[],"projectRootPath":"/home/cosmic/myprojects/my_website/src","kind":"discover"}
[22:06:02.599] Loaded safelist from types map file '/usr/local/lib/node_modules/typescript/lib/typesMap.json'
[22:06:02.600] Explicitly included types: []
[22:06:02.602] Inferred typings from unresolved imports: []
[22:06:02.602] Result: {"cachedTypingPaths":[],"newTypingNames":[],"filesToWatch":["/home/cosmic/myprojects/my_website/src/components/blogcard/bower_components","/home/cosmic/myprojects/my_website/src/components/blogcard/node_modules","/home/cosmic/myprojects/my_website/src/body/bower_components","/home/cosmic/myprojects/my_website/src/body/node_modules","/home/cosmic/myprojects/my_website/src/article_page/bower_components","/home/cosmic/myprojects/my_website/src/article_page/node_modules","/home/cosmic/myprojects/my_website/src/components/cardbar/bower_components","/home/cosmic/myprojects/my_website/src/components/cardbar/node_modules","/home/cosmic/myprojects/my_website/src/components/slidder/bower_components","/home/cosmic/myprojects/my_website/src/components/slidder/node_modules","/home/cosmic/myprojects/my_website/src/nav/bower_components","/home/cosmic/myprojects/my_website/src/nav/node_modules","/home/cosmic/myprojects/my_website/src/root/bower_components","/home/cosmic/myprojects/my_website/src/root/node_modules","/home/cosmic/myprojects/my_website/src/projects_page/bower_components","/home/cosmic/myprojects/my_website/src/projects_page/node_modules","/home/cosmic/myprojects/my_website/src/bower_components","/home/cosmic/myprojects/my_website/src/node_modules"]}
[22:06:02.602] Finished typings discovery: {"cachedTypingPaths":[],"newTypingNames":[],"filesToWatch":["/home/cosmic/myprojects/my_website/src/components/blogcard/bower_components","/home/cosmic/myprojects/my_website/src/components/blogcard/node_modules","/home/cosmic/myprojects/my_website/src/body/bower_components","/home/cosmic/myprojects/my_website/src/body/node_modules","/home/cosmic/myprojects/my_website/src/article_page/bower_components","/home/cosmic/myprojects/my_website/src/article_page/node_modules","/home/cosmic/myprojects/my_website/src/components/cardbar/bower_components","/home/cosmic/myprojects/my_website/src/components/cardbar/node_modules","/home/cosmic/myprojects/my_website/src/components/slidder/bower_components","/home/cosmic/myprojects/my_website/src/components/slidder/node_modules","/home/cosmic/myprojects/my_website/src/nav/bower_components","/home/cosmic/myprojects/my_website/src/nav/node_modules","/home/cosmic/myprojects/my_website/src/root/bower_components","/home/cosmic/myprojects/my_website/src/root/node_modules","/home/cosmic/myprojects/my_website/src/projects_page/bower_components","/home/cosmic/myprojects/my_website/src/projects_page/node_modules","/home/cosmic/myprojects/my_website/src/bower_components","/home/cosmic/myprojects/my_website/src/node_modules"]}
[22:06:02.603] DirectoryWatcher:: Added:: WatchInfo: /home/cosmic/myprojects/my_website/src/components
[22:06:02.603] DirectoryWatcher:: Added:: WatchInfo: /home/cosmic/myprojects/my_website/src/components 1 undefined Project: /dev/null/inferredProject1* watcher already invoked: false
[22:06:02.607] Elapsed:: 4.120377000421286ms DirectoryWatcher:: Added:: WatchInfo: /home/cosmic/myprojects/my_website/src/components 1 undefined Project: /dev/null/inferredProject1* watcher already invoked: false
[22:06:02.608] DirectoryWatcher:: Added:: WatchInfo: /home/cosmic/myprojects/my_website/src/body
[22:06:02.608] DirectoryWatcher:: Added:: WatchInfo: /home/cosmic/myprojects/my_website/src/body 1 undefined Project: /dev/null/inferredProject1* watcher already invoked: false
[22:06:02.609] Elapsed:: 0.936812000349164ms DirectoryWatcher:: Added:: WatchInfo: /home/cosmic/myprojects/my_website/src/body 1 undefined Project: /dev/null/inferredProject1* watcher already invoked: false
[22:06:02.609] DirectoryWatcher:: Added:: WatchInfo: /home/cosmic/myprojects/my_website/src/article_page
[22:06:02.609] DirectoryWatcher:: Added:: WatchInfo: /home/cosmic/myprojects/my_website/src/article_page 1 undefined Project: /dev/null/inferredProject1* watcher already invoked: false
[22:06:02.609] Elapsed:: 0.266223999671638ms DirectoryWatcher:: Added:: WatchInfo: /home/cosmic/myprojects/my_website/src/article_page 1 undefined Project: /dev/null/inferredProject1* watcher already invoked: false
[22:06:02.609] DirectoryWatcher:: Added:: WatchInfo: /home/cosmic/myprojects/my_website/src/nav
[22:06:02.609] DirectoryWatcher:: Added:: WatchInfo: /home/cosmic/myprojects/my_website/src/nav 1 undefined Project: /dev/null/inferredProject1* watcher already invoked: false
[22:06:02.610] Elapsed:: 0.22825200017541647ms DirectoryWatcher:: Added:: WatchInfo: /home/cosmic/myprojects/my_website/src/nav 1 undefined Project: /dev/null/inferredProject1* watcher already invoked: false
[22:06:02.610] DirectoryWatcher:: Added:: WatchInfo: /home/cosmic/myprojects/my_website/src/root
[22:06:02.610] DirectoryWatcher:: Added:: WatchInfo: /home/cosmic/myprojects/my_website/src/root 1 undefined Project: /dev/null/inferredProject1* watcher already invoked: false
[22:06:02.610] Elapsed:: 0.14630599971860647ms DirectoryWatcher:: Added:: WatchInfo: /home/cosmic/myprojects/my_website/src/root 1 undefined Project: /dev/null/inferredProject1* watcher already invoked: false
[22:06:02.610] DirectoryWatcher:: Added:: WatchInfo: /home/cosmic/myprojects/my_website/src/projects_page
[22:06:02.610] DirectoryWatcher:: Added:: WatchInfo: /home/cosmic/myprojects/my_website/src/projects_page 1 undefined Project: /dev/null/inferredProject1* watcher already invoked: false
[22:06:02.611] Elapsed:: 0.24006500001996756ms DirectoryWatcher:: Added:: WatchInfo: /home/cosmic/myprojects/my_website/src/projects_page 1 undefined Project: /dev/null/inferredProject1* watcher already invoked: false
[22:06:02.611] DirectoryWatcher:: Added:: WatchInfo: /home/cosmic/myprojects/my_website/src/bower_components
[22:06:02.611] DirectoryWatcher:: Added:: WatchInfo: /home/cosmic/myprojects/my_website/src/bower_components 1 undefined Project: /dev/null/inferredProject1* watcher already invoked: false
[22:06:02.612] Elapsed:: 0.984548999927938ms DirectoryWatcher:: Added:: WatchInfo: /home/cosmic/myprojects/my_website/src/bower_components 1 undefined Project: /dev/null/inferredProject1* watcher already invoked: false
[22:06:02.612] DirectoryWatcher:: Added:: WatchInfo: /home/cosmic/myprojects/my_website/src/node_modules
[22:06:02.612] DirectoryWatcher:: Added:: WatchInfo: /home/cosmic/myprojects/my_website/src/node_modules 1 undefined Project: /dev/null/inferredProject1* watcher already invoked: false
[22:06:02.612] Elapsed:: 0.15178600046783686ms DirectoryWatcher:: Added:: WatchInfo: /home/cosmic/myprojects/my_website/src/node_modules 1 undefined Project: /dev/null/inferredProject1* watcher already invoked: false
[22:06:02.612] Sending response:
    {"projectName":"/dev/null/inferredProject1*","typeAcquisition":{"enable":true,"include":[],"exclude":[]},"compilerOptions":{"module":1,"target":3,"jsx":1,"allowJs":true,"allowSyntheticDefaultImports":true,"allowNonTsExtensions":true,"noEmitForJsFiles":true,"maxNodeModuleJsDepth":2},"typings":[],"unresolvedImports":[],"kind":"action::set"}
[22:06:02.613] Response has been sent.
[22:06:02.613] No new typings were requested as a result of typings discovery
