[08:26:04.300] Global cache location '/home/cosmic/.cache/typescript/4.7', safe file path '/usr/local/lib/node_modules/typescript/lib/typingSafeList.json', types map path /usr/local/lib/node_modules/typescript/lib/typesMap.json
[08:26:04.301] Processing cache location '/home/cosmic/.cache/typescript/4.7'
[08:26:04.301] Trying to find '/home/cosmic/.cache/typescript/4.7/package.json'...
[08:26:04.373] Loaded content of '/home/cosmic/.cache/typescript/4.7/package.json': {"private":true,"dependencies":{"types-registry":"^0.1.603"},"devDependencies":{"@types/body-parser":"^1.19.2","@types/express":"^4.17.13","@types/merge-descriptors":"^1.0.1","@types/multer":"^1.4.7","@types/nodemon":"^1.19.2","@types/react":"^18.0.15","@types/react-dom":"^18.0.6","@types/serve-static":"^1.13.10","@types/styled-components":"^5.1.25"}}
[08:26:04.373] Loaded content of '/home/cosmic/.cache/typescript/4.7/package-lock.json'
[08:26:04.472] Adding entry into typings cache: 'body-parser' => '/home/cosmic/.cache/typescript/4.7/node_modules/@types/body-parser/index.d.ts'
[08:26:04.496] Adding entry into typings cache: 'express' => '/home/cosmic/.cache/typescript/4.7/node_modules/@types/express/index.d.ts'
[08:26:04.505] Adding entry into typings cache: 'merge-descriptors' => '/home/cosmic/.cache/typescript/4.7/node_modules/@types/merge-descriptors/index.d.ts'
[08:26:04.526] Adding entry into typings cache: 'multer' => '/home/cosmic/.cache/typescript/4.7/node_modules/@types/multer/index.d.ts'
[08:26:04.530] Adding entry into typings cache: 'nodemon' => '/home/cosmic/.cache/typescript/4.7/node_modules/@types/nodemon/index.d.ts'
[08:26:04.607] Adding entry into typings cache: 'react' => '/home/cosmic/.cache/typescript/4.7/node_modules/@types/react/index.d.ts'
[08:26:04.643] Adding entry into typings cache: 'react-dom' => '/home/cosmic/.cache/typescript/4.7/node_modules/@types/react-dom/index.d.ts'
[08:26:04.645] Adding entry into typings cache: 'serve-static' => '/home/cosmic/.cache/typescript/4.7/node_modules/@types/serve-static/index.d.ts'
[08:26:04.676] Adding entry into typings cache: 'styled-components' => '/home/cosmic/.cache/typescript/4.7/node_modules/@types/styled-components/index.d.ts'
[08:26:04.676] Finished processing cache location '/home/cosmic/.cache/typescript/4.7'
[08:26:04.676] Process id: 4243
[08:26:04.676] NPM location: /snap/node/6619/bin/npm (explicit '--npmLocation' not  provided)
[08:26:04.676] validateDefaultNpmLocation: false
[08:26:04.676] Npm config file: /home/cosmic/.cache/typescript/4.7/package.json
[08:26:04.676] Updating types-registry npm package...
[08:26:04.676] Exec: /snap/node/6619/bin/npm install --ignore-scripts types-registry@latest
[08:27:17.216]     Succeeded. stdout:
[08:27:17.250] Updated types-registry npm package
[08:27:17.398] Got install request {"projectName":"/dev/null/inferredProject1*","fileNames":["/usr/local/lib/node_modules/typescript/lib/lib.es5.d.ts","/usr/local/lib/node_modules/typescript/lib/lib.es2015.d.ts","/usr/local/lib/node_modules/typescript/lib/lib.es2016.d.ts","/usr/local/lib/node_modules/typescript/lib/lib.dom.d.ts","/usr/local/lib/node_modules/typescript/lib/lib.dom.iterable.d.ts","/usr/local/lib/node_modules/typescript/lib/lib.webworker.importscripts.d.ts","/usr/local/lib/node_modules/typescript/lib/lib.scripthost.d.ts","/usr/local/lib/node_modules/typescript/lib/lib.es2015.core.d.ts","/usr/local/lib/node_modules/typescript/lib/lib.es2015.collection.d.ts","/usr/local/lib/node_modules/typescript/lib/lib.es2015.generator.d.ts","/usr/local/lib/node_modules/typescript/lib/lib.es2015.iterable.d.ts","/usr/local/lib/node_modules/typescript/lib/lib.es2015.promise.d.ts","/usr/local/lib/node_modules/typescript/lib/lib.es2015.proxy.d.ts","/usr/local/lib/node_modules/typescript/lib/lib.es2015.reflect.d.ts","/usr/local/lib/node_modules/typescript/lib/lib.es2015.symbol.d.ts","/usr/local/lib/node_modules/typescript/lib/lib.es2015.symbol.wellknown.d.ts","/usr/local/lib/node_modules/typescript/lib/lib.es2016.array.include.d.ts","/usr/local/lib/node_modules/typescript/lib/lib.es2016.full.d.ts","/home/cosmic/myprojects/my_website/src/root/bottom_bar.js"],"compilerOptions":{"module":1,"target":3,"jsx":1,"allowJs":true,"allowSyntheticDefaultImports":true,"allowNonTsExtensions":true,"noEmitForJsFiles":true,"maxNodeModuleJsDepth":2},"typeAcquisition":{"enable":true,"include":[],"exclude":[]},"unresolvedImports":[],"projectRootPath":"/home/cosmic/myprojects/my_website/src/root","kind":"discover"}
[08:27:17.477] Loaded safelist from types map file '/usr/local/lib/node_modules/typescript/lib/typesMap.json'
[08:27:17.477] Explicitly included types: []
[08:27:17.478] Inferred typings from unresolved imports: []
[08:27:17.479] Result: {"cachedTypingPaths":[],"newTypingNames":[],"filesToWatch":["/home/cosmic/myprojects/my_website/src/root/bower_components","/home/cosmic/myprojects/my_website/src/root/node_modules"]}
[08:27:17.479] Finished typings discovery: {"cachedTypingPaths":[],"newTypingNames":[],"filesToWatch":["/home/cosmic/myprojects/my_website/src/root/bower_components","/home/cosmic/myprojects/my_website/src/root/node_modules"]}
[08:27:17.479] DirectoryWatcher:: Added:: WatchInfo: /home/cosmic/myprojects/my_website/src/root/bower_components
[08:27:17.480] DirectoryWatcher:: Added:: WatchInfo: /home/cosmic/myprojects/my_website/src/root/bower_components 1 undefined Project: /dev/null/inferredProject1* watcher already invoked: false
[08:27:17.481] Elapsed:: 1.2316110003739595ms DirectoryWatcher:: Added:: WatchInfo: /home/cosmic/myprojects/my_website/src/root/bower_components 1 undefined Project: /dev/null/inferredProject1* watcher already invoked: false
[08:27:17.481] DirectoryWatcher:: Added:: WatchInfo: /home/cosmic/myprojects/my_website/src/root/node_modules
[08:27:17.481] DirectoryWatcher:: Added:: WatchInfo: /home/cosmic/myprojects/my_website/src/root/node_modules 1 undefined Project: /dev/null/inferredProject1* watcher already invoked: false
[08:27:17.481] Elapsed:: 0.1212160000577569ms DirectoryWatcher:: Added:: WatchInfo: /home/cosmic/myprojects/my_website/src/root/node_modules 1 undefined Project: /dev/null/inferredProject1* watcher already invoked: false
[08:27:17.481] Sending response:
    {"projectName":"/dev/null/inferredProject1*","typeAcquisition":{"enable":true,"include":[],"exclude":[]},"compilerOptions":{"module":1,"target":3,"jsx":1,"allowJs":true,"allowSyntheticDefaultImports":true,"allowNonTsExtensions":true,"noEmitForJsFiles":true,"maxNodeModuleJsDepth":2},"typings":[],"unresolvedImports":[],"kind":"action::set"}
[08:27:17.482] Response has been sent.
[08:27:17.482] No new typings were requested as a result of typings discovery
