[23:38:32.715] Global cache location '/home/cosmic/.cache/typescript/4.7', safe file path '/usr/local/lib/node_modules/typescript/lib/typingSafeList.json', types map path /usr/local/lib/node_modules/typescript/lib/typesMap.json
[23:38:32.716] Processing cache location '/home/cosmic/.cache/typescript/4.7'
[23:38:32.716] Trying to find '/home/cosmic/.cache/typescript/4.7/package.json'...
[23:38:33.129] Loaded content of '/home/cosmic/.cache/typescript/4.7/package.json': {"private":true,"dependencies":{"types-registry":"^0.1.613"},"devDependencies":{"@types/bcrypt":"^5.0.0","@types/body-parser":"^1.19.2","@types/co":"^4.6.3","@types/cors":"^2.8.12","@types/express":"^4.17.14","@types/merge-descriptors":"^1.0.1","@types/multer":"^1.4.7","@types/nodemon":"^1.19.2","@types/nopt":"^3.0.29","@types/npmlog":"^4.1.4","@types/react":"^18.0.15","@types/react-dom":"^18.0.6","@types/serve-static":"^1.13.10","@types/styled-components":"^5.1.25"}}
[23:38:33.130] Loaded content of '/home/cosmic/.cache/typescript/4.7/package-lock.json'
[23:38:33.352] Adding entry into typings cache: 'bcrypt' => '/home/cosmic/.cache/typescript/4.7/node_modules/@types/bcrypt/index.d.ts'
[23:38:33.382] Adding entry into typings cache: 'body-parser' => '/home/cosmic/.cache/typescript/4.7/node_modules/@types/body-parser/index.d.ts'
[23:38:33.433] Adding entry into typings cache: 'co' => '/home/cosmic/.cache/typescript/4.7/node_modules/@types/co/index.d.ts'
[23:38:33.507] Adding entry into typings cache: 'cors' => '/home/cosmic/.cache/typescript/4.7/node_modules/@types/cors/index.d.ts'
[23:38:33.533] Adding entry into typings cache: 'express' => '/home/cosmic/.cache/typescript/4.7/node_modules/@types/express/index.d.ts'
[23:38:33.599] Adding entry into typings cache: 'merge-descriptors' => '/home/cosmic/.cache/typescript/4.7/node_modules/@types/merge-descriptors/index.d.ts'
[23:38:33.643] Adding entry into typings cache: 'multer' => '/home/cosmic/.cache/typescript/4.7/node_modules/@types/multer/index.d.ts'
[23:38:33.646] Adding entry into typings cache: 'nodemon' => '/home/cosmic/.cache/typescript/4.7/node_modules/@types/nodemon/index.d.ts'
[23:38:33.918] Adding entry into typings cache: 'nopt' => '/home/cosmic/.cache/typescript/4.7/node_modules/@types/nopt/index.d.ts'
[23:38:34.162] Adding entry into typings cache: 'npmlog' => '/home/cosmic/.cache/typescript/4.7/node_modules/@types/npmlog/index.d.ts'
[23:38:34.196] Adding entry into typings cache: 'react' => '/home/cosmic/.cache/typescript/4.7/node_modules/@types/react/index.d.ts'
[23:38:34.253] Adding entry into typings cache: 'react-dom' => '/home/cosmic/.cache/typescript/4.7/node_modules/@types/react-dom/index.d.ts'
[23:38:34.283] Adding entry into typings cache: 'serve-static' => '/home/cosmic/.cache/typescript/4.7/node_modules/@types/serve-static/index.d.ts'
[23:38:34.298] Adding entry into typings cache: 'styled-components' => '/home/cosmic/.cache/typescript/4.7/node_modules/@types/styled-components/index.d.ts'
[23:38:34.298] Finished processing cache location '/home/cosmic/.cache/typescript/4.7'
[23:38:34.298] Process id: 7744
[23:38:34.298] NPM location: /usr/local/bin/npm (explicit '--npmLocation' not  provided)
[23:38:34.298] validateDefaultNpmLocation: false
[23:38:34.298] Npm config file: /home/cosmic/.cache/typescript/4.7/package.json
[23:38:34.298] Updating types-registry npm package...
[23:38:34.298] Exec: /usr/local/bin/npm install --ignore-scripts types-registry@latest
[23:39:54.531]     Succeeded. stdout:
    
    up to date in 1m

[23:39:54.546] Updated types-registry npm package
[23:39:54.654] Got install request {"projectName":"/dev/null/inferredProject1*","fileNames":["/usr/local/lib/node_modules/typescript/lib/lib.es5.d.ts","/usr/local/lib/node_modules/typescript/lib/lib.es2015.d.ts","/usr/local/lib/node_modules/typescript/lib/lib.es2016.d.ts","/usr/local/lib/node_modules/typescript/lib/lib.dom.d.ts","/usr/local/lib/node_modules/typescript/lib/lib.dom.iterable.d.ts","/usr/local/lib/node_modules/typescript/lib/lib.webworker.importscripts.d.ts","/usr/local/lib/node_modules/typescript/lib/lib.scripthost.d.ts","/usr/local/lib/node_modules/typescript/lib/lib.es2015.core.d.ts","/usr/local/lib/node_modules/typescript/lib/lib.es2015.collection.d.ts","/usr/local/lib/node_modules/typescript/lib/lib.es2015.generator.d.ts","/usr/local/lib/node_modules/typescript/lib/lib.es2015.iterable.d.ts","/usr/local/lib/node_modules/typescript/lib/lib.es2015.promise.d.ts","/usr/local/lib/node_modules/typescript/lib/lib.es2015.proxy.d.ts","/usr/local/lib/node_modules/typescript/lib/lib.es2015.reflect.d.ts","/usr/local/lib/node_modules/typescript/lib/lib.es2015.symbol.d.ts","/usr/local/lib/node_modules/typescript/lib/lib.es2015.symbol.wellknown.d.ts","/usr/local/lib/node_modules/typescript/lib/lib.es2016.array.include.d.ts","/usr/local/lib/node_modules/typescript/lib/lib.es2016.full.d.ts","/home/cosmic/myprojects/my_website/src/nav/menue.js","/home/cosmic/myprojects/my_website/src/nav/topbar.js"],"compilerOptions":{"module":1,"target":3,"jsx":1,"allowJs":true,"allowSyntheticDefaultImports":true,"allowNonTsExtensions":true,"noEmitForJsFiles":true,"maxNodeModuleJsDepth":2},"typeAcquisition":{"enable":true,"include":[],"exclude":[]},"unresolvedImports":[],"projectRootPath":"/home/cosmic/myprojects/my_website/src/nav","kind":"discover"}
[23:39:54.699] Loaded safelist from types map file '/usr/local/lib/node_modules/typescript/lib/typesMap.json'
[23:39:54.700] Explicitly included types: []
[23:39:54.701] Inferred typings from unresolved imports: []
[23:39:54.701] Result: {"cachedTypingPaths":[],"newTypingNames":[],"filesToWatch":["/home/cosmic/myprojects/my_website/src/nav/bower_components","/home/cosmic/myprojects/my_website/src/nav/node_modules"]}
[23:39:54.701] Finished typings discovery: {"cachedTypingPaths":[],"newTypingNames":[],"filesToWatch":["/home/cosmic/myprojects/my_website/src/nav/bower_components","/home/cosmic/myprojects/my_website/src/nav/node_modules"]}
[23:39:54.702] DirectoryWatcher:: Added:: WatchInfo: /home/cosmic/myprojects/my_website/src/nav/bower_components
[23:39:54.702] DirectoryWatcher:: Added:: WatchInfo: /home/cosmic/myprojects/my_website/src/nav/bower_components 1 undefined Project: /dev/null/inferredProject1* watcher already invoked: false
[23:39:54.707] Elapsed:: 5.153478999971412ms DirectoryWatcher:: Added:: WatchInfo: /home/cosmic/myprojects/my_website/src/nav/bower_components 1 undefined Project: /dev/null/inferredProject1* watcher already invoked: false
[23:39:54.708] DirectoryWatcher:: Added:: WatchInfo: /home/cosmic/myprojects/my_website/src/nav/node_modules
[23:39:54.708] DirectoryWatcher:: Added:: WatchInfo: /home/cosmic/myprojects/my_website/src/nav/node_modules 1 undefined Project: /dev/null/inferredProject1* watcher already invoked: false
[23:39:54.708] Elapsed:: 0.155170000041835ms DirectoryWatcher:: Added:: WatchInfo: /home/cosmic/myprojects/my_website/src/nav/node_modules 1 undefined Project: /dev/null/inferredProject1* watcher already invoked: false
[23:39:54.708] Sending response:
    {"projectName":"/dev/null/inferredProject1*","typeAcquisition":{"enable":true,"include":[],"exclude":[]},"compilerOptions":{"module":1,"target":3,"jsx":1,"allowJs":true,"allowSyntheticDefaultImports":true,"allowNonTsExtensions":true,"noEmitForJsFiles":true,"maxNodeModuleJsDepth":2},"typings":[],"unresolvedImports":[],"kind":"action::set"}
[23:39:54.709] Response has been sent.
[23:39:54.709] No new typings were requested as a result of typings discovery
[00:25:52.914] Got install request {"projectName":"/dev/null/inferredProject2*","fileNames":["/usr/local/lib/node_modules/typescript/lib/lib.es5.d.ts","/usr/local/lib/node_modules/typescript/lib/lib.es2015.d.ts","/usr/local/lib/node_modules/typescript/lib/lib.es2016.d.ts","/usr/local/lib/node_modules/typescript/lib/lib.dom.d.ts","/usr/local/lib/node_modules/typescript/lib/lib.dom.iterable.d.ts","/usr/local/lib/node_modules/typescript/lib/lib.webworker.importscripts.d.ts","/usr/local/lib/node_modules/typescript/lib/lib.scripthost.d.ts","/usr/local/lib/node_modules/typescript/lib/lib.es2015.core.d.ts","/usr/local/lib/node_modules/typescript/lib/lib.es2015.collection.d.ts","/usr/local/lib/node_modules/typescript/lib/lib.es2015.generator.d.ts","/usr/local/lib/node_modules/typescript/lib/lib.es2015.iterable.d.ts","/usr/local/lib/node_modules/typescript/lib/lib.es2015.promise.d.ts","/usr/local/lib/node_modules/typescript/lib/lib.es2015.proxy.d.ts","/usr/local/lib/node_modules/typescript/lib/lib.es2015.reflect.d.ts","/usr/local/lib/node_modules/typescript/lib/lib.es2015.symbol.d.ts","/usr/local/lib/node_modules/typescript/lib/lib.es2015.symbol.wellknown.d.ts","/usr/local/lib/node_modules/typescript/lib/lib.es2016.array.include.d.ts","/usr/local/lib/node_modules/typescript/lib/lib.es2016.full.d.ts","/home/cosmic/myprojects/my_website/src/components/cardbar/cardbar.js","/home/cosmic/myprojects/my_website/src/components/slidder/slidebar.js"],"compilerOptions":{"module":1,"target":3,"jsx":1,"allowJs":true,"allowSyntheticDefaultImports":true,"allowNonTsExtensions":true,"noEmitForJsFiles":true,"maxNodeModuleJsDepth":2},"typeAcquisition":{"enable":true,"include":[],"exclude":[]},"unresolvedImports":[],"projectRootPath":"/home/cosmic/myprojects/my_website/src/components/slidder","kind":"discover"}
[00:25:53.004] Explicitly included types: []
[00:25:53.061] Inferred typings from unresolved imports: []
[00:25:53.088] Result: {"cachedTypingPaths":[],"newTypingNames":[],"filesToWatch":["/home/cosmic/myprojects/my_website/src/components/cardbar/bower_components","/home/cosmic/myprojects/my_website/src/components/cardbar/node_modules","/home/cosmic/myprojects/my_website/src/components/slidder/bower_components","/home/cosmic/myprojects/my_website/src/components/slidder/node_modules"]}
[00:25:53.089] Finished typings discovery: {"cachedTypingPaths":[],"newTypingNames":[],"filesToWatch":["/home/cosmic/myprojects/my_website/src/components/cardbar/bower_components","/home/cosmic/myprojects/my_website/src/components/cardbar/node_modules","/home/cosmic/myprojects/my_website/src/components/slidder/bower_components","/home/cosmic/myprojects/my_website/src/components/slidder/node_modules"]}
[00:25:53.103] DirectoryWatcher:: Added:: WatchInfo: /home/cosmic/myprojects/my_website/src/components/cardbar/bower_components
[00:25:53.131] DirectoryWatcher:: Added:: WatchInfo: /home/cosmic/myprojects/my_website/src/components/cardbar/bower_components 1 undefined Project: /dev/null/inferredProject2* watcher already invoked: false
[00:25:53.207] Elapsed:: 74.32486799964681ms DirectoryWatcher:: Added:: WatchInfo: /home/cosmic/myprojects/my_website/src/components/cardbar/bower_components 1 undefined Project: /dev/null/inferredProject2* watcher already invoked: false
[00:25:53.207] DirectoryWatcher:: Added:: WatchInfo: /home/cosmic/myprojects/my_website/src/components/cardbar/node_modules
[00:25:53.207] DirectoryWatcher:: Added:: WatchInfo: /home/cosmic/myprojects/my_website/src/components/cardbar/node_modules 1 undefined Project: /dev/null/inferredProject2* watcher already invoked: false
[00:25:53.208] Elapsed:: 0.5396739998832345ms DirectoryWatcher:: Added:: WatchInfo: /home/cosmic/myprojects/my_website/src/components/cardbar/node_modules 1 undefined Project: /dev/null/inferredProject2* watcher already invoked: false
[00:25:53.208] DirectoryWatcher:: Added:: WatchInfo: /home/cosmic/myprojects/my_website/src/components/slidder/bower_components
[00:25:53.208] DirectoryWatcher:: Added:: WatchInfo: /home/cosmic/myprojects/my_website/src/components/slidder/bower_components 1 undefined Project: /dev/null/inferredProject2* watcher already invoked: false
[00:25:53.209] Elapsed:: 0.46521000005304813ms DirectoryWatcher:: Added:: WatchInfo: /home/cosmic/myprojects/my_website/src/components/slidder/bower_components 1 undefined Project: /dev/null/inferredProject2* watcher already invoked: false
[00:25:53.209] DirectoryWatcher:: Added:: WatchInfo: /home/cosmic/myprojects/my_website/src/components/slidder/node_modules
[00:25:53.209] DirectoryWatcher:: Added:: WatchInfo: /home/cosmic/myprojects/my_website/src/components/slidder/node_modules 1 undefined Project: /dev/null/inferredProject2* watcher already invoked: false
[00:25:53.209] Elapsed:: 0.1149579999037087ms DirectoryWatcher:: Added:: WatchInfo: /home/cosmic/myprojects/my_website/src/components/slidder/node_modules 1 undefined Project: /dev/null/inferredProject2* watcher already invoked: false
[00:25:53.210] Sending response:
    {"projectName":"/dev/null/inferredProject2*","typeAcquisition":{"enable":true,"include":[],"exclude":[]},"compilerOptions":{"module":1,"target":3,"jsx":1,"allowJs":true,"allowSyntheticDefaultImports":true,"allowNonTsExtensions":true,"noEmitForJsFiles":true,"maxNodeModuleJsDepth":2},"typings":[],"unresolvedImports":[],"kind":"action::set"}
[00:25:53.255] Response has been sent.
[00:25:53.255] No new typings were requested as a result of typings discovery
[00:49:29.318] Got install request {"projectName":"/dev/null/inferredProject3*","fileNames":["/usr/local/lib/node_modules/typescript/lib/lib.es5.d.ts","/usr/local/lib/node_modules/typescript/lib/lib.es2015.d.ts","/usr/local/lib/node_modules/typescript/lib/lib.es2016.d.ts","/usr/local/lib/node_modules/typescript/lib/lib.dom.d.ts","/usr/local/lib/node_modules/typescript/lib/lib.dom.iterable.d.ts","/usr/local/lib/node_modules/typescript/lib/lib.webworker.importscripts.d.ts","/usr/local/lib/node_modules/typescript/lib/lib.scripthost.d.ts","/usr/local/lib/node_modules/typescript/lib/lib.es2015.core.d.ts","/usr/local/lib/node_modules/typescript/lib/lib.es2015.collection.d.ts","/usr/local/lib/node_modules/typescript/lib/lib.es2015.generator.d.ts","/usr/local/lib/node_modules/typescript/lib/lib.es2015.iterable.d.ts","/usr/local/lib/node_modules/typescript/lib/lib.es2015.promise.d.ts","/usr/local/lib/node_modules/typescript/lib/lib.es2015.proxy.d.ts","/usr/local/lib/node_modules/typescript/lib/lib.es2015.reflect.d.ts","/usr/local/lib/node_modules/typescript/lib/lib.es2015.symbol.d.ts","/usr/local/lib/node_modules/typescript/lib/lib.es2015.symbol.wellknown.d.ts","/usr/local/lib/node_modules/typescript/lib/lib.es2016.array.include.d.ts","/usr/local/lib/node_modules/typescript/lib/lib.es2016.full.d.ts","/home/cosmic/myprojects/my_website/src/components/slidder/paginate.js"],"compilerOptions":{"module":1,"target":3,"jsx":1,"allowJs":true,"allowSyntheticDefaultImports":true,"allowNonTsExtensions":true,"noEmitForJsFiles":true,"maxNodeModuleJsDepth":2},"typeAcquisition":{"enable":true,"include":[],"exclude":[]},"unresolvedImports":["@popmotion/popcorn"],"projectRootPath":"/home/cosmic/myprojects/my_website/src/components/slidder","kind":"discover"}
[00:49:29.775] Explicitly included types: []
[00:49:30.019] Inferred typings from unresolved imports: ["@popmotion/popcorn"]
[00:49:30.090] Result: {"cachedTypingPaths":[],"newTypingNames":["@popmotion/popcorn"],"filesToWatch":["/home/cosmic/myprojects/my_website/src/components/slidder/bower_components","/home/cosmic/myprojects/my_website/src/components/slidder/node_modules"]}
[00:49:30.091] Finished typings discovery: {"cachedTypingPaths":[],"newTypingNames":["@popmotion/popcorn"],"filesToWatch":["/home/cosmic/myprojects/my_website/src/components/slidder/bower_components","/home/cosmic/myprojects/my_website/src/components/slidder/node_modules"]}
[00:49:30.159] DirectoryWatcher:: Added:: WatchInfo: /home/cosmic/myprojects/my_website/src/components/slidder/bower_components
[00:49:30.194] DirectoryWatcher:: Added:: WatchInfo: /home/cosmic/myprojects/my_website/src/components/slidder/bower_components 1 undefined Project: /dev/null/inferredProject3* watcher already invoked: false
[00:49:30.261] Elapsed:: 20.66655700094998ms DirectoryWatcher:: Added:: WatchInfo: /home/cosmic/myprojects/my_website/src/components/slidder/bower_components 1 undefined Project: /dev/null/inferredProject3* watcher already invoked: false
[00:49:30.262] DirectoryWatcher:: Added:: WatchInfo: /home/cosmic/myprojects/my_website/src/components/slidder/node_modules
[00:49:30.262] DirectoryWatcher:: Added:: WatchInfo: /home/cosmic/myprojects/my_website/src/components/slidder/node_modules 1 undefined Project: /dev/null/inferredProject3* watcher already invoked: false
[00:49:30.262] Elapsed:: 0.025303000584244728ms DirectoryWatcher:: Added:: WatchInfo: /home/cosmic/myprojects/my_website/src/components/slidder/node_modules 1 undefined Project: /dev/null/inferredProject3* watcher already invoked: false
[00:49:30.434] Installing typings ["@popmotion/popcorn"]
[00:49:30.658] '@popmotion/popcorn':: Entry for package 'popmotion__popcorn' does not exist in local types registry - skipping...
[00:49:30.659] All typings are known to be missing or invalid - no need to install more typings
[00:49:30.749] Sending response:
    {"projectName":"/dev/null/inferredProject3*","typeAcquisition":{"enable":true,"include":[],"exclude":[]},"compilerOptions":{"module":1,"target":3,"jsx":1,"allowJs":true,"allowSyntheticDefaultImports":true,"allowNonTsExtensions":true,"noEmitForJsFiles":true,"maxNodeModuleJsDepth":2},"typings":[],"unresolvedImports":["@popmotion/popcorn"],"kind":"action::set"}
[00:49:30.809] Response has been sent.
