[12:56:43.335] Global cache location '/home/cosmic/.cache/typescript/4.7', safe file path '/usr/local/lib/node_modules/typescript/lib/typingSafeList.json', types map path /usr/local/lib/node_modules/typescript/lib/typesMap.json
[12:56:43.335] Processing cache location '/home/cosmic/.cache/typescript/4.7'
[12:56:43.336] Trying to find '/home/cosmic/.cache/typescript/4.7/package.json'...
[12:56:43.430] Loaded content of '/home/cosmic/.cache/typescript/4.7/package.json': {"private":true,"dependencies":{"types-registry":"^0.1.612"},"devDependencies":{"@types/bcrypt":"^5.0.0","@types/body-parser":"^1.19.2","@types/co":"^4.6.3","@types/cors":"^2.8.12","@types/express":"^4.17.14","@types/merge-descriptors":"^1.0.1","@types/multer":"^1.4.7","@types/nodemon":"^1.19.2","@types/nopt":"^3.0.29","@types/npmlog":"^4.1.4","@types/react":"^18.0.15","@types/react-dom":"^18.0.6","@types/serve-static":"^1.13.10","@types/styled-components":"^5.1.25"}}
[12:56:43.430] Loaded content of '/home/cosmic/.cache/typescript/4.7/package-lock.json'
[12:56:43.540] Adding entry into typings cache: 'bcrypt' => '/home/cosmic/.cache/typescript/4.7/node_modules/@types/bcrypt/index.d.ts'
[12:56:43.593] Adding entry into typings cache: 'body-parser' => '/home/cosmic/.cache/typescript/4.7/node_modules/@types/body-parser/index.d.ts'
[12:56:43.644] Adding entry into typings cache: 'co' => '/home/cosmic/.cache/typescript/4.7/node_modules/@types/co/index.d.ts'
[12:56:43.670] Adding entry into typings cache: 'cors' => '/home/cosmic/.cache/typescript/4.7/node_modules/@types/cors/index.d.ts'
[12:56:43.743] Adding entry into typings cache: 'express' => '/home/cosmic/.cache/typescript/4.7/node_modules/@types/express/index.d.ts'
[12:56:43.777] Adding entry into typings cache: 'merge-descriptors' => '/home/cosmic/.cache/typescript/4.7/node_modules/@types/merge-descriptors/index.d.ts'
[12:56:43.809] Adding entry into typings cache: 'multer' => '/home/cosmic/.cache/typescript/4.7/node_modules/@types/multer/index.d.ts'
[12:56:43.813] Adding entry into typings cache: 'nodemon' => '/home/cosmic/.cache/typescript/4.7/node_modules/@types/nodemon/index.d.ts'
[12:56:43.853] Adding entry into typings cache: 'nopt' => '/home/cosmic/.cache/typescript/4.7/node_modules/@types/nopt/index.d.ts'
[12:56:43.857] Adding entry into typings cache: 'npmlog' => '/home/cosmic/.cache/typescript/4.7/node_modules/@types/npmlog/index.d.ts'
[12:56:43.912] Adding entry into typings cache: 'react' => '/home/cosmic/.cache/typescript/4.7/node_modules/@types/react/index.d.ts'
[12:56:43.935] Adding entry into typings cache: 'react-dom' => '/home/cosmic/.cache/typescript/4.7/node_modules/@types/react-dom/index.d.ts'
[12:56:43.943] Adding entry into typings cache: 'serve-static' => '/home/cosmic/.cache/typescript/4.7/node_modules/@types/serve-static/index.d.ts'
[12:56:44.002] Adding entry into typings cache: 'styled-components' => '/home/cosmic/.cache/typescript/4.7/node_modules/@types/styled-components/index.d.ts'
[12:56:44.002] Finished processing cache location '/home/cosmic/.cache/typescript/4.7'
[12:56:44.003] Process id: 85852
[12:56:44.003] NPM location: /usr/local/bin/npm (explicit '--npmLocation' not  provided)
[12:56:44.003] validateDefaultNpmLocation: false
[12:56:44.003] Npm config file: /home/cosmic/.cache/typescript/4.7/package.json
[12:56:44.003] Updating types-registry npm package...
[12:56:44.003] Exec: /usr/local/bin/npm install --ignore-scripts types-registry@latest
[12:57:08.725]     Succeeded. stdout:
    
    changed 1 package, and audited 28 packages in 5s

found 0 vulnerabilities

[12:57:08.725] Updated types-registry npm package
[12:57:53.546] Got install request {"projectName":"/dev/null/inferredProject1*","fileNames":["/usr/local/lib/node_modules/typescript/lib/lib.es5.d.ts","/usr/local/lib/node_modules/typescript/lib/lib.es2015.d.ts","/usr/local/lib/node_modules/typescript/lib/lib.es2016.d.ts","/usr/local/lib/node_modules/typescript/lib/lib.dom.d.ts","/usr/local/lib/node_modules/typescript/lib/lib.dom.iterable.d.ts","/usr/local/lib/node_modules/typescript/lib/lib.webworker.importscripts.d.ts","/usr/local/lib/node_modules/typescript/lib/lib.scripthost.d.ts","/usr/local/lib/node_modules/typescript/lib/lib.es2015.core.d.ts","/usr/local/lib/node_modules/typescript/lib/lib.es2015.collection.d.ts","/usr/local/lib/node_modules/typescript/lib/lib.es2015.generator.d.ts","/usr/local/lib/node_modules/typescript/lib/lib.es2015.iterable.d.ts","/usr/local/lib/node_modules/typescript/lib/lib.es2015.promise.d.ts","/usr/local/lib/node_modules/typescript/lib/lib.es2015.proxy.d.ts","/usr/local/lib/node_modules/typescript/lib/lib.es2015.reflect.d.ts","/usr/local/lib/node_modules/typescript/lib/lib.es2015.symbol.d.ts","/usr/local/lib/node_modules/typescript/lib/lib.es2015.symbol.wellknown.d.ts","/usr/local/lib/node_modules/typescript/lib/lib.es2016.array.include.d.ts","/usr/local/lib/node_modules/typescript/lib/lib.es2016.full.d.ts","/home/cosmic/myprojects/my_website/src/components/blogcard/bob.js","/home/cosmic/myprojects/my_website/src/components/blogcard/bob2.js","/home/cosmic/myprojects/my_website/src/body/about.js","/home/cosmic/myprojects/my_website/src/body/body.js","/home/cosmic/myprojects/my_website/src/components/modalbox/modalbox.js","/home/cosmic/myprojects/my_website/src/article_page/content.js","/home/cosmic/myprojects/my_website/src/article_page/code_block.js","/home/cosmic/myprojects/my_website/src/article_page/index.js","/home/cosmic/myprojects/my_website/src/article_page/article_list.js","/home/cosmic/myprojects/my_website/src/components/cardbar/cardbar.js","/home/cosmic/myprojects/my_website/src/components/slidder/slidebar.js","/home/cosmic/myprojects/my_website/src/nav/menue.js","/home/cosmic/myprojects/my_website/src/nav/topbar.js","/home/cosmic/myprojects/my_website/src/root/bottom_bar.js","/home/cosmic/myprojects/my_website/src/projects_page/index.js","/home/cosmic/myprojects/my_website/src/App.js"],"compilerOptions":{"module":1,"target":3,"jsx":1,"allowJs":true,"allowSyntheticDefaultImports":true,"allowNonTsExtensions":true,"noEmitForJsFiles":true,"maxNodeModuleJsDepth":2},"typeAcquisition":{"enable":true,"include":[],"exclude":[]},"unresolvedImports":[],"projectRootPath":"/home/cosmic/myprojects/my_website/src","kind":"discover"}
[12:57:53.560] Loaded safelist from types map file '/usr/local/lib/node_modules/typescript/lib/typesMap.json'
[12:57:53.561] Explicitly included types: []
[12:57:53.563] Inferred typings from unresolved imports: []
[12:57:53.563] Result: {"cachedTypingPaths":[],"newTypingNames":[],"filesToWatch":["/home/cosmic/myprojects/my_website/src/components/blogcard/bower_components","/home/cosmic/myprojects/my_website/src/components/blogcard/node_modules","/home/cosmic/myprojects/my_website/src/body/bower_components","/home/cosmic/myprojects/my_website/src/body/node_modules","/home/cosmic/myprojects/my_website/src/components/modalbox/bower_components","/home/cosmic/myprojects/my_website/src/components/modalbox/node_modules","/home/cosmic/myprojects/my_website/src/article_page/bower_components","/home/cosmic/myprojects/my_website/src/article_page/node_modules","/home/cosmic/myprojects/my_website/src/components/cardbar/bower_components","/home/cosmic/myprojects/my_website/src/components/cardbar/node_modules","/home/cosmic/myprojects/my_website/src/components/slidder/bower_components","/home/cosmic/myprojects/my_website/src/components/slidder/node_modules","/home/cosmic/myprojects/my_website/src/nav/bower_components","/home/cosmic/myprojects/my_website/src/nav/node_modules","/home/cosmic/myprojects/my_website/src/root/bower_components","/home/cosmic/myprojects/my_website/src/root/node_modules","/home/cosmic/myprojects/my_website/src/projects_page/bower_components","/home/cosmic/myprojects/my_website/src/projects_page/node_modules","/home/cosmic/myprojects/my_website/src/bower_components","/home/cosmic/myprojects/my_website/src/node_modules"]}
[12:57:53.563] Finished typings discovery: {"cachedTypingPaths":[],"newTypingNames":[],"filesToWatch":["/home/cosmic/myprojects/my_website/src/components/blogcard/bower_components","/home/cosmic/myprojects/my_website/src/components/blogcard/node_modules","/home/cosmic/myprojects/my_website/src/body/bower_components","/home/cosmic/myprojects/my_website/src/body/node_modules","/home/cosmic/myprojects/my_website/src/components/modalbox/bower_components","/home/cosmic/myprojects/my_website/src/components/modalbox/node_modules","/home/cosmic/myprojects/my_website/src/article_page/bower_components","/home/cosmic/myprojects/my_website/src/article_page/node_modules","/home/cosmic/myprojects/my_website/src/components/cardbar/bower_components","/home/cosmic/myprojects/my_website/src/components/cardbar/node_modules","/home/cosmic/myprojects/my_website/src/components/slidder/bower_components","/home/cosmic/myprojects/my_website/src/components/slidder/node_modules","/home/cosmic/myprojects/my_website/src/nav/bower_components","/home/cosmic/myprojects/my_website/src/nav/node_modules","/home/cosmic/myprojects/my_website/src/root/bower_components","/home/cosmic/myprojects/my_website/src/root/node_modules","/home/cosmic/myprojects/my_website/src/projects_page/bower_components","/home/cosmic/myprojects/my_website/src/projects_page/node_modules","/home/cosmic/myprojects/my_website/src/bower_components","/home/cosmic/myprojects/my_website/src/node_modules"]}
[12:57:53.563] DirectoryWatcher:: Added:: WatchInfo: /home/cosmic/myprojects/my_website/src/components
[12:57:53.564] DirectoryWatcher:: Added:: WatchInfo: /home/cosmic/myprojects/my_website/src/components 1 undefined Project: /dev/null/inferredProject1* watcher already invoked: false
[12:57:53.566] Elapsed:: 2.2734740003943443ms DirectoryWatcher:: Added:: WatchInfo: /home/cosmic/myprojects/my_website/src/components 1 undefined Project: /dev/null/inferredProject1* watcher already invoked: false
[12:57:53.566] DirectoryWatcher:: Added:: WatchInfo: /home/cosmic/myprojects/my_website/src/body
[12:57:53.566] DirectoryWatcher:: Added:: WatchInfo: /home/cosmic/myprojects/my_website/src/body 1 undefined Project: /dev/null/inferredProject1* watcher already invoked: false
[12:57:53.567] Elapsed:: 0.5912810005247593ms DirectoryWatcher:: Added:: WatchInfo: /home/cosmic/myprojects/my_website/src/body 1 undefined Project: /dev/null/inferredProject1* watcher already invoked: false
[12:57:53.567] DirectoryWatcher:: Added:: WatchInfo: /home/cosmic/myprojects/my_website/src/article_page
[12:57:53.567] DirectoryWatcher:: Added:: WatchInfo: /home/cosmic/myprojects/my_website/src/article_page 1 undefined Project: /dev/null/inferredProject1* watcher already invoked: false
[12:57:53.567] Elapsed:: 0.1616699993610382ms DirectoryWatcher:: Added:: WatchInfo: /home/cosmic/myprojects/my_website/src/article_page 1 undefined Project: /dev/null/inferredProject1* watcher already invoked: false
[12:57:53.567] DirectoryWatcher:: Added:: WatchInfo: /home/cosmic/myprojects/my_website/src/nav
[12:57:53.567] DirectoryWatcher:: Added:: WatchInfo: /home/cosmic/myprojects/my_website/src/nav 1 undefined Project: /dev/null/inferredProject1* watcher already invoked: false
[12:57:53.567] Elapsed:: 0.09369699656963348ms DirectoryWatcher:: Added:: WatchInfo: /home/cosmic/myprojects/my_website/src/nav 1 undefined Project: /dev/null/inferredProject1* watcher already invoked: false
[12:57:53.567] DirectoryWatcher:: Added:: WatchInfo: /home/cosmic/myprojects/my_website/src/root
[12:57:53.567] DirectoryWatcher:: Added:: WatchInfo: /home/cosmic/myprojects/my_website/src/root 1 undefined Project: /dev/null/inferredProject1* watcher already invoked: false
[12:57:53.568] Elapsed:: 0.14688000082969666ms DirectoryWatcher:: Added:: WatchInfo: /home/cosmic/myprojects/my_website/src/root 1 undefined Project: /dev/null/inferredProject1* watcher already invoked: false
[12:57:53.568] DirectoryWatcher:: Added:: WatchInfo: /home/cosmic/myprojects/my_website/src/projects_page
[12:57:53.568] DirectoryWatcher:: Added:: WatchInfo: /home/cosmic/myprojects/my_website/src/projects_page 1 undefined Project: /dev/null/inferredProject1* watcher already invoked: false
[12:57:53.568] Elapsed:: 0.08752499893307686ms DirectoryWatcher:: Added:: WatchInfo: /home/cosmic/myprojects/my_website/src/projects_page 1 undefined Project: /dev/null/inferredProject1* watcher already invoked: false
[12:57:53.568] DirectoryWatcher:: Added:: WatchInfo: /home/cosmic/myprojects/my_website/src/bower_components
[12:57:53.568] DirectoryWatcher:: Added:: WatchInfo: /home/cosmic/myprojects/my_website/src/bower_components 1 undefined Project: /dev/null/inferredProject1* watcher already invoked: false
[12:57:53.568] Elapsed:: 0.6232779994606972ms DirectoryWatcher:: Added:: WatchInfo: /home/cosmic/myprojects/my_website/src/bower_components 1 undefined Project: /dev/null/inferredProject1* watcher already invoked: false
[12:57:53.569] DirectoryWatcher:: Added:: WatchInfo: /home/cosmic/myprojects/my_website/src/node_modules
[12:57:53.569] DirectoryWatcher:: Added:: WatchInfo: /home/cosmic/myprojects/my_website/src/node_modules 1 undefined Project: /dev/null/inferredProject1* watcher already invoked: false
[12:57:53.569] Elapsed:: 0.1491359993815422ms DirectoryWatcher:: Added:: WatchInfo: /home/cosmic/myprojects/my_website/src/node_modules 1 undefined Project: /dev/null/inferredProject1* watcher already invoked: false
[12:57:53.569] Sending response:
    {"projectName":"/dev/null/inferredProject1*","typeAcquisition":{"enable":true,"include":[],"exclude":[]},"compilerOptions":{"module":1,"target":3,"jsx":1,"allowJs":true,"allowSyntheticDefaultImports":true,"allowNonTsExtensions":true,"noEmitForJsFiles":true,"maxNodeModuleJsDepth":2},"typings":[],"unresolvedImports":[],"kind":"action::set"}
[12:57:53.569] Response has been sent.
[12:57:53.569] No new typings were requested as a result of typings discovery
