[15:18:39.640] Global cache location '/home/cosmic/.cache/typescript/4.7', safe file path '/usr/local/lib/node_modules/typescript/lib/typingSafeList.json', types map path /usr/local/lib/node_modules/typescript/lib/typesMap.json
[15:18:39.640] Processing cache location '/home/cosmic/.cache/typescript/4.7'
[15:18:39.641] Trying to find '/home/cosmic/.cache/typescript/4.7/package.json'...
[15:18:39.714] Loaded content of '/home/cosmic/.cache/typescript/4.7/package.json': {"private":true,"dependencies":{"types-registry":"^0.1.613"},"devDependencies":{"@types/bcrypt":"^5.0.0","@types/body-parser":"^1.19.2","@types/co":"^4.6.3","@types/cors":"^2.8.12","@types/express":"^4.17.14","@types/merge-descriptors":"^1.0.1","@types/multer":"^1.4.7","@types/nodemon":"^1.19.2","@types/nopt":"^3.0.29","@types/npmlog":"^4.1.4","@types/react":"^18.0.15","@types/react-dom":"^18.0.6","@types/serve-static":"^1.13.10","@types/styled-components":"^5.1.25"}}
[15:18:39.714] Loaded content of '/home/cosmic/.cache/typescript/4.7/package-lock.json'
[15:18:39.823] Adding entry into typings cache: 'bcrypt' => '/home/cosmic/.cache/typescript/4.7/node_modules/@types/bcrypt/index.d.ts'
[15:18:39.887] Adding entry into typings cache: 'body-parser' => '/home/cosmic/.cache/typescript/4.7/node_modules/@types/body-parser/index.d.ts'
[15:18:39.993] Adding entry into typings cache: 'co' => '/home/cosmic/.cache/typescript/4.7/node_modules/@types/co/index.d.ts'
[15:18:39.999] Adding entry into typings cache: 'cors' => '/home/cosmic/.cache/typescript/4.7/node_modules/@types/cors/index.d.ts'
[15:18:40.049] Adding entry into typings cache: 'express' => '/home/cosmic/.cache/typescript/4.7/node_modules/@types/express/index.d.ts'
[15:18:40.093] Adding entry into typings cache: 'merge-descriptors' => '/home/cosmic/.cache/typescript/4.7/node_modules/@types/merge-descriptors/index.d.ts'
[15:18:40.126] Adding entry into typings cache: 'multer' => '/home/cosmic/.cache/typescript/4.7/node_modules/@types/multer/index.d.ts'
[15:18:40.162] Adding entry into typings cache: 'nodemon' => '/home/cosmic/.cache/typescript/4.7/node_modules/@types/nodemon/index.d.ts'
[15:18:40.269] Adding entry into typings cache: 'nopt' => '/home/cosmic/.cache/typescript/4.7/node_modules/@types/nopt/index.d.ts'
[15:18:40.330] Adding entry into typings cache: 'npmlog' => '/home/cosmic/.cache/typescript/4.7/node_modules/@types/npmlog/index.d.ts'
[15:18:40.371] Adding entry into typings cache: 'react' => '/home/cosmic/.cache/typescript/4.7/node_modules/@types/react/index.d.ts'
[15:18:40.506] Adding entry into typings cache: 'react-dom' => '/home/cosmic/.cache/typescript/4.7/node_modules/@types/react-dom/index.d.ts'
[15:18:40.535] Adding entry into typings cache: 'serve-static' => '/home/cosmic/.cache/typescript/4.7/node_modules/@types/serve-static/index.d.ts'
[15:18:40.605] Adding entry into typings cache: 'styled-components' => '/home/cosmic/.cache/typescript/4.7/node_modules/@types/styled-components/index.d.ts'
[15:18:40.605] Finished processing cache location '/home/cosmic/.cache/typescript/4.7'
[15:18:40.605] Process id: 9414
[15:18:40.605] NPM location: /usr/local/bin/npm (explicit '--npmLocation' not  provided)
[15:18:40.605] validateDefaultNpmLocation: false
[15:18:40.605] Npm config file: /home/cosmic/.cache/typescript/4.7/package.json
[15:18:40.605] Updating types-registry npm package...
[15:18:40.605] Exec: /usr/local/bin/npm install --ignore-scripts types-registry@latest
[15:19:02.077]     Failed. stdout:
    stderr:
    npm ERR! code ENOTEMPTY
    npm ERR! syscall rename
npm ERR! path /home/cosmic/.cache/typescript/4.7/node_modules/types-registry
npm ERR! dest /home/cosmic/.cache/typescript/4.7/node_modules/.types-registry-4khi6kno
npm ERR! errno -39
npm ERR! ENOTEMPTY: directory not empty, rename '/home/cosmic/.cache/typescript/4.7/node_modules/types-registry' -> '/home/cosmic/.cache/typescript/4.7/node_modules/.types-registry-4khi6kno'

npm ERR! A complete log of this run can be found in:
npm ERR!     /home/cosmic/.npm/_logs/2022-10-17T14_18_53_643Z-debug-0.log

[15:19:02.078] Updated types-registry npm package
[15:19:02.135] Error when loading types registry file '/home/cosmic/.cache/typescript/4.7/node_modules/types-registry/index.json': Unexpected end of JSON input, SyntaxError: Unexpected end of JSON input
    at JSON.parse (<anonymous>)
    at loadTypesRegistryFile (/usr/local/lib/node_modules/typescript/lib/typingsInstaller.js:126326:40)
    at new NodeTypingsInstaller (/usr/local/lib/node_modules/typescript/lib/typingsInstaller.js:126374:43)
    at /usr/local/lib/node_modules/typescript/lib/typingsInstaller.js:126487:29
    at /usr/local/lib/node_modules/typescript/lib/typingsInstaller.js:126494:11
    at /usr/local/lib/node_modules/typescript/lib/typingsInstaller.js:126495:7
    at Object.<anonymous> (/usr/local/lib/node_modules/typescript/lib/typingsInstaller.js:126496:3)
    at Module._compile (node:internal/modules/cjs/loader:1126:14)
    at Object.Module._extensions..js (node:internal/modules/cjs/loader:1180:10)
    at Module.load (node:internal/modules/cjs/loader:1004:32)
[15:20:01.020] Got install request {"projectName":"/dev/null/inferredProject1*","fileNames":["/usr/local/lib/node_modules/typescript/lib/lib.es5.d.ts","/usr/local/lib/node_modules/typescript/lib/lib.es2015.d.ts","/usr/local/lib/node_modules/typescript/lib/lib.es2016.d.ts","/usr/local/lib/node_modules/typescript/lib/lib.dom.d.ts","/usr/local/lib/node_modules/typescript/lib/lib.dom.iterable.d.ts","/usr/local/lib/node_modules/typescript/lib/lib.webworker.importscripts.d.ts","/usr/local/lib/node_modules/typescript/lib/lib.scripthost.d.ts","/usr/local/lib/node_modules/typescript/lib/lib.es2015.core.d.ts","/usr/local/lib/node_modules/typescript/lib/lib.es2015.collection.d.ts","/usr/local/lib/node_modules/typescript/lib/lib.es2015.generator.d.ts","/usr/local/lib/node_modules/typescript/lib/lib.es2015.iterable.d.ts","/usr/local/lib/node_modules/typescript/lib/lib.es2015.promise.d.ts","/usr/local/lib/node_modules/typescript/lib/lib.es2015.proxy.d.ts","/usr/local/lib/node_modules/typescript/lib/lib.es2015.reflect.d.ts","/usr/local/lib/node_modules/typescript/lib/lib.es2015.symbol.d.ts","/usr/local/lib/node_modules/typescript/lib/lib.es2015.symbol.wellknown.d.ts","/usr/local/lib/node_modules/typescript/lib/lib.es2016.array.include.d.ts","/usr/local/lib/node_modules/typescript/lib/lib.es2016.full.d.ts","/home/cosmic/myprojects/my_website/src/components/blogcard/bob2.js","/home/cosmic/myprojects/my_website/src/article_page/article_list.js"],"compilerOptions":{"module":1,"target":3,"jsx":1,"allowJs":true,"allowSyntheticDefaultImports":true,"allowNonTsExtensions":true,"noEmitForJsFiles":true,"maxNodeModuleJsDepth":2},"typeAcquisition":{"enable":true,"include":[],"exclude":[]},"unresolvedImports":[],"projectRootPath":"/home/cosmic/myprojects/my_website/src/article_page","kind":"discover"}
[15:20:01.075] Loaded safelist from types map file '/usr/local/lib/node_modules/typescript/lib/typesMap.json'
[15:20:01.076] Explicitly included types: []
[15:20:01.077] Inferred typings from unresolved imports: []
[15:20:01.077] Result: {"cachedTypingPaths":[],"newTypingNames":[],"filesToWatch":["/home/cosmic/myprojects/my_website/src/components/blogcard/bower_components","/home/cosmic/myprojects/my_website/src/components/blogcard/node_modules","/home/cosmic/myprojects/my_website/src/article_page/bower_components","/home/cosmic/myprojects/my_website/src/article_page/node_modules"]}
[15:20:01.077] Finished typings discovery: {"cachedTypingPaths":[],"newTypingNames":[],"filesToWatch":["/home/cosmic/myprojects/my_website/src/components/blogcard/bower_components","/home/cosmic/myprojects/my_website/src/components/blogcard/node_modules","/home/cosmic/myprojects/my_website/src/article_page/bower_components","/home/cosmic/myprojects/my_website/src/article_page/node_modules"]}
[15:20:01.078] DirectoryWatcher:: Added:: WatchInfo: /home/cosmic/myprojects/my_website/src/components/blogcard/bower_components
[15:20:01.078] DirectoryWatcher:: Added:: WatchInfo: /home/cosmic/myprojects/my_website/src/components/blogcard/bower_components 1 undefined Project: /dev/null/inferredProject1* watcher already invoked: false
[15:20:01.080] Elapsed:: 1.81160799972713ms DirectoryWatcher:: Added:: WatchInfo: /home/cosmic/myprojects/my_website/src/components/blogcard/bower_components 1 undefined Project: /dev/null/inferredProject1* watcher already invoked: false
[15:20:01.080] DirectoryWatcher:: Added:: WatchInfo: /home/cosmic/myprojects/my_website/src/components/blogcard/node_modules
[15:20:01.080] DirectoryWatcher:: Added:: WatchInfo: /home/cosmic/myprojects/my_website/src/components/blogcard/node_modules 1 undefined Project: /dev/null/inferredProject1* watcher already invoked: false
[15:20:01.081] Elapsed:: 0.14223399991169572ms DirectoryWatcher:: Added:: WatchInfo: /home/cosmic/myprojects/my_website/src/components/blogcard/node_modules 1 undefined Project: /dev/null/inferredProject1* watcher already invoked: false
[15:20:01.081] DirectoryWatcher:: Added:: WatchInfo: /home/cosmic/myprojects/my_website/src/article_page/bower_components
[15:20:01.081] DirectoryWatcher:: Added:: WatchInfo: /home/cosmic/myprojects/my_website/src/article_page/bower_components 1 undefined Project: /dev/null/inferredProject1* watcher already invoked: false
[15:20:01.081] Elapsed:: 0.10788600007072091ms DirectoryWatcher:: Added:: WatchInfo: /home/cosmic/myprojects/my_website/src/article_page/bower_components 1 undefined Project: /dev/null/inferredProject1* watcher already invoked: false
[15:20:01.081] DirectoryWatcher:: Added:: WatchInfo: /home/cosmic/myprojects/my_website/src/article_page/node_modules
[15:20:01.081] DirectoryWatcher:: Added:: WatchInfo: /home/cosmic/myprojects/my_website/src/article_page/node_modules 1 undefined Project: /dev/null/inferredProject1* watcher already invoked: false
[15:20:01.081] Elapsed:: 0.08836399996653199ms DirectoryWatcher:: Added:: WatchInfo: /home/cosmic/myprojects/my_website/src/article_page/node_modules 1 undefined Project: /dev/null/inferredProject1* watcher already invoked: false
[15:20:01.081] Sending response:
    {"projectName":"/dev/null/inferredProject1*","typeAcquisition":{"enable":true,"include":[],"exclude":[]},"compilerOptions":{"module":1,"target":3,"jsx":1,"allowJs":true,"allowSyntheticDefaultImports":true,"allowNonTsExtensions":true,"noEmitForJsFiles":true,"maxNodeModuleJsDepth":2},"typings":[],"unresolvedImports":[],"kind":"action::set"}
[15:20:01.082] Response has been sent.
[15:20:01.082] No new typings were requested as a result of typings discovery
[15:26:28.077] Got install request {"projectName":"/dev/null/inferredProject2*","fileNames":["/usr/local/lib/node_modules/typescript/lib/lib.es5.d.ts","/usr/local/lib/node_modules/typescript/lib/lib.es2015.d.ts","/usr/local/lib/node_modules/typescript/lib/lib.es2016.d.ts","/usr/local/lib/node_modules/typescript/lib/lib.dom.d.ts","/usr/local/lib/node_modules/typescript/lib/lib.dom.iterable.d.ts","/usr/local/lib/node_modules/typescript/lib/lib.webworker.importscripts.d.ts","/usr/local/lib/node_modules/typescript/lib/lib.scripthost.d.ts","/usr/local/lib/node_modules/typescript/lib/lib.es2015.core.d.ts","/usr/local/lib/node_modules/typescript/lib/lib.es2015.collection.d.ts","/usr/local/lib/node_modules/typescript/lib/lib.es2015.generator.d.ts","/usr/local/lib/node_modules/typescript/lib/lib.es2015.iterable.d.ts","/usr/local/lib/node_modules/typescript/lib/lib.es2015.promise.d.ts","/usr/local/lib/node_modules/typescript/lib/lib.es2015.proxy.d.ts","/usr/local/lib/node_modules/typescript/lib/lib.es2015.reflect.d.ts","/usr/local/lib/node_modules/typescript/lib/lib.es2015.symbol.d.ts","/usr/local/lib/node_modules/typescript/lib/lib.es2015.symbol.wellknown.d.ts","/usr/local/lib/node_modules/typescript/lib/lib.es2016.array.include.d.ts","/usr/local/lib/node_modules/typescript/lib/lib.es2016.full.d.ts","/home/cosmic/myprojects/my_website/src/services/services.js"],"compilerOptions":{"module":1,"target":3,"jsx":1,"allowJs":true,"allowSyntheticDefaultImports":true,"allowNonTsExtensions":true,"noEmitForJsFiles":true,"maxNodeModuleJsDepth":2},"typeAcquisition":{"enable":true,"include":[],"exclude":[]},"unresolvedImports":[],"projectRootPath":"/home/cosmic/myprojects/my_website/src/services","kind":"discover"}
[15:26:28.101] Explicitly included types: []
[15:26:28.101] Inferred typings from unresolved imports: []
[15:26:28.101] Result: {"cachedTypingPaths":[],"newTypingNames":[],"filesToWatch":["/home/cosmic/myprojects/my_website/src/services/bower_components","/home/cosmic/myprojects/my_website/src/services/node_modules"]}
[15:26:28.101] Finished typings discovery: {"cachedTypingPaths":[],"newTypingNames":[],"filesToWatch":["/home/cosmic/myprojects/my_website/src/services/bower_components","/home/cosmic/myprojects/my_website/src/services/node_modules"]}
[15:26:28.102] DirectoryWatcher:: Added:: WatchInfo: /home/cosmic/myprojects/my_website/src/services/bower_components
[15:26:28.102] DirectoryWatcher:: Added:: WatchInfo: /home/cosmic/myprojects/my_website/src/services/bower_components 1 undefined Project: /dev/null/inferredProject2* watcher already invoked: false
[15:26:28.118] Elapsed:: 0.30373100005090237ms DirectoryWatcher:: Added:: WatchInfo: /home/cosmic/myprojects/my_website/src/services/bower_components 1 undefined Project: /dev/null/inferredProject2* watcher already invoked: false
[15:26:28.118] DirectoryWatcher:: Added:: WatchInfo: /home/cosmic/myprojects/my_website/src/services/node_modules
[15:26:28.119] DirectoryWatcher:: Added:: WatchInfo: /home/cosmic/myprojects/my_website/src/services/node_modules 1 undefined Project: /dev/null/inferredProject2* watcher already invoked: false
[15:26:28.126] Elapsed:: 7.508609999902546ms DirectoryWatcher:: Added:: WatchInfo: /home/cosmic/myprojects/my_website/src/services/node_modules 1 undefined Project: /dev/null/inferredProject2* watcher already invoked: false
[15:26:28.126] Sending response:
    {"projectName":"/dev/null/inferredProject2*","typeAcquisition":{"enable":true,"include":[],"exclude":[]},"compilerOptions":{"module":1,"target":3,"jsx":1,"allowJs":true,"allowSyntheticDefaultImports":true,"allowNonTsExtensions":true,"noEmitForJsFiles":true,"maxNodeModuleJsDepth":2},"typings":[],"unresolvedImports":[],"kind":"action::set"}
[15:26:28.126] Response has been sent.
[15:26:28.126] No new typings were requested as a result of typings discovery
[15:30:53.205] Got install request {"projectName":"/dev/null/inferredProject3*","fileNames":["/usr/local/lib/node_modules/typescript/lib/lib.es5.d.ts","/usr/local/lib/node_modules/typescript/lib/lib.es2015.d.ts","/usr/local/lib/node_modules/typescript/lib/lib.es2016.d.ts","/usr/local/lib/node_modules/typescript/lib/lib.dom.d.ts","/usr/local/lib/node_modules/typescript/lib/lib.dom.iterable.d.ts","/usr/local/lib/node_modules/typescript/lib/lib.webworker.importscripts.d.ts","/usr/local/lib/node_modules/typescript/lib/lib.scripthost.d.ts","/usr/local/lib/node_modules/typescript/lib/lib.es2015.core.d.ts","/usr/local/lib/node_modules/typescript/lib/lib.es2015.collection.d.ts","/usr/local/lib/node_modules/typescript/lib/lib.es2015.generator.d.ts","/usr/local/lib/node_modules/typescript/lib/lib.es2015.iterable.d.ts","/usr/local/lib/node_modules/typescript/lib/lib.es2015.promise.d.ts","/usr/local/lib/node_modules/typescript/lib/lib.es2015.proxy.d.ts","/usr/local/lib/node_modules/typescript/lib/lib.es2015.reflect.d.ts","/usr/local/lib/node_modules/typescript/lib/lib.es2015.symbol.d.ts","/usr/local/lib/node_modules/typescript/lib/lib.es2015.symbol.wellknown.d.ts","/usr/local/lib/node_modules/typescript/lib/lib.es2016.array.include.d.ts","/usr/local/lib/node_modules/typescript/lib/lib.es2016.full.d.ts","/home/cosmic/myprojects/my_website/src/components/blogcard/bob.js","/home/cosmic/myprojects/my_website/src/components/blogcard/bob2.js","/home/cosmic/myprojects/my_website/src/body/about.js","/home/cosmic/myprojects/my_website/src/projects_page/pro.js","/home/cosmic/myprojects/my_website/src/services/services.js","/home/cosmic/myprojects/my_website/src/body/body.js"],"compilerOptions":{"module":1,"target":3,"jsx":1,"allowJs":true,"allowSyntheticDefaultImports":true,"allowNonTsExtensions":true,"noEmitForJsFiles":true,"maxNodeModuleJsDepth":2},"typeAcquisition":{"enable":true,"include":[],"exclude":[]},"unresolvedImports":[],"projectRootPath":"/home/cosmic/myprojects/my_website/src/body","kind":"discover"}
[15:30:53.216] Explicitly included types: []
[15:30:53.216] Inferred typings from unresolved imports: []
[15:30:53.216] Result: {"cachedTypingPaths":[],"newTypingNames":[],"filesToWatch":["/home/cosmic/myprojects/my_website/src/components/blogcard/bower_components","/home/cosmic/myprojects/my_website/src/components/blogcard/node_modules","/home/cosmic/myprojects/my_website/src/body/bower_components","/home/cosmic/myprojects/my_website/src/body/node_modules","/home/cosmic/myprojects/my_website/src/projects_page/bower_components","/home/cosmic/myprojects/my_website/src/projects_page/node_modules","/home/cosmic/myprojects/my_website/src/services/bower_components","/home/cosmic/myprojects/my_website/src/services/node_modules"]}
[15:30:53.216] Finished typings discovery: {"cachedTypingPaths":[],"newTypingNames":[],"filesToWatch":["/home/cosmic/myprojects/my_website/src/components/blogcard/bower_components","/home/cosmic/myprojects/my_website/src/components/blogcard/node_modules","/home/cosmic/myprojects/my_website/src/body/bower_components","/home/cosmic/myprojects/my_website/src/body/node_modules","/home/cosmic/myprojects/my_website/src/projects_page/bower_components","/home/cosmic/myprojects/my_website/src/projects_page/node_modules","/home/cosmic/myprojects/my_website/src/services/bower_components","/home/cosmic/myprojects/my_website/src/services/node_modules"]}
[15:30:53.216] DirectoryWatcher:: Added:: WatchInfo: /home/cosmic/myprojects/my_website/src/components/blogcard/bower_components
[15:30:53.216] DirectoryWatcher:: Added:: WatchInfo: /home/cosmic/myprojects/my_website/src/components/blogcard/bower_components 1 undefined Project: /dev/null/inferredProject3* watcher already invoked: false
[15:30:53.216] Elapsed:: 0.02521000010892749ms DirectoryWatcher:: Added:: WatchInfo: /home/cosmic/myprojects/my_website/src/components/blogcard/bower_components 1 undefined Project: /dev/null/inferredProject3* watcher already invoked: false
[15:30:53.216] DirectoryWatcher:: Added:: WatchInfo: /home/cosmic/myprojects/my_website/src/components/blogcard/node_modules
[15:30:53.216] DirectoryWatcher:: Added:: WatchInfo: /home/cosmic/myprojects/my_website/src/components/blogcard/node_modules 1 undefined Project: /dev/null/inferredProject3* watcher already invoked: false
[15:30:53.216] Elapsed:: 0.017005999572575092ms DirectoryWatcher:: Added:: WatchInfo: /home/cosmic/myprojects/my_website/src/components/blogcard/node_modules 1 undefined Project: /dev/null/inferredProject3* watcher already invoked: false
[15:30:53.216] DirectoryWatcher:: Added:: WatchInfo: /home/cosmic/myprojects/my_website/src/body/bower_components
[15:30:53.216] DirectoryWatcher:: Added:: WatchInfo: /home/cosmic/myprojects/my_website/src/body/bower_components 1 undefined Project: /dev/null/inferredProject3* watcher already invoked: false
[15:30:53.217] Elapsed:: 0.13166199997067451ms DirectoryWatcher:: Added:: WatchInfo: /home/cosmic/myprojects/my_website/src/body/bower_components 1 undefined Project: /dev/null/inferredProject3* watcher already invoked: false
[15:30:53.217] DirectoryWatcher:: Added:: WatchInfo: /home/cosmic/myprojects/my_website/src/body/node_modules
[15:30:53.217] DirectoryWatcher:: Added:: WatchInfo: /home/cosmic/myprojects/my_website/src/body/node_modules 1 undefined Project: /dev/null/inferredProject3* watcher already invoked: false
[15:30:53.217] Elapsed:: 0.10201700031757355ms DirectoryWatcher:: Added:: WatchInfo: /home/cosmic/myprojects/my_website/src/body/node_modules 1 undefined Project: /dev/null/inferredProject3* watcher already invoked: false
[15:30:53.217] DirectoryWatcher:: Added:: WatchInfo: /home/cosmic/myprojects/my_website/src/projects_page/bower_components
[15:30:53.217] DirectoryWatcher:: Added:: WatchInfo: /home/cosmic/myprojects/my_website/src/projects_page/bower_components 1 undefined Project: /dev/null/inferredProject3* watcher already invoked: false
[15:30:53.217] Elapsed:: 0.24506000010296702ms DirectoryWatcher:: Added:: WatchInfo: /home/cosmic/myprojects/my_website/src/projects_page/bower_components 1 undefined Project: /dev/null/inferredProject3* watcher already invoked: false
[15:30:53.217] DirectoryWatcher:: Added:: WatchInfo: /home/cosmic/myprojects/my_website/src/projects_page/node_modules
[15:30:53.217] DirectoryWatcher:: Added:: WatchInfo: /home/cosmic/myprojects/my_website/src/projects_page/node_modules 1 undefined Project: /dev/null/inferredProject3* watcher already invoked: false
[15:30:53.218] Elapsed:: 0.16770000010728836ms DirectoryWatcher:: Added:: WatchInfo: /home/cosmic/myprojects/my_website/src/projects_page/node_modules 1 undefined Project: /dev/null/inferredProject3* watcher already invoked: false
[15:30:53.218] DirectoryWatcher:: Added:: WatchInfo: /home/cosmic/myprojects/my_website/src/services/bower_components
[15:30:53.218] DirectoryWatcher:: Added:: WatchInfo: /home/cosmic/myprojects/my_website/src/services/bower_components 1 undefined Project: /dev/null/inferredProject3* watcher already invoked: false
[15:30:53.227] Elapsed:: 9.22117599984631ms DirectoryWatcher:: Added:: WatchInfo: /home/cosmic/myprojects/my_website/src/services/bower_components 1 undefined Project: /dev/null/inferredProject3* watcher already invoked: false
[15:30:53.227] DirectoryWatcher:: Added:: WatchInfo: /home/cosmic/myprojects/my_website/src/services/node_modules
[15:30:53.227] DirectoryWatcher:: Added:: WatchInfo: /home/cosmic/myprojects/my_website/src/services/node_modules 1 undefined Project: /dev/null/inferredProject3* watcher already invoked: false
[15:30:53.227] Elapsed:: 0.0055970000103116035ms DirectoryWatcher:: Added:: WatchInfo: /home/cosmic/myprojects/my_website/src/services/node_modules 1 undefined Project: /dev/null/inferredProject3* watcher already invoked: false
[15:30:53.227] Sending response:
    {"projectName":"/dev/null/inferredProject3*","typeAcquisition":{"enable":true,"include":[],"exclude":[]},"compilerOptions":{"module":1,"target":3,"jsx":1,"allowJs":true,"allowSyntheticDefaultImports":true,"allowNonTsExtensions":true,"noEmitForJsFiles":true,"maxNodeModuleJsDepth":2},"typings":[],"unresolvedImports":[],"kind":"action::set"}
[15:30:53.227] Response has been sent.
[15:30:53.227] No new typings were requested as a result of typings discovery
