[06:25:18.875] Global cache location '/home/cosmic/.cache/typescript/4.7', safe file path '/usr/local/lib/node_modules/typescript/lib/typingSafeList.json', types map path /usr/local/lib/node_modules/typescript/lib/typesMap.json
[06:25:18.875] Processing cache location '/home/cosmic/.cache/typescript/4.7'
[06:25:18.875] Trying to find '/home/cosmic/.cache/typescript/4.7/package.json'...
[06:25:18.876] Loaded content of '/home/cosmic/.cache/typescript/4.7/package.json': {"private":true,"dependencies":{"types-registry":"^0.1.607"},"devDependencies":{"@types/body-parser":"^1.19.2","@types/co":"^4.6.3","@types/cors":"^2.8.12","@types/express":"^4.17.13","@types/merge-descriptors":"^1.0.1","@types/multer":"^1.4.7","@types/nodemon":"^1.19.2","@types/react":"^18.0.15","@types/react-dom":"^18.0.6","@types/serve-static":"^1.13.10","@types/styled-components":"^5.1.25"}}
[06:25:18.876] Loaded content of '/home/cosmic/.cache/typescript/4.7/package-lock.json'
[06:25:18.889] Adding entry into typings cache: 'body-parser' => '/home/cosmic/.cache/typescript/4.7/node_modules/@types/body-parser/index.d.ts'
[06:25:18.890] Adding entry into typings cache: 'co' => '/home/cosmic/.cache/typescript/4.7/node_modules/@types/co/index.d.ts'
[06:25:18.891] Adding entry into typings cache: 'cors' => '/home/cosmic/.cache/typescript/4.7/node_modules/@types/cors/index.d.ts'
[06:25:18.893] Adding entry into typings cache: 'express' => '/home/cosmic/.cache/typescript/4.7/node_modules/@types/express/index.d.ts'
[06:25:18.959] Adding entry into typings cache: 'merge-descriptors' => '/home/cosmic/.cache/typescript/4.7/node_modules/@types/merge-descriptors/index.d.ts'
[06:25:18.960] Adding entry into typings cache: 'multer' => '/home/cosmic/.cache/typescript/4.7/node_modules/@types/multer/index.d.ts'
[06:25:18.961] Adding entry into typings cache: 'nodemon' => '/home/cosmic/.cache/typescript/4.7/node_modules/@types/nodemon/index.d.ts'
[06:25:18.983] Adding entry into typings cache: 'react' => '/home/cosmic/.cache/typescript/4.7/node_modules/@types/react/index.d.ts'
[06:25:19.009] Adding entry into typings cache: 'react-dom' => '/home/cosmic/.cache/typescript/4.7/node_modules/@types/react-dom/index.d.ts'
[06:25:19.011] Adding entry into typings cache: 'serve-static' => '/home/cosmic/.cache/typescript/4.7/node_modules/@types/serve-static/index.d.ts'
[06:25:19.096] Adding entry into typings cache: 'styled-components' => '/home/cosmic/.cache/typescript/4.7/node_modules/@types/styled-components/index.d.ts'
[06:25:19.096] Finished processing cache location '/home/cosmic/.cache/typescript/4.7'
[06:25:19.097] Process id: 9134
[06:25:19.097] NPM location: /snap/node/6619/bin/npm (explicit '--npmLocation' not  provided)
[06:25:19.097] validateDefaultNpmLocation: false
[06:25:19.097] Npm config file: /home/cosmic/.cache/typescript/4.7/package.json
[06:25:19.097] Updating types-registry npm package...
[06:25:19.097] Exec: /snap/node/6619/bin/npm install --ignore-scripts types-registry@latest
[06:25:25.890]     Succeeded. stdout:
[06:25:25.890] Updated types-registry npm package
[06:26:00.276] Got install request {"projectName":"/dev/null/inferredProject1*","fileNames":["/usr/local/lib/node_modules/typescript/lib/lib.es5.d.ts","/usr/local/lib/node_modules/typescript/lib/lib.es2015.d.ts","/usr/local/lib/node_modules/typescript/lib/lib.es2016.d.ts","/usr/local/lib/node_modules/typescript/lib/lib.dom.d.ts","/usr/local/lib/node_modules/typescript/lib/lib.dom.iterable.d.ts","/usr/local/lib/node_modules/typescript/lib/lib.webworker.importscripts.d.ts","/usr/local/lib/node_modules/typescript/lib/lib.scripthost.d.ts","/usr/local/lib/node_modules/typescript/lib/lib.es2015.core.d.ts","/usr/local/lib/node_modules/typescript/lib/lib.es2015.collection.d.ts","/usr/local/lib/node_modules/typescript/lib/lib.es2015.generator.d.ts","/usr/local/lib/node_modules/typescript/lib/lib.es2015.iterable.d.ts","/usr/local/lib/node_modules/typescript/lib/lib.es2015.promise.d.ts","/usr/local/lib/node_modules/typescript/lib/lib.es2015.proxy.d.ts","/usr/local/lib/node_modules/typescript/lib/lib.es2015.reflect.d.ts","/usr/local/lib/node_modules/typescript/lib/lib.es2015.symbol.d.ts","/usr/local/lib/node_modules/typescript/lib/lib.es2015.symbol.wellknown.d.ts","/usr/local/lib/node_modules/typescript/lib/lib.es2016.array.include.d.ts","/usr/local/lib/node_modules/typescript/lib/lib.es2016.full.d.ts","/home/cosmic/myprojects/my_website/src/api.js"],"compilerOptions":{"module":1,"target":3,"jsx":1,"allowJs":true,"allowSyntheticDefaultImports":true,"allowNonTsExtensions":true,"noEmitForJsFiles":true,"maxNodeModuleJsDepth":2},"typeAcquisition":{"enable":true,"include":[],"exclude":[]},"unresolvedImports":[],"projectRootPath":"/home/cosmic/myprojects/my_website/src","kind":"discover"}
[06:26:00.294] Loaded safelist from types map file '/usr/local/lib/node_modules/typescript/lib/typesMap.json'
[06:26:00.295] Explicitly included types: []
[06:26:00.295] Inferred typings from unresolved imports: []
[06:26:00.296] Result: {"cachedTypingPaths":[],"newTypingNames":[],"filesToWatch":["/home/cosmic/myprojects/my_website/src/bower_components","/home/cosmic/myprojects/my_website/src/node_modules"]}
[06:26:00.296] Finished typings discovery: {"cachedTypingPaths":[],"newTypingNames":[],"filesToWatch":["/home/cosmic/myprojects/my_website/src/bower_components","/home/cosmic/myprojects/my_website/src/node_modules"]}
[06:26:00.296] DirectoryWatcher:: Added:: WatchInfo: /home/cosmic/myprojects/my_website/src/bower_components
[06:26:00.297] DirectoryWatcher:: Added:: WatchInfo: /home/cosmic/myprojects/my_website/src/bower_components 1 undefined Project: /dev/null/inferredProject1* watcher already invoked: false
[06:26:00.298] Elapsed:: 1.286027000285685ms DirectoryWatcher:: Added:: WatchInfo: /home/cosmic/myprojects/my_website/src/bower_components 1 undefined Project: /dev/null/inferredProject1* watcher already invoked: false
[06:26:00.298] DirectoryWatcher:: Added:: WatchInfo: /home/cosmic/myprojects/my_website/src/node_modules
[06:26:00.298] DirectoryWatcher:: Added:: WatchInfo: /home/cosmic/myprojects/my_website/src/node_modules 1 undefined Project: /dev/null/inferredProject1* watcher already invoked: false
[06:26:00.298] Elapsed:: 0.12090399954468012ms DirectoryWatcher:: Added:: WatchInfo: /home/cosmic/myprojects/my_website/src/node_modules 1 undefined Project: /dev/null/inferredProject1* watcher already invoked: false
[06:26:00.299] Sending response:
    {"projectName":"/dev/null/inferredProject1*","typeAcquisition":{"enable":true,"include":[],"exclude":[]},"compilerOptions":{"module":1,"target":3,"jsx":1,"allowJs":true,"allowSyntheticDefaultImports":true,"allowNonTsExtensions":true,"noEmitForJsFiles":true,"maxNodeModuleJsDepth":2},"typings":[],"unresolvedImports":[],"kind":"action::set"}
[06:26:00.299] Response has been sent.
[06:26:00.299] No new typings were requested as a result of typings discovery
[06:31:59.166] Got install request {"projectName":"/dev/null/inferredProject2*","fileNames":["/usr/local/lib/node_modules/typescript/lib/lib.es5.d.ts","/usr/local/lib/node_modules/typescript/lib/lib.es2015.d.ts","/usr/local/lib/node_modules/typescript/lib/lib.es2016.d.ts","/usr/local/lib/node_modules/typescript/lib/lib.dom.d.ts","/usr/local/lib/node_modules/typescript/lib/lib.dom.iterable.d.ts","/usr/local/lib/node_modules/typescript/lib/lib.webworker.importscripts.d.ts","/usr/local/lib/node_modules/typescript/lib/lib.scripthost.d.ts","/usr/local/lib/node_modules/typescript/lib/lib.es2015.core.d.ts","/usr/local/lib/node_modules/typescript/lib/lib.es2015.collection.d.ts","/usr/local/lib/node_modules/typescript/lib/lib.es2015.generator.d.ts","/usr/local/lib/node_modules/typescript/lib/lib.es2015.iterable.d.ts","/usr/local/lib/node_modules/typescript/lib/lib.es2015.promise.d.ts","/usr/local/lib/node_modules/typescript/lib/lib.es2015.proxy.d.ts","/usr/local/lib/node_modules/typescript/lib/lib.es2015.reflect.d.ts","/usr/local/lib/node_modules/typescript/lib/lib.es2015.symbol.d.ts","/usr/local/lib/node_modules/typescript/lib/lib.es2015.symbol.wellknown.d.ts","/usr/local/lib/node_modules/typescript/lib/lib.es2016.array.include.d.ts","/usr/local/lib/node_modules/typescript/lib/lib.es2016.full.d.ts","/home/cosmic/myprojects/my_website/src/components/blogcard/bob.js","/home/cosmic/myprojects/my_website/src/components/blogcard/bob2.js","/home/cosmic/myprojects/my_website/src/body/about.js","/home/cosmic/myprojects/my_website/src/body/body.js","/home/cosmic/myprojects/my_website/src/article_page/article_list.js","/home/cosmic/myprojects/my_website/src/components/cardbar/cardbar.js","/home/cosmic/myprojects/my_website/src/components/slidder/slidebar.js","/home/cosmic/myprojects/my_website/src/nav/menue.js","/home/cosmic/myprojects/my_website/src/nav/topbar.js","/home/cosmic/myprojects/my_website/src/root/bottom_bar.js","/home/cosmic/myprojects/my_website/src/projects_page/index.js","/home/cosmic/myprojects/my_website/src/App.js"],"compilerOptions":{"module":1,"target":3,"jsx":1,"allowJs":true,"allowSyntheticDefaultImports":true,"allowNonTsExtensions":true,"noEmitForJsFiles":true,"maxNodeModuleJsDepth":2},"typeAcquisition":{"enable":true,"include":[],"exclude":[]},"unresolvedImports":[],"projectRootPath":"/home/cosmic/myprojects/my_website/src","kind":"discover"}
[06:32:01.414] Explicitly included types: []
[06:32:02.330] Inferred typings from unresolved imports: []
[06:32:02.715] Result: {"cachedTypingPaths":[],"newTypingNames":[],"filesToWatch":["/home/cosmic/myprojects/my_website/src/components/blogcard/bower_components","/home/cosmic/myprojects/my_website/src/components/blogcard/node_modules","/home/cosmic/myprojects/my_website/src/body/bower_components","/home/cosmic/myprojects/my_website/src/body/node_modules","/home/cosmic/myprojects/my_website/src/article_page/bower_components","/home/cosmic/myprojects/my_website/src/article_page/node_modules","/home/cosmic/myprojects/my_website/src/components/cardbar/bower_components","/home/cosmic/myprojects/my_website/src/components/cardbar/node_modules","/home/cosmic/myprojects/my_website/src/components/slidder/bower_components","/home/cosmic/myprojects/my_website/src/components/slidder/node_modules","/home/cosmic/myprojects/my_website/src/nav/bower_components","/home/cosmic/myprojects/my_website/src/nav/node_modules","/home/cosmic/myprojects/my_website/src/root/bower_components","/home/cosmic/myprojects/my_website/src/root/node_modules","/home/cosmic/myprojects/my_website/src/projects_page/bower_components","/home/cosmic/myprojects/my_website/src/projects_page/node_modules","/home/cosmic/myprojects/my_website/src/bower_components","/home/cosmic/myprojects/my_website/src/node_modules"]}
[06:32:02.717] Finished typings discovery: {"cachedTypingPaths":[],"newTypingNames":[],"filesToWatch":["/home/cosmic/myprojects/my_website/src/components/blogcard/bower_components","/home/cosmic/myprojects/my_website/src/components/blogcard/node_modules","/home/cosmic/myprojects/my_website/src/body/bower_components","/home/cosmic/myprojects/my_website/src/body/node_modules","/home/cosmic/myprojects/my_website/src/article_page/bower_components","/home/cosmic/myprojects/my_website/src/article_page/node_modules","/home/cosmic/myprojects/my_website/src/components/cardbar/bower_components","/home/cosmic/myprojects/my_website/src/components/cardbar/node_modules","/home/cosmic/myprojects/my_website/src/components/slidder/bower_components","/home/cosmic/myprojects/my_website/src/components/slidder/node_modules","/home/cosmic/myprojects/my_website/src/nav/bower_components","/home/cosmic/myprojects/my_website/src/nav/node_modules","/home/cosmic/myprojects/my_website/src/root/bower_components","/home/cosmic/myprojects/my_website/src/root/node_modules","/home/cosmic/myprojects/my_website/src/projects_page/bower_components","/home/cosmic/myprojects/my_website/src/projects_page/node_modules","/home/cosmic/myprojects/my_website/src/bower_components","/home/cosmic/myprojects/my_website/src/node_modules"]}
[06:32:02.972] DirectoryWatcher:: Added:: WatchInfo: /home/cosmic/myprojects/my_website/src/components
[06:32:03.301] DirectoryWatcher:: Added:: WatchInfo: /home/cosmic/myprojects/my_website/src/components 1 undefined Project: /dev/null/inferredProject2* watcher already invoked: false
[06:32:07.011] Elapsed:: 3414.3861850006506ms DirectoryWatcher:: Added:: WatchInfo: /home/cosmic/myprojects/my_website/src/components 1 undefined Project: /dev/null/inferredProject2* watcher already invoked: false
[06:32:07.011] DirectoryWatcher:: Added:: WatchInfo: /home/cosmic/myprojects/my_website/src/body
[06:32:07.011] DirectoryWatcher:: Added:: WatchInfo: /home/cosmic/myprojects/my_website/src/body 1 undefined Project: /dev/null/inferredProject2* watcher already invoked: false
[06:32:07.150] Elapsed:: 137.51000500004739ms DirectoryWatcher:: Added:: WatchInfo: /home/cosmic/myprojects/my_website/src/body 1 undefined Project: /dev/null/inferredProject2* watcher already invoked: false
[06:32:07.151] DirectoryWatcher:: Added:: WatchInfo: /home/cosmic/myprojects/my_website/src/article_page
[06:32:07.151] DirectoryWatcher:: Added:: WatchInfo: /home/cosmic/myprojects/my_website/src/article_page 1 undefined Project: /dev/null/inferredProject2* watcher already invoked: false
[06:32:07.286] Elapsed:: 0.7949700001627207ms DirectoryWatcher:: Added:: WatchInfo: /home/cosmic/myprojects/my_website/src/article_page 1 undefined Project: /dev/null/inferredProject2* watcher already invoked: false
[06:32:07.286] DirectoryWatcher:: Added:: WatchInfo: /home/cosmic/myprojects/my_website/src/nav
[06:32:07.286] DirectoryWatcher:: Added:: WatchInfo: /home/cosmic/myprojects/my_website/src/nav 1 undefined Project: /dev/null/inferredProject2* watcher already invoked: false
[06:32:07.341] Elapsed:: 42.80595800001174ms DirectoryWatcher:: Added:: WatchInfo: /home/cosmic/myprojects/my_website/src/nav 1 undefined Project: /dev/null/inferredProject2* watcher already invoked: false
[06:32:07.341] DirectoryWatcher:: Added:: WatchInfo: /home/cosmic/myprojects/my_website/src/root
[06:32:07.341] DirectoryWatcher:: Added:: WatchInfo: /home/cosmic/myprojects/my_website/src/root 1 undefined Project: /dev/null/inferredProject2* watcher already invoked: false
[06:32:07.343] Elapsed:: 0.1694980002939701ms DirectoryWatcher:: Added:: WatchInfo: /home/cosmic/myprojects/my_website/src/root 1 undefined Project: /dev/null/inferredProject2* watcher already invoked: false
[06:32:07.343] DirectoryWatcher:: Added:: WatchInfo: /home/cosmic/myprojects/my_website/src/projects_page
[06:32:07.343] DirectoryWatcher:: Added:: WatchInfo: /home/cosmic/myprojects/my_website/src/projects_page 1 undefined Project: /dev/null/inferredProject2* watcher already invoked: false
[06:32:07.343] Elapsed:: 0.13137700036168098ms DirectoryWatcher:: Added:: WatchInfo: /home/cosmic/myprojects/my_website/src/projects_page 1 undefined Project: /dev/null/inferredProject2* watcher already invoked: false
[06:32:07.344] DirectoryWatcher:: Added:: WatchInfo: /home/cosmic/myprojects/my_website/src/bower_components
[06:32:07.374] DirectoryWatcher:: Added:: WatchInfo: /home/cosmic/myprojects/my_website/src/bower_components 1 undefined Project: /dev/null/inferredProject2* watcher already invoked: false
[06:32:07.374] Elapsed:: 0.042515999637544155ms DirectoryWatcher:: Added:: WatchInfo: /home/cosmic/myprojects/my_website/src/bower_components 1 undefined Project: /dev/null/inferredProject2* watcher already invoked: false
[06:32:07.375] DirectoryWatcher:: Added:: WatchInfo: /home/cosmic/myprojects/my_website/src/node_modules
[06:32:07.375] DirectoryWatcher:: Added:: WatchInfo: /home/cosmic/myprojects/my_website/src/node_modules 1 undefined Project: /dev/null/inferredProject2* watcher already invoked: false
[06:32:08.082] Elapsed:: 703.323158999905ms DirectoryWatcher:: Added:: WatchInfo: /home/cosmic/myprojects/my_website/src/node_modules 1 undefined Project: /dev/null/inferredProject2* watcher already invoked: false
[06:32:08.082] Sending response:
    {"projectName":"/dev/null/inferredProject2*","typeAcquisition":{"enable":true,"include":[],"exclude":[]},"compilerOptions":{"module":1,"target":3,"jsx":1,"allowJs":true,"allowSyntheticDefaultImports":true,"allowNonTsExtensions":true,"noEmitForJsFiles":true,"maxNodeModuleJsDepth":2},"typings":[],"unresolvedImports":[],"kind":"action::set"}
[06:32:08.268] Response has been sent.
[06:32:08.268] No new typings were requested as a result of typings discovery
